bpipe.Runner	[1]	INFO	|5:25:06 Starting 
bpipe.Runner	[1]	INFO	|5:25:06 OS: Linux (4.18.0-15-generic) Java: 11.0.13 Vendor: Ubuntu 
bpipe.Runner	[1]	INFO	|5:25:06 Initializing plugins ... 
bpipe.Config	[1]	INFO	|5:25:06 No plugins directory found: /home/renzt/rzt/fusion_gene/GFvoter-main/GFvoter_out_test/process_output_file/.bpipe/plugins 
bpipe.Runner	[1]	INFO	|5:25:06 Reading user config ...  
bpipe.Config	[1]	INFO	|5:25:06 No configuration file found in same dir as pipeline file /home/renzt/rzt/fusion_gene/GFvoter-main/JAFFA-version-2.3/bpipe.config 
bpipe.Config	[1]	INFO	|5:25:06 No local configuration file found 
bpipe.Utils	[32]	INFO	|5:25:07 Read config from /home/renzt/rzt/fusion_gene/GFvoter-main/JAFFA-version-2.3/tools/bpipe-0.9.9.2/bin/../bpipe.config executed in 0.213 seconds 
bpipe.Utils	[1]	INFO	|5:25:07 Read user config executed in 0.320 seconds 
bpipe.Runner	[1]	INFO	|5:25:07 Loading tool database ...  
bpipe.ToolDatabase	[33]	INFO	|5:25:07 Loading tool database from user configuration 
bpipe.Dependencies	[37]	INFO	|5:25:07 No cached output graph (outputGraph2.ser) available: will be computed from property files 
bpipe.NotificationManager	[36]	INFO	|5:25:07 Configuring notifications 
bpipe.Concurrency	[35]	INFO	|5:25:07 Creating thread pool with 64 threads to execute parallel pipelines 
bpipe.Tool	[33]	INFO	|5:25:07 Configured meta data about tool samtools 
bpipe.Tool	[33]	INFO	|5:25:07 Configured meta data about tool bwa 
bpipe.NotificationManager	[36]	INFO	|5:25:07 Trying class name file for notification channel file 
bpipe.Runner	[1]	INFO	|5:25:07 No CLI parameters specified 
bpipe.Tool	[33]	INFO	|5:25:07 Configured meta data about tool bowtie 
bpipe.Tool	[33]	INFO	|5:25:07 Configured meta data about tool fastqc 
bpipe.Tool	[33]	INFO	|5:25:07 Configured meta data about tool coverageBed 
bpipe.Tool	[33]	INFO	|5:25:07 Configured meta data about tool fastx_clipper 
bpipe.Tool	[33]	INFO	|5:25:07 Configured meta data about tool convert2annovar.pl 
bpipe.Tool	[33]	INFO	|5:25:07 Configured meta data about tool summarize_annovar.pl 
bpipe.Tool	[33]	INFO	|5:25:07 Configured meta data about tool bowtie2 
bpipe.Tool	[33]	INFO	|5:25:07 Configured meta data about tool GenomeAnalysisTK 
bpipe.Tool	[33]	INFO	|5:25:07 Configured meta data about tool MarkDuplicates 
bpipe.Tool	[33]	INFO	|5:25:07 Configured meta data about tool signalp 
bpipe.Tool	[33]	INFO	|5:25:07 Configured meta data about tool variant_effect_predictor.pl 
bpipe.Tool	[33]	INFO	|5:25:07 Configured meta data about tool igvtools 
bpipe.Tool	[33]	INFO	|5:25:07 Configured meta data about tool ls 
bpipe.NotificationManager	[36]	INFO	|5:25:07 Unable to create notification channel using class file: java.lang.ClassNotFoundException: file 
bpipe.NotificationManager	[36]	INFO	|5:25:07 Trying class name bpipe.FILENotificationChannel for notification channel file 
bpipe.NotificationManager	[36]	INFO	|5:25:07 Unable to create notification channel using class bpipe.FILENotificationChannel: java.lang.ClassNotFoundException: bpipe.FILENotificationChannel 
bpipe.NotificationManager	[36]	INFO	|5:25:07 Trying class name bpipe.file for notification channel file 
bpipe.NotificationManager	[36]	INFO	|5:25:07 Unable to create notification channel using class bpipe.file: java.lang.ClassNotFoundException: bpipe.file 
bpipe.NotificationManager	[36]	INFO	|5:25:07 Trying class name bpipe.FileNotificationChannel for notification channel file 
bpipe.NotificationManager	[36]	INFO	|5:25:07 Successfully created notification channel using class bpipe.FileNotificationChannel 
bpipe.Runner	[1]	INFO	|5:25:07 Parsing script ...  
bpipe.Runner	[1]	INFO	|5:25:07 Run ...  
bpipe.Pipeline	[1]	INFO	|5:25:07 Evaluating library file /home/renzt/rzt/fusion_gene/GFvoter-main/JAFFA-version-2.3/JAFFA_stages.groovy 
bpipe.Pipeline	[1]	INFO	|5:25:07 Evaluating library file /home/renzt/rzt/fusion_gene/GFvoter-main/JAFFA-version-2.3/tools.groovy 
bpipe.PipelineCategory	[1]	INFO	|5:25:07 Found closure variable run_check 
bpipe.PipelineCategory	[1]	INFO	|5:25:07 Found closure variable prepare_reads 
bpipe.PipelineCategory	[1]	INFO	|5:25:07 Found closure variable cat_reads 
bpipe.PipelineCategory	[1]	INFO	|5:25:07 Found closure variable get_unmapped 
bpipe.PipelineCategory	[1]	INFO	|5:25:07 Found closure variable get_assembly_unmapped 
bpipe.PipelineCategory	[1]	INFO	|5:25:07 Found closure variable run_assembly 
bpipe.PipelineCategory	[1]	INFO	|5:25:07 Found closure variable align_transcripts_to_annotation 
bpipe.PipelineCategory	[1]	INFO	|5:25:07 Found closure variable align_reads_to_annotation 
bpipe.PipelineCategory	[1]	INFO	|5:25:07 Found closure variable filter_transcripts 
bpipe.PipelineCategory	[1]	INFO	|5:25:07 Found closure variable extract_fusion_sequences 
bpipe.PipelineCategory	[1]	INFO	|5:25:07 Found closure variable map_reads 
bpipe.PipelineCategory	[1]	INFO	|5:25:07 Found closure variable get_spanning_reads 
bpipe.PipelineCategory	[1]	INFO	|5:25:07 Found closure variable make_simple_reads_table 
bpipe.PipelineCategory	[1]	INFO	|5:25:07 Found closure variable make_fasta_reads_table 
bpipe.PipelineCategory	[1]	INFO	|5:25:07 Found closure variable merge_assembly_and_unmapped_reads_candidates 
bpipe.PipelineCategory	[1]	INFO	|5:25:07 Found closure variable align_transcripts_to_genome 
bpipe.PipelineCategory	[1]	INFO	|5:25:07 Found closure variable get_final_list 
bpipe.PipelineCategory	[1]	INFO	|5:25:07 Found closure variable compile_all_results 
bpipe.PipelineCategory	[1]	INFO	|5:25:07 Found closure variable run_check 
bpipe.PipelineCategory	[1]	INFO	|5:25:07 Found closure variable prepare_reads 
bpipe.PipelineCategory	[1]	INFO	|5:25:07 Found closure variable cat_reads 
bpipe.PipelineCategory	[1]	INFO	|5:25:07 Found closure variable get_unmapped 
bpipe.PipelineCategory	[1]	INFO	|5:25:07 Found closure variable get_assembly_unmapped 
bpipe.PipelineCategory	[1]	INFO	|5:25:07 Found closure variable run_assembly 
bpipe.PipelineCategory	[1]	INFO	|5:25:07 Found closure variable align_transcripts_to_annotation 
bpipe.PipelineCategory	[1]	INFO	|5:25:07 Found closure variable align_reads_to_annotation 
bpipe.PipelineCategory	[1]	INFO	|5:25:07 Found closure variable filter_transcripts 
bpipe.PipelineCategory	[1]	INFO	|5:25:07 Found closure variable extract_fusion_sequences 
bpipe.PipelineCategory	[1]	INFO	|5:25:07 Found closure variable map_reads 
bpipe.PipelineCategory	[1]	INFO	|5:25:07 Found closure variable get_spanning_reads 
bpipe.PipelineCategory	[1]	INFO	|5:25:07 Found closure variable make_simple_reads_table 
bpipe.PipelineCategory	[1]	INFO	|5:25:07 Found closure variable make_fasta_reads_table 
bpipe.PipelineCategory	[1]	INFO	|5:25:07 Found closure variable merge_assembly_and_unmapped_reads_candidates 
bpipe.PipelineCategory	[1]	INFO	|5:25:07 Found closure variable align_transcripts_to_genome 
bpipe.PipelineCategory	[1]	INFO	|5:25:07 Found closure variable get_final_list 
bpipe.PipelineCategory	[1]	INFO	|5:25:07 Found closure variable compile_all_results 
bpipe.PipelineCategory	[1]	INFO	|5:25:07 Found closure variable get_fasta 
bpipe.PipelineCategory	[1]	INFO	|5:25:07 Found closure variable minimap2_transcriptome 
bpipe.PipelineCategory	[1]	INFO	|5:25:07 Found closure variable minimap2_genome 
bpipe.PipelineCategory	[1]	INFO	|5:25:07 Found closure variable report_3_gene_fusions 
bpipe.Pipeline	[1]	WARNING	|5:25:07 Pipeline folder /home/renzt/bpipes could not be found 
bpipe.Pipeline	[1]	INFO	|5:25:07 Skip loading /home/renzt/rzt/fusion_gene/GFvoter-main/JAFFA-version-2.3/tools.groovy (already loaded) 
bpipe.Pipeline	[1]	INFO	|5:25:07 Skip loading /home/renzt/rzt/fusion_gene/GFvoter-main/JAFFA-version-2.3/JAFFA_stages.groovy (already loaded) 
bpipe.Pipeline	[1]	INFO	|5:25:07 Running with input [/home/renzt/rzt/fusion_gene/GFvoter-main/testdata.fastq.gz] 
bpipe.PipelineCategory	[1]	INFO	|5:25:07 Found closure variable run_check 
bpipe.PipelineCategory	[1]	INFO	|5:25:07 Found closure variable prepare_reads 
bpipe.PipelineCategory	[1]	INFO	|5:25:07 Found closure variable cat_reads 
bpipe.PipelineCategory	[1]	INFO	|5:25:07 Found closure variable get_unmapped 
bpipe.PipelineCategory	[1]	INFO	|5:25:07 Found closure variable get_assembly_unmapped 
bpipe.PipelineCategory	[1]	INFO	|5:25:07 Found closure variable run_assembly 
bpipe.PipelineCategory	[1]	INFO	|5:25:07 Found closure variable align_transcripts_to_annotation 
bpipe.PipelineCategory	[1]	INFO	|5:25:07 Found closure variable align_reads_to_annotation 
bpipe.PipelineCategory	[1]	INFO	|5:25:07 Found closure variable filter_transcripts 
bpipe.PipelineCategory	[1]	INFO	|5:25:07 Found closure variable extract_fusion_sequences 
bpipe.PipelineCategory	[1]	INFO	|5:25:07 Found closure variable map_reads 
bpipe.PipelineCategory	[1]	INFO	|5:25:07 Found closure variable get_spanning_reads 
bpipe.PipelineCategory	[1]	INFO	|5:25:07 Found closure variable make_simple_reads_table 
bpipe.PipelineCategory	[1]	INFO	|5:25:07 Found closure variable make_fasta_reads_table 
bpipe.PipelineCategory	[1]	INFO	|5:25:07 Found closure variable merge_assembly_and_unmapped_reads_candidates 
bpipe.PipelineCategory	[1]	INFO	|5:25:07 Found closure variable align_transcripts_to_genome 
bpipe.PipelineCategory	[1]	INFO	|5:25:07 Found closure variable get_final_list 
bpipe.PipelineCategory	[1]	INFO	|5:25:07 Found closure variable compile_all_results 
bpipe.PipelineCategory	[1]	INFO	|5:25:07 Found closure variable get_fasta 
bpipe.PipelineCategory	[1]	INFO	|5:25:07 Found closure variable minimap2_transcriptome 
bpipe.PipelineCategory	[1]	INFO	|5:25:07 Found closure variable minimap2_genome 
bpipe.PipelineCategory	[1]	INFO	|5:25:07 Found closure variable report_3_gene_fusions 
bpipe.PipelineCategory	[1]	INFO	|5:25:07 Found closure variable common_steps 
bpipe.Pipeline	[1]	WARNING	|5:25:07 Pipeline folder /home/renzt/bpipes could not be found 
bpipe.Pipeline	[1]	INFO	|5:25:07 Loaded external reference: args 
bpipe.Pipeline	[1]	INFO	|5:25:07 External reference args is overridden by local reference 
bpipe.Pipeline	[1]	INFO	|5:25:07 Loaded external reference: codeBase 
bpipe.Pipeline	[1]	INFO	|5:25:07 External reference codeBase is overridden by local reference 
bpipe.Pipeline	[1]	INFO	|5:25:07 Loaded external reference: VERSION 
bpipe.Pipeline	[1]	INFO	|5:25:07 External reference VERSION is overridden by local reference 
bpipe.Pipeline	[1]	INFO	|5:25:07 Loaded external reference: bpipe 
bpipe.Pipeline	[1]	INFO	|5:25:07 External reference bpipe is overridden by local reference 
bpipe.Pipeline	[1]	INFO	|5:25:07 Loaded external reference: velveth 
bpipe.Pipeline	[1]	INFO	|5:25:07 External reference velveth is overridden by local reference 
bpipe.Pipeline	[1]	INFO	|5:25:07 Loaded external reference: velvetg 
bpipe.Pipeline	[1]	INFO	|5:25:07 External reference velvetg is overridden by local reference 
bpipe.Pipeline	[1]	INFO	|5:25:07 Loaded external reference: oases 
bpipe.Pipeline	[1]	INFO	|5:25:07 External reference oases is overridden by local reference 
bpipe.Pipeline	[1]	INFO	|5:25:07 Loaded external reference: trimmomatic 
bpipe.Pipeline	[1]	INFO	|5:25:07 External reference trimmomatic is overridden by local reference 
bpipe.Pipeline	[1]	INFO	|5:25:07 Loaded external reference: samtools 
bpipe.Pipeline	[1]	INFO	|5:25:07 External reference samtools is overridden by local reference 
bpipe.Pipeline	[1]	INFO	|5:25:07 Loaded external reference: bowtie2 
bpipe.Pipeline	[1]	INFO	|5:25:07 External reference bowtie2 is overridden by local reference 
bpipe.Pipeline	[1]	INFO	|5:25:07 Loaded external reference: bowtie2_build 
bpipe.Pipeline	[1]	INFO	|5:25:07 External reference bowtie2_build is overridden by local reference 
bpipe.Pipeline	[1]	INFO	|5:25:07 Loaded external reference: blat 
bpipe.Pipeline	[1]	INFO	|5:25:07 External reference blat is overridden by local reference 
bpipe.Pipeline	[1]	INFO	|5:25:07 Loaded external reference: dedupe 
bpipe.Pipeline	[1]	INFO	|5:25:07 External reference dedupe is overridden by local reference 
bpipe.Pipeline	[1]	INFO	|5:25:07 Loaded external reference: reformat 
bpipe.Pipeline	[1]	INFO	|5:25:07 External reference reformat is overridden by local reference 
bpipe.Pipeline	[1]	INFO	|5:25:07 Loaded external reference: extract_seq_from_fasta 
bpipe.Pipeline	[1]	INFO	|5:25:07 External reference extract_seq_from_fasta is overridden by local reference 
bpipe.Pipeline	[1]	INFO	|5:25:07 Loaded external reference: make_simple_read_table 
bpipe.Pipeline	[1]	INFO	|5:25:07 External reference make_simple_read_table is overridden by local reference 
bpipe.Pipeline	[1]	INFO	|5:25:07 Loaded external reference: blastn 
bpipe.Pipeline	[1]	INFO	|5:25:07 External reference blastn is overridden by local reference 
bpipe.Pipeline	[1]	INFO	|5:25:07 Loaded external reference: minimap2 
bpipe.Pipeline	[1]	INFO	|5:25:07 External reference minimap2 is overridden by local reference 
bpipe.Pipeline	[1]	INFO	|5:25:07 Loaded external reference: process_transcriptome_align_table 
bpipe.Pipeline	[1]	INFO	|5:25:07 External reference process_transcriptome_align_table is overridden by local reference 
bpipe.Pipeline	[1]	INFO	|5:25:07 Loaded external reference: make_3_gene_fusion_table 
bpipe.Pipeline	[1]	INFO	|5:25:07 External reference make_3_gene_fusion_table is overridden by local reference 
bpipe.Pipeline	[1]	INFO	|5:25:07 Loaded external reference: R 
bpipe.Pipeline	[1]	INFO	|5:25:07 External reference R is overridden by local reference 
bpipe.Pipeline	[1]	INFO	|5:25:07 Loaded external reference: refBase 
bpipe.Pipeline	[1]	INFO	|5:25:07 External reference refBase is overridden by local reference 
bpipe.Pipeline	[1]	INFO	|5:25:07 Loaded external reference: fastaBase 
bpipe.Pipeline	[1]	INFO	|5:25:07 External reference fastaBase is overridden by local reference 
bpipe.Pipeline	[1]	INFO	|5:25:07 Loaded external reference: maskedBase 
bpipe.Pipeline	[1]	INFO	|5:25:07 External reference maskedBase is overridden by local reference 
bpipe.Pipeline	[1]	INFO	|5:25:07 Loaded external reference: transBase 
bpipe.Pipeline	[1]	INFO	|5:25:07 External reference transBase is overridden by local reference 
bpipe.Pipeline	[1]	INFO	|5:25:07 Loaded external reference: readLayout 
bpipe.Pipeline	[1]	INFO	|5:25:07 External reference readLayout is overridden by local reference 
bpipe.Pipeline	[1]	INFO	|5:25:07 Loaded external reference: genome 
bpipe.Pipeline	[1]	INFO	|5:25:07 External reference genome is overridden by local reference 
bpipe.Pipeline	[1]	INFO	|5:25:07 Loaded external reference: annotation 
bpipe.Pipeline	[1]	INFO	|5:25:07 External reference annotation is overridden by local reference 
bpipe.Pipeline	[1]	INFO	|5:25:07 Loaded external reference: genomeFasta 
bpipe.Pipeline	[1]	INFO	|5:25:07 External reference genomeFasta is overridden by local reference 
bpipe.Pipeline	[1]	INFO	|5:25:07 Loaded external reference: fastqInputFormat 
bpipe.Pipeline	[1]	INFO	|5:25:07 External reference fastqInputFormat is overridden by local reference 
bpipe.Pipeline	[1]	INFO	|5:25:07 Loaded external reference: fastaSuffix 
bpipe.Pipeline	[1]	INFO	|5:25:07 External reference fastaSuffix is overridden by local reference 
bpipe.Pipeline	[1]	INFO	|5:25:07 Loaded external reference: fastaInputFormat 
bpipe.Pipeline	[1]	INFO	|5:25:07 External reference fastaInputFormat is overridden by local reference 
bpipe.Pipeline	[1]	INFO	|5:25:07 Loaded external reference: outputName 
bpipe.Pipeline	[1]	INFO	|5:25:07 External reference outputName is overridden by local reference 
bpipe.Pipeline	[1]	INFO	|5:25:07 Loaded external reference: jaffa_output 
bpipe.Pipeline	[1]	INFO	|5:25:07 External reference jaffa_output is overridden by local reference 
bpipe.Pipeline	[1]	INFO	|5:25:07 Loaded external reference: scores 
bpipe.Pipeline	[1]	INFO	|5:25:07 External reference scores is overridden by local reference 
bpipe.Pipeline	[1]	INFO	|5:25:07 Loaded external reference: minlen 
bpipe.Pipeline	[1]	INFO	|5:25:07 External reference minlen is overridden by local reference 
bpipe.Pipeline	[1]	INFO	|5:25:07 Loaded external reference: minQScore 
bpipe.Pipeline	[1]	INFO	|5:25:07 External reference minQScore is overridden by local reference 
bpipe.Pipeline	[1]	INFO	|5:25:07 Loaded external reference: Ks 
bpipe.Pipeline	[1]	INFO	|5:25:07 External reference Ks is overridden by local reference 
bpipe.Pipeline	[1]	INFO	|5:25:07 Loaded external reference: Kmerge 
bpipe.Pipeline	[1]	INFO	|5:25:07 External reference Kmerge is overridden by local reference 
bpipe.Pipeline	[1]	INFO	|5:25:07 Loaded external reference: transLength 
bpipe.Pipeline	[1]	INFO	|5:25:07 External reference transLength is overridden by local reference 
bpipe.Pipeline	[1]	INFO	|5:25:07 Loaded external reference: blast_options 
bpipe.Pipeline	[1]	INFO	|5:25:07 External reference blast_options is overridden by local reference 
bpipe.Pipeline	[1]	INFO	|5:25:07 Loaded external reference: blat_options 
bpipe.Pipeline	[1]	INFO	|5:25:07 External reference blat_options is overridden by local reference 
bpipe.Pipeline	[1]	INFO	|5:25:07 Loaded external reference: gapSize 
bpipe.Pipeline	[1]	INFO	|5:25:07 External reference gapSize is overridden by local reference 
bpipe.Pipeline	[1]	INFO	|5:25:07 Loaded external reference: finalGapSize 
bpipe.Pipeline	[1]	INFO	|5:25:07 External reference finalGapSize is overridden by local reference 
bpipe.Pipeline	[1]	INFO	|5:25:07 Loaded external reference: exclude 
bpipe.Pipeline	[1]	INFO	|5:25:07 External reference exclude is overridden by local reference 
bpipe.Pipeline	[1]	INFO	|5:25:07 Loaded external reference: reassign_dist 
bpipe.Pipeline	[1]	INFO	|5:25:07 External reference reassign_dist is overridden by local reference 
bpipe.Pipeline	[1]	INFO	|5:25:07 Loaded external reference: mapParams 
bpipe.Pipeline	[1]	INFO	|5:25:07 External reference mapParams is overridden by local reference 
bpipe.Pipeline	[1]	INFO	|5:25:07 Loaded external reference: overHang 
bpipe.Pipeline	[1]	INFO	|5:25:07 External reference overHang is overridden by local reference 
bpipe.Pipeline	[1]	INFO	|5:25:07 Loaded external reference: blast_out_fmt 
bpipe.Pipeline	[1]	INFO	|5:25:07 External reference blast_out_fmt is overridden by local reference 
bpipe.Pipeline	[1]	INFO	|5:25:07 Loaded external reference: maskedGenome 
bpipe.Pipeline	[1]	INFO	|5:25:07 External reference maskedGenome is overridden by local reference 
bpipe.Pipeline	[1]	INFO	|5:25:07 Loaded external reference: transFasta 
bpipe.Pipeline	[1]	INFO	|5:25:07 External reference transFasta is overridden by local reference 
bpipe.Pipeline	[1]	INFO	|5:25:07 Loaded external reference: transTable 
bpipe.Pipeline	[1]	INFO	|5:25:07 External reference transTable is overridden by local reference 
bpipe.Pipeline	[1]	INFO	|5:25:07 Loaded external reference: knownTable 
bpipe.Pipeline	[1]	INFO	|5:25:07 External reference knownTable is overridden by local reference 
bpipe.Pipeline	[1]	INFO	|5:25:07 Loaded external reference: R_get_final_list 
bpipe.Pipeline	[1]	INFO	|5:25:07 External reference R_get_final_list is overridden by local reference 
bpipe.Pipeline	[1]	INFO	|5:25:07 Loaded external reference: R_get_spanning_reads_script 
bpipe.Pipeline	[1]	INFO	|5:25:07 External reference R_get_spanning_reads_script is overridden by local reference 
bpipe.Pipeline	[1]	INFO	|5:25:07 Loaded external reference: R_compile_results_script 
bpipe.Pipeline	[1]	INFO	|5:25:07 External reference R_compile_results_script is overridden by local reference 
bpipe.Pipeline	[1]	INFO	|5:25:07 Loaded external reference: oases_assembly_script 
bpipe.Pipeline	[1]	INFO	|5:25:07 External reference oases_assembly_script is overridden by local reference 
bpipe.Pipeline	[1]	INFO	|5:25:07 Loaded external reference: get_fusion_seqs 
bpipe.Pipeline	[1]	INFO	|5:25:07 External reference get_fusion_seqs is overridden by local reference 
bpipe.Pipeline	[1]	INFO	|5:25:07 Loaded external reference: run_check 
bpipe.Pipeline	[1]	INFO	|5:25:07 External reference run_check is overridden by local reference 
bpipe.Pipeline	[1]	INFO	|5:25:07 Loaded external reference: prepare_reads 
bpipe.Pipeline	[1]	INFO	|5:25:07 External reference prepare_reads is overridden by local reference 
bpipe.Pipeline	[1]	INFO	|5:25:07 Loaded external reference: cat_reads 
bpipe.Pipeline	[1]	INFO	|5:25:07 External reference cat_reads is overridden by local reference 
bpipe.Pipeline	[1]	INFO	|5:25:07 Loaded external reference: get_unmapped 
bpipe.Pipeline	[1]	INFO	|5:25:07 External reference get_unmapped is overridden by local reference 
bpipe.Pipeline	[1]	INFO	|5:25:07 Loaded external reference: get_assembly_unmapped 
bpipe.Pipeline	[1]	INFO	|5:25:07 External reference get_assembly_unmapped is overridden by local reference 
bpipe.Pipeline	[1]	INFO	|5:25:07 Loaded external reference: run_assembly 
bpipe.Pipeline	[1]	INFO	|5:25:07 External reference run_assembly is overridden by local reference 
bpipe.Pipeline	[1]	INFO	|5:25:07 Loaded external reference: align_transcripts_to_annotation 
bpipe.Pipeline	[1]	INFO	|5:25:07 External reference align_transcripts_to_annotation is overridden by local reference 
bpipe.Pipeline	[1]	INFO	|5:25:07 Loaded external reference: align_reads_to_annotation 
bpipe.Pipeline	[1]	INFO	|5:25:07 External reference align_reads_to_annotation is overridden by local reference 
bpipe.Pipeline	[1]	INFO	|5:25:07 Loaded external reference: filter_transcripts 
bpipe.Pipeline	[1]	INFO	|5:25:07 External reference filter_transcripts is overridden by local reference 
bpipe.Pipeline	[1]	INFO	|5:25:07 Loaded external reference: extract_fusion_sequences 
bpipe.Pipeline	[1]	INFO	|5:25:07 External reference extract_fusion_sequences is overridden by local reference 
bpipe.Pipeline	[1]	INFO	|5:25:07 Loaded external reference: map_reads 
bpipe.Pipeline	[1]	INFO	|5:25:07 External reference map_reads is overridden by local reference 
bpipe.Pipeline	[1]	INFO	|5:25:07 Loaded external reference: get_spanning_reads 
bpipe.Pipeline	[1]	INFO	|5:25:07 External reference get_spanning_reads is overridden by local reference 
bpipe.Pipeline	[1]	INFO	|5:25:07 Loaded external reference: make_simple_reads_table 
bpipe.Pipeline	[1]	INFO	|5:25:07 External reference make_simple_reads_table is overridden by local reference 
bpipe.Pipeline	[1]	INFO	|5:25:07 Loaded external reference: make_fasta_reads_table 
bpipe.Pipeline	[1]	INFO	|5:25:07 External reference make_fasta_reads_table is overridden by local reference 
bpipe.Pipeline	[1]	INFO	|5:25:07 Loaded external reference: merge_assembly_and_unmapped_reads_candidates 
bpipe.Pipeline	[1]	INFO	|5:25:07 External reference merge_assembly_and_unmapped_reads_candidates is overridden by local reference 
bpipe.Pipeline	[1]	INFO	|5:25:07 Loaded external reference: align_transcripts_to_genome 
bpipe.Pipeline	[1]	INFO	|5:25:07 External reference align_transcripts_to_genome is overridden by local reference 
bpipe.Pipeline	[1]	INFO	|5:25:07 Loaded external reference: get_final_list 
bpipe.Pipeline	[1]	INFO	|5:25:07 External reference get_final_list is overridden by local reference 
bpipe.Pipeline	[1]	INFO	|5:25:07 Loaded external reference: compile_all_results 
bpipe.Pipeline	[1]	INFO	|5:25:07 External reference compile_all_results is overridden by local reference 
bpipe.Pipeline	[1]	INFO	|5:25:07 Loaded external reference: get_fasta 
bpipe.Pipeline	[1]	INFO	|5:25:07 External reference get_fasta is overridden by local reference 
bpipe.Pipeline	[1]	INFO	|5:25:07 Loaded external reference: minimap2_transcriptome 
bpipe.Pipeline	[1]	INFO	|5:25:07 External reference minimap2_transcriptome is overridden by local reference 
bpipe.Pipeline	[1]	INFO	|5:25:07 Loaded external reference: minimap2_genome 
bpipe.Pipeline	[1]	INFO	|5:25:07 External reference minimap2_genome is overridden by local reference 
bpipe.Pipeline	[1]	INFO	|5:25:07 Loaded external reference: report_3_gene_fusions 
bpipe.Pipeline	[1]	INFO	|5:25:07 External reference report_3_gene_fusions is overridden by local reference 
bpipe.Pipeline	[1]	INFO	|5:25:07 Loaded external reference: common_steps 
bpipe.Pipeline	[1]	INFO	|5:25:07 External reference common_steps is overridden by local reference 
bpipe.InputSplitter	[1]	INFO	|5:25:07 Found * pattern at [], hash at [] and % at [0] 
bpipe.InputSplitter	[1]	INFO	|5:25:07 Sorted: [0] 
bpipe.InputSplitter	[1]	INFO	|5:25:07 % groups are at [0] 
bpipe.InputSplitter	[1]	INFO	|5:25:07 Result is [pattern:([^/]*?)\.gz, splits:[0]] 
bpipe.PipelineCategory	[1]	INFO	|5:25:07 Joiners for pipeline 500885941 = [bpipe.PipelineCategory$_plus_closure3@427b5f92, bpipe.PipelineCategory$_plus_closure3@24bdb479, bpipe.PipelineCategory$_plus_closure3@7e3f95fe, bpipe.PipelineCategory$_plus_closure3@34625ccd, bpipe.PipelineCategory$_plus_closure3@2c7d121c, bpipe.PipelineCategory$_plus_closure3@3dddefd8, bpipe.PipelineCategory$_plus_closure3@427b5f92, bpipe.PipelineCategory$_plus_closure3@24bdb479, bpipe.PipelineCategory$_plus_closure3@7e3f95fe, bpipe.PipelineCategory$_plus_closure3@34625ccd, bpipe.PipelineCategory$_plus_closure3@2c7d121c, bpipe.PipelineCategory$_plus_closure3@3dddefd8, bpipe.PipelineCategory$_plus_closure3@65aa6596] 
bpipe.Pipeline	[1]	INFO	|5:25:07 Running segment with inputs /home/renzt/rzt/fusion_gene/GFvoter-main/testdata.fastq.gz 
bpipe.Dependencies	[1]	INFO	|5:25:07 Checking input (s) /home/renzt/rzt/fusion_gene/GFvoter-main/testdata.fastq.gz 
bpipe.OutputMetaData	[38]	INFO	|5:25:07 Reading property file .bpipe/outputs/run_check.checks.properties 
bpipe.Utils	[1]	INFO	|5:25:07 Output folder scan (concurrency=5) executed in 0.023 seconds 
bpipe.Utils	[1]	INFO	|5:25:07 Calculate unique inputs executed in 0 
bpipe.Dependencies	[1]	INFO	|5:25:07 There are 1 output groups 
bpipe.Dependencies	[1]	INFO	|5:25:07 Subtracting 1 remaining outputs from 1 total outputs 
bpipe.Utils	[1]	INFO	|5:25:07 Calculate unique inputs executed in 0 
bpipe.Dependencies	[1]	INFO	|5:25:07 There are 0 output groups 
bpipe.Dependencies	[1]	INFO	|5:25:07 Subtracting 0 remaining outputs from 0 total outputs 
bpipe.Dependencies	[1]	INFO	|5:25:07 ====Finished Output Graph===== 
bpipe.Dependencies	[1]	INFO	|5:25:07 There are 0 remaining outputs 
bpipe.Dependencies	[1]	INFO	|5:25:07 ------ checks / entry 1395262169 ------- 
bpipe.Dependencies	[1]	INFO	|5:25:07 checks is newer than input files 
bpipe.Dependencies	[1]	INFO	|5:25:07 ====Finished Output Graph===== 
bpipe.Utils	[1]	INFO	|5:25:07 Index output graph executed in 0 
bpipe.Dependencies	[1]	INFO	|5:25:07  Checking file /home/renzt/rzt/fusion_gene/GFvoter-main/testdata.fastq.gz 
bpipe.PipelineDelegate	[1]	INFO	|5:25:07 Setting or creating a delegate for context 2048102341 body 932885627/java.lang.Class in thread 1 
bpipe.PipelineDelegate	[1]	INFO	|5:25:07 Created new delegate bpipe.PipelineDelegate@7cc586a8 overriding type java.lang.Class in thread 1 
bpipe.Dependencies	[1]	INFO	|5:25:07 Checking input (s) /home/renzt/rzt/fusion_gene/GFvoter-main/testdata.fastq.gz 
bpipe.Dependencies	[1]	INFO	|5:25:07  Checking file /home/renzt/rzt/fusion_gene/GFvoter-main/testdata.fastq.gz 
bpipe.OutputDirectoryWatcher	[39]	INFO	|5:25:07 Using high sensitivity file watcher for . 
bpipe.PipelineDelegate	[1]	INFO	|5:25:07 Setting or creating a delegate for context 288919635 body 1572442646/java.lang.Class in thread 1 
bpipe.PipelineDelegate	[1]	INFO	|5:25:07 Created new delegate bpipe.PipelineDelegate@3ec11999 overriding type java.lang.Class in thread 1 
bpipe.Dependencies	[1]	INFO	|5:25:07 Checking input (s) /home/renzt/rzt/fusion_gene/GFvoter-main/testdata.fastq.gz 
bpipe.Dependencies	[1]	INFO	|5:25:07  Checking file /home/renzt/rzt/fusion_gene/GFvoter-main/testdata.fastq.gz 
bpipe.OutputDirectoryWatcher	[39]	INFO	|5:25:07 Initialising watcher for . with 11 paths} 
bpipe.PipelineStage	[1]	INFO	|5:25:07 Stage run_check : INPUT=/home/renzt/rzt/fusion_gene/GFvoter-main/testdata.fastq.gz OUTPUT=testdata.fastq.gz.run_check 
bpipe.PipelineDelegate	[1]	INFO	|5:25:07 Setting or creating a delegate for context 164439551 body 641882263/JAFFA_stages_bpipe in thread 1 
bpipe.PipelineDelegate	[1]	INFO	|5:25:07 Created new delegate bpipe.PipelineDelegate@27e0f2f5 overriding type JAFFA_stages_bpipe in thread 1 
bpipe.PipelineContext	[1]	INFO	|5:25:07 Producing [checks] from bpipe.PipelineContext@9cd25ff 
bpipe.OutputDirectoryWatcher	[39]	INFO	|5:25:07 Path commandlog.txt was updated / created 
bpipe.PipelineDelegate	[1]	INFO	|5:25:07 Setting or creating a delegate for context 164439551 body 1890287843/JAFFA_stages_bpipe$_run_closure1 in thread 1 
bpipe.PipelineDelegate	[1]	INFO	|5:25:07 Created new delegate bpipe.PipelineDelegate@544630b7 overriding type JAFFA_stages_bpipe$_run_closure1 in thread 1 
bpipe.PipelineContext	[1]	INFO	|5:25:07 Probing command using inputs /home/renzt/rzt/fusion_gene/GFvoter-main/testdata.fastq.gz 
bpipe.PipelineContext	[1]	INFO	|5:25:07 Using previously set output: [checks] 
bpipe.PipelineContext	[1]	INFO	|5:25:07 Tracking outputs referenced=[[]] inferred=[[checks]] for command 
            echo "Running JAFFA version 2.4_dev" ;
            echo "Checking for required data files..." ;
            for i in /home/renzt/rzt/fusion_gene/GFvoter-main/JAFFA-version-2.3/hg38_genCode22.fa /home/renzt/rzt/fusion_gene/GFvoter-main/JAFFA-version-2.3/hg38_genCode22.tab /home/renzt/rzt/fusion_gene/GFvoter-main/JAFFA-version-2.3/known_fusions.txt /home/renzt/rzt/fusion_gene/GFvoter-main/JAFFA-version-2.3/hg38.fa /home/renzt/rzt/fusion_gene/GFvoter-main/JAFFA-version-2.3/Masked_hg38.1.bt2 /home/renzt/rzt/fusion_gene/GFvoter-main/JAFFA-version-2.3/hg38_genCode22.1.bt2 ; 
                 do ls $i 2>/dev/null || { echo "CAN'T FIND $i..." ; 
            echo "PLEASE DOWNLOAD and/or FIX PATH... STOPPING NOW" ; exit 1  ; } ; done ;
            echo "All looking good" ;
            echo "running JAFFA version 2.4_dev.. checks passed" > checks 
         
bpipe.Command	[1]	INFO	|5:25:07 Checking for configuration for command checks 
bpipe.Command	[1]	INFO	|5:25:07 Default command properties: [max_per_command_threads:16, executor:local] 
bpipe.PipelineContext	[1]	INFO	|5:25:07 Checking actual resolved inputs [] 
bpipe.PipelineContext	[1]	INFO	|5:25:07 Skip check dependencies due to probe mode 
bpipe.PipelineContext	[1]	INFO	|5:25:07 Skip command start for echo "Running JAFFA version 2.4_dev" ;             echo "Checking for required data files..." ;             for i in /home/renzt/rzt/fusion_gene/GFvoter-main/JAFFA-version-2.3/hg38_genCode22.fa /home/renzt/rzt/fusion_gene/GFvoter-main/JAFFA-version-2.3/hg38_genCode22.tab /home/renzt/rzt/fusion_gene/GFvoter-main/JAFFA-version-2.3/known_fusions.txt /home/renzt/rzt/fusion_gene/GFvoter-main/JAFFA-version-2.3/hg38.fa /home/renzt/rzt/fusion_gene/GFvoter-main/JAFFA-version-2.3/Masked_hg38.1.bt2 /home/renzt/rzt/fusion_gene/GFvoter-main/JAFFA-version-2.3/hg38_genCode22.1.bt2 ;                   do ls $i 2>/dev/null || { echo "CAN'T FIND $i..." ;              echo "PLEASE DOWNLOAD and/or FIX PATH... STOPPING NOW" ; exit 1  ; } ; done ;             echo "All looking good" ;             echo "running JAFFA version 2.4_dev.. checks passed" > checks due to probe mode 
bpipe.PipelineContext	[1]	INFO	|5:25:07 Finished probe 
bpipe.Utils	[1]	INFO	|5:25:07 ===== Check checks ===== 
bpipe.Utils	[1]	INFO	|5:25:07 Output newer than all inputs (quick check) 
bpipe.Utils	[1]	INFO	|5:25:07 ===== Check checks ===== 
bpipe.Utils	[1]	INFO	|5:25:07 Output newer than all inputs (quick check) 
bpipe.Dependencies	[1]	INFO	|5:25:07 No missing / older files from inputs: [checks, checks] are up to date 
bpipe.PipelineContext	[1]	INFO	|5:25:07 Skipping produce body 
bpipe.PipelineContext	[1]	INFO	|5:25:07 Adding outputs [checks] as a result of produce 
bpipe.PipelineStage	[1]	INFO	|5:25:07 Stage run_check returned null as default inputs for next stage 
bpipe.PipelineStage	[1]	INFO	|5:25:07 Inferring nextInputs from explicit output as [checks] 
bpipe.PipelineStage	[1]	INFO	|5:25:07 Setting next inputs [checks] on stage 727497138, context 164439551 in thread 1 
bpipe.PipelineStage	[1]	INFO	|5:25:07 Files modified since 1737019507807 in run_check are [:] 
bpipe.PipelineStage	[1]	INFO	|5:25:07 Checking files: [checks] 
bpipe.Dependencies	[1]	INFO	|5:25:07 Checking output (s) [checks] 
bpipe.Dependencies	[1]	INFO	|5:25:07  Checking file checks 
bpipe.PipelineCategory	[1]	INFO	|5:25:07 Checking that outputs [checks] exist 
bpipe.Dependencies	[1]	INFO	|5:25:07 Checking input (s) [checks] 
bpipe.Dependencies	[1]	INFO	|5:25:07  Checking file checks 
bpipe.PipelineCategory	[1]	INFO	|5:25:07 Next inputs from stage = [checks] 
bpipe.PipelineCategory	[1]	INFO	|5:25:07 Checking inputs for next stage:  [checks] 
bpipe.Dependencies	[1]	INFO	|5:25:07 Checking input (s) [checks] 
bpipe.Dependencies	[1]	INFO	|5:25:07  Checking file checks 
bpipe.Dependencies	[1]	INFO	|5:25:07 Checking input (s) [checks] 
bpipe.Dependencies	[1]	INFO	|5:25:07  Checking file checks 
bpipe.PipelineDelegate	[1]	INFO	|5:25:07 Setting or creating a delegate for context 1834031967 body 1092619788/java.lang.Class in thread 1 
bpipe.PipelineDelegate	[1]	INFO	|5:25:07 Created new delegate bpipe.PipelineDelegate@2ad3a1bb overriding type java.lang.Class in thread 1 
bpipe.PipelineCategory	[1]	INFO	|5:25:07 multiply on input [checks] with pattern %.gz 
bpipe.InputSplitter	[1]	INFO	|5:25:07 Found * pattern at [], hash at [] and % at [0] 
bpipe.InputSplitter	[1]	INFO	|5:25:07 Sorted: [0] 
bpipe.InputSplitter	[1]	INFO	|5:25:07 % groups are at [0] 
bpipe.InputSplitter	[1]	INFO	|5:25:07 Result is [pattern:([^/]*?)\.gz, splits:[0]] 
bpipe.PipelineCategory	[1]	INFO	|5:25:07 Checking input split match on [checks] 
bpipe.InputSplitter	[1]	INFO	|5:25:07 Found * pattern at [], hash at [] and % at [0] 
bpipe.InputSplitter	[1]	INFO	|5:25:07 Sorted: [0] 
bpipe.InputSplitter	[1]	INFO	|5:25:07 % groups are at [0] 
bpipe.InputSplitter	[1]	INFO	|5:25:07 Result is [pattern:([^/]*?)\.gz, splits:[0]] 
bpipe.PipelineCategory	[1]	INFO	|5:25:07 Checking input split match on /home/renzt/rzt/fusion_gene/GFvoter-main/testdata.fastq.gz 
bpipe.InputSplitter	[1]	INFO	|5:25:07 Found * pattern at [], hash at [] and % at [0] 
bpipe.InputSplitter	[1]	INFO	|5:25:07 Sorted: [0] 
bpipe.InputSplitter	[1]	INFO	|5:25:07 % groups are at [0] 
bpipe.InputSplitter	[1]	INFO	|5:25:07 Result is [pattern:([^/]*?)\.gz, splits:[0]] 
bpipe.PipelineCategory	[1]	INFO	|5:25:07 Found input split match for pattern %.gz on /home/renzt/rzt/fusion_gene/GFvoter-main/testdata.fastq.gz 
bpipe.PipelineCategory	[1]	INFO	|5:25:07 Created pipeline stage 878598679 for parallel block 
bpipe.PipelineCategory	[1]	INFO	|5:25:07 Processing segment 1705665942 
bpipe.PipelineCategory	[1]	INFO	|5:25:07 Creating pipeline to run parallel segment testdata.fastq with files [/home/renzt/rzt/fusion_gene/GFvoter-main/testdata.fastq.gz]. Branch filter = [] 
bpipe.Concurrency	[1]	INFO	|5:25:07 Register resource requestor bpipe.Pipeline@329a1243 
bpipe.Concurrency	[1]	INFO	|5:25:07 Waiting for 1 parallel stages to complete (pool.active=1 pool.tasks=1) 
bpipe.PipelineContext	[41]	INFO	|5:25:07 Setting output [/home/renzt/rzt/fusion_gene/GFvoter-main/testdata.fastq.gz] on context 1571896490 in thread 41 
bpipe.PipelineContext	[41]	INFO	|5:25:07 Using previously set output: [/home/renzt/rzt/fusion_gene/GFvoter-main/testdata.fastq.gz] 
bpipe.PipelineCategory	[41]	INFO	|5:25:07 Adding dummy prior stage for thread 41 with outputs : /home/renzt/rzt/fusion_gene/GFvoter-main/testdata.fastq.gz 
bpipe.Pipeline	[41]	INFO	|5:25:07 Running segment with inputs [/home/renzt/rzt/fusion_gene/GFvoter-main/testdata.fastq.gz] 
bpipe.Dependencies	[41]	INFO	|5:25:07 Checking input (s) [/home/renzt/rzt/fusion_gene/GFvoter-main/testdata.fastq.gz] 
bpipe.Dependencies	[41]	INFO	|5:25:07  Checking file /home/renzt/rzt/fusion_gene/GFvoter-main/testdata.fastq.gz 
bpipe.PipelineDelegate	[41]	INFO	|5:25:07 Setting or creating a delegate for context 1545099598 body 1705665942/java.lang.Class in thread 41 
bpipe.PipelineDelegate	[41]	INFO	|5:25:07 Created new delegate bpipe.PipelineDelegate@223e5205 overriding type java.lang.Class in thread 41 
bpipe.Dependencies	[41]	INFO	|5:25:07 Checking input (s) [/home/renzt/rzt/fusion_gene/GFvoter-main/testdata.fastq.gz] 
bpipe.Dependencies	[41]	INFO	|5:25:07  Checking file /home/renzt/rzt/fusion_gene/GFvoter-main/testdata.fastq.gz 
bpipe.PipelineStage	[41]	INFO	|5:25:07 Stage get_fasta (testdata) : INPUT=[/home/renzt/rzt/fusion_gene/GFvoter-main/testdata.fastq.gz] OUTPUT=testdata.fastq.gz.get_fasta 
bpipe.PipelineDelegate	[41]	INFO	|5:25:07 Setting or creating a delegate for context 404687288 body 1170788511/script17370195073761653772785 in thread 41 
bpipe.PipelineDelegate	[41]	INFO	|5:25:07 Created new delegate bpipe.PipelineDelegate@5d75230e overriding type script17370195073761653772785 in thread 41 
bpipe.OutputDirectoryWatcher	[39]	INFO	|5:25:07 Path commandlog.txt was updated / created 
bpipe.PipelineContext	[41]	INFO	|5:25:07 No inputs resolved by input wrappers: outputs based on default testdata.fastq.gz.get_fasta 
bpipe.PipelineContext	[41]	INFO	|5:25:07 Output set to testdata.fastq (new default output = testdata.fastq/testdata.fastq.gz.get_fasta) 
bpipe.OutputDirectoryWatcher	[42]	INFO	|5:25:07 Using high sensitivity file watcher for testdata.fastq 
bpipe.PipelineContext	[41]	INFO	|5:25:07 Producing [testdata.fastq.fasta] from bpipe.PipelineContext@181f09b8 
bpipe.OutputDirectoryWatcher	[42]	INFO	|5:25:07 Initialising watcher for testdata.fastq with 1 paths} 
bpipe.PipelineDelegate	[41]	INFO	|5:25:07 Setting or creating a delegate for context 404687288 body 248137421/script17370195073761653772785$_run_closure1 in thread 41 
bpipe.PipelineDelegate	[41]	INFO	|5:25:07 Created new delegate bpipe.PipelineDelegate@31d3170b overriding type script17370195073761653772785$_run_closure1 in thread 41 
bpipe.PipelineContext	[41]	INFO	|5:25:07 Probing command using inputs [/home/renzt/rzt/fusion_gene/GFvoter-main/testdata.fastq.gz] 
bpipe.PipelineContext	[41]	INFO	|5:25:07 Using previously set output: [testdata.fastq/testdata.fastq.fasta] 
bpipe.PipelineContext	[41]	INFO	|5:25:07 Computing threads based on parallel branch count of 1 
bpipe.PipelineContext	[41]	INFO	|5:25:07 Using only 32 instead of configured 192 because the configured value exceeds the number of available cores 
bpipe.PipelineContext	[41]	INFO	|5:25:07 Tracking outputs referenced=[[]] inferred=[[testdata.fastq/testdata.fastq.fasta]] for command /home/renzt/rzt/fusion_gene/GFvoter-main/JAFFA-version-2.3/tools/bin/reformat ignorebadquality=t in=/home/renzt/rzt/fusion_gene/GFvoter-main/testdata.fastq.gz out=testdata.fastq/testdata.fastq.fasta threads=__bpipe_lazy_resource_threads__ ; 
bpipe.Command	[41]	INFO	|5:25:07 Checking for configuration for command /home/renzt/rzt/fusion_gene/GFvoter-main/JAFFA-version-2.3/tools/bin/reformat 
bpipe.Command	[41]	INFO	|5:25:07 Default command properties: [max_per_command_threads:16, executor:local] 
bpipe.PipelineContext	[41]	INFO	|5:25:07 Checking actual resolved inputs [/home/renzt/rzt/fusion_gene/GFvoter-main/testdata.fastq.gz] 
bpipe.PipelineContext	[41]	INFO	|5:25:07 Skip check dependencies due to probe mode 
bpipe.PipelineContext	[41]	INFO	|5:25:07 Skip command start for /home/renzt/rzt/fusion_gene/GFvoter-main/JAFFA-version-2.3/tools/bin/reformat ignorebadquality=t in=/home/renzt/rzt/fusion_gene/GFvoter-main/testdata.fastq.gz out=testdata.fastq/testdata.fastq.fasta threads=__bpipe_lazy_resource_threads__ ; due to probe mode 
bpipe.PipelineContext	[41]	INFO	|5:25:07 Finished probe 
bpipe.Utils	[41]	INFO	|5:25:07 ===== Check testdata.fastq/testdata.fastq.fasta ===== 
bpipe.Utils	[41]	INFO	|5:25:07 Output newer than all inputs (quick check) 
bpipe.Utils	[41]	INFO	|5:25:07 ===== Check testdata.fastq/testdata.fastq.fasta ===== 
bpipe.Utils	[41]	INFO	|5:25:07 Output newer than all inputs (quick check) 
bpipe.Dependencies	[41]	INFO	|5:25:07 No missing / older files from inputs: [testdata.fastq/testdata.fastq.fasta, testdata.fastq/testdata.fastq.fasta] are up to date 
bpipe.PipelineContext	[41]	INFO	|5:25:07 Skipping produce body 
bpipe.PipelineContext	[41]	INFO	|5:25:07 Adding outputs [testdata.fastq/testdata.fastq.fasta] as a result of produce 
bpipe.PipelineStage	[41]	INFO	|5:25:07 Stage get_fasta (testdata) returned null as default inputs for next stage 
bpipe.PipelineStage	[41]	INFO	|5:25:07 Inferring nextInputs from explicit output as [testdata.fastq/testdata.fastq.fasta] 
bpipe.PipelineStage	[41]	INFO	|5:25:07 Setting next inputs [testdata.fastq/testdata.fastq.fasta] on stage 591818543, context 404687288 in thread 41 
bpipe.PipelineStage	[41]	INFO	|5:25:07 Files modified since 1737019507898 in get_fasta are [:] 
bpipe.PipelineStage	[41]	INFO	|5:25:07 Checking files: [testdata.fastq/testdata.fastq.fasta] 
bpipe.Dependencies	[41]	INFO	|5:25:07 Checking output (s) [testdata.fastq/testdata.fastq.fasta] 
bpipe.Dependencies	[41]	INFO	|5:25:07  Checking file testdata.fastq/testdata.fastq.fasta 
bpipe.PipelineCategory	[41]	INFO	|5:25:07 Checking that outputs [testdata.fastq/testdata.fastq.fasta] exist 
bpipe.Dependencies	[41]	INFO	|5:25:07 Checking input (s) [testdata.fastq/testdata.fastq.fasta] 
bpipe.Dependencies	[41]	INFO	|5:25:07  Checking file testdata.fastq/testdata.fastq.fasta 
bpipe.PipelineCategory	[41]	INFO	|5:25:07 Next inputs from stage = [testdata.fastq/testdata.fastq.fasta] 
bpipe.PipelineCategory	[41]	INFO	|5:25:07 Checking inputs for next stage:  [testdata.fastq/testdata.fastq.fasta] 
bpipe.Dependencies	[41]	INFO	|5:25:07 Checking input (s) [testdata.fastq/testdata.fastq.fasta] 
bpipe.Dependencies	[41]	INFO	|5:25:07  Checking file testdata.fastq/testdata.fastq.fasta 
bpipe.Dependencies	[41]	INFO	|5:25:07 Checking input (s) [testdata.fastq/testdata.fastq.fasta] 
bpipe.Dependencies	[41]	INFO	|5:25:07  Checking file testdata.fastq/testdata.fastq.fasta 
bpipe.PipelineDelegate	[41]	INFO	|5:25:07 Setting or creating a delegate for context 643361944 body 1037955032/java.lang.Class in thread 41 
bpipe.PipelineDelegate	[41]	INFO	|5:25:07 Created new delegate bpipe.PipelineDelegate@a8cfec4 overriding type java.lang.Class in thread 41 
bpipe.Dependencies	[41]	INFO	|5:25:07 Checking input (s) [testdata.fastq/testdata.fastq.fasta] 
bpipe.Dependencies	[41]	INFO	|5:25:07  Checking file testdata.fastq/testdata.fastq.fasta 
bpipe.PipelineDelegate	[41]	INFO	|5:25:07 Setting or creating a delegate for context 1442992179 body 746394140/java.lang.Class in thread 41 
bpipe.PipelineDelegate	[41]	INFO	|5:25:07 Created new delegate bpipe.PipelineDelegate@50694355 overriding type java.lang.Class in thread 41 
bpipe.Dependencies	[41]	INFO	|5:25:07 Checking input (s) [testdata.fastq/testdata.fastq.fasta] 
bpipe.Dependencies	[41]	INFO	|5:25:07  Checking file testdata.fastq/testdata.fastq.fasta 
bpipe.PipelineDelegate	[41]	INFO	|5:25:07 Setting or creating a delegate for context 1146471867 body 878861517/java.lang.Class in thread 41 
bpipe.PipelineDelegate	[41]	INFO	|5:25:07 Created new delegate bpipe.PipelineDelegate@5ebc458f overriding type java.lang.Class in thread 41 
bpipe.Dependencies	[41]	INFO	|5:25:07 Checking input (s) [testdata.fastq/testdata.fastq.fasta] 
bpipe.Dependencies	[41]	INFO	|5:25:07  Checking file testdata.fastq/testdata.fastq.fasta 
bpipe.PipelineDelegate	[41]	INFO	|5:25:07 Setting or creating a delegate for context 1200086209 body 2118096382/java.lang.Class in thread 41 
bpipe.PipelineDelegate	[41]	INFO	|5:25:07 Created new delegate bpipe.PipelineDelegate@5a6287fa overriding type java.lang.Class in thread 41 
bpipe.Dependencies	[41]	INFO	|5:25:07 Checking input (s) [testdata.fastq/testdata.fastq.fasta] 
bpipe.Dependencies	[41]	INFO	|5:25:07  Checking file testdata.fastq/testdata.fastq.fasta 
bpipe.PipelineDelegate	[41]	INFO	|5:25:07 Setting or creating a delegate for context 132204876 body 616412281/java.lang.Class in thread 41 
bpipe.PipelineDelegate	[41]	INFO	|5:25:07 Created new delegate bpipe.PipelineDelegate@5a7785c4 overriding type java.lang.Class in thread 41 
bpipe.Dependencies	[41]	INFO	|5:25:07 Checking input (s) [testdata.fastq/testdata.fastq.fasta] 
bpipe.Dependencies	[41]	INFO	|5:25:07  Checking file testdata.fastq/testdata.fastq.fasta 
bpipe.PipelineDelegate	[41]	INFO	|5:25:07 Setting or creating a delegate for context 1701657825 body 1115381650/java.lang.Class in thread 41 
bpipe.PipelineDelegate	[41]	INFO	|5:25:07 Created new delegate bpipe.PipelineDelegate@49f32091 overriding type java.lang.Class in thread 41 
bpipe.Dependencies	[41]	INFO	|5:25:07 Checking input (s) [testdata.fastq/testdata.fastq.fasta] 
bpipe.Dependencies	[41]	INFO	|5:25:07  Checking file testdata.fastq/testdata.fastq.fasta 
bpipe.PipelineStage	[41]	INFO	|5:25:07 Stage minimap2_transcriptome (testdata) : INPUT=[testdata.fastq/testdata.fastq.fasta] OUTPUT=testdata.fastq.fasta.minimap2_transcriptome 
bpipe.OutputDirectoryWatcher	[39]	INFO	|5:25:07 Path commandlog.txt was updated / created 
bpipe.PipelineDelegate	[41]	INFO	|5:25:07 Setting or creating a delegate for context 615473849 body 1400973979/script17370195073761653772785 in thread 41 
bpipe.PipelineDelegate	[41]	INFO	|5:25:07 Created new delegate bpipe.PipelineDelegate@4b6e2914 overriding type script17370195073761653772785 in thread 41 
bpipe.PipelineContext	[41]	INFO	|5:25:07 No inputs resolved by input wrappers: outputs based on default testdata.fastq.fasta.minimap2_transcriptome 
bpipe.PipelineContext	[41]	INFO	|5:25:07 Output set to testdata.fastq (new default output = testdata.fastq/testdata.fastq.fasta.minimap2_transcriptome) 
bpipe.PipelineContext	[41]	INFO	|5:25:07 Producing [testdata.fastq.paf] from bpipe.PipelineContext@24af62b9 
bpipe.PipelineDelegate	[41]	INFO	|5:25:07 Setting or creating a delegate for context 615473849 body 49252862/script17370195073761653772785$_run_closure2 in thread 41 
bpipe.PipelineDelegate	[41]	INFO	|5:25:07 Created new delegate bpipe.PipelineDelegate@118a93e4 overriding type script17370195073761653772785$_run_closure2 in thread 41 
bpipe.PipelineContext	[41]	INFO	|5:25:07 Probing command using inputs [testdata.fastq/testdata.fastq.fasta] 
bpipe.PipelineContext	[41]	INFO	|5:25:07 Computing threads based on parallel branch count of 1 
bpipe.PipelineContext	[41]	INFO	|5:25:07 Using only 32 instead of configured 192 because the configured value exceeds the number of available cores 
bpipe.PipelineDelegate	[41]	INFO	|5:25:07 Output 1 reference resolved by PipelineDelegate 
bpipe.PipelineContext	[41]	INFO	|5:25:07 Using previously set output: [testdata.fastq/testdata.fastq.paf] 
bpipe.PipelineContext	[41]	INFO	|5:25:07 Query for output 0 base result = testdata.fastq/testdata.fastq.paf 
bpipe.PipelineContext	[41]	INFO	|5:25:07 Tracking outputs referenced=[[]] inferred=[[testdata.fastq/testdata.fastq.paf]] for command 
           /home/renzt/rzt/fusion_gene/GFvoter-main/JAFFA-version-2.3/tools/bin/minimap2 -t __bpipe_lazy_resource_threads__ -x map-ont -c /home/renzt/rzt/fusion_gene/GFvoter-main/JAFFA-version-2.3/hg38_genCode22.fa testdata.fastq/testdata.fastq.fasta > testdata.fastq/testdata.fastq.paf ;
         
bpipe.Command	[41]	INFO	|5:25:07 Checking for configuration for command /home/renzt/rzt/fusion_gene/GFvoter-main/JAFFA-version-2.3/tools/bin/minimap2 
bpipe.Command	[41]	INFO	|5:25:07 Default command properties: [max_per_command_threads:16, executor:local] 
bpipe.PipelineContext	[41]	INFO	|5:25:07 Checking actual resolved inputs [testdata.fastq/testdata.fastq.fasta] 
bpipe.PipelineContext	[41]	INFO	|5:25:07 Skip check dependencies due to probe mode 
bpipe.PipelineContext	[41]	INFO	|5:25:07 Skip command start for /home/renzt/rzt/fusion_gene/GFvoter-main/JAFFA-version-2.3/tools/bin/minimap2 -t __bpipe_lazy_resource_threads__ -x map-ont -c /home/renzt/rzt/fusion_gene/GFvoter-main/JAFFA-version-2.3/hg38_genCode22.fa testdata.fastq/testdata.fastq.fasta > testdata.fastq/testdata.fastq.paf ; due to probe mode 
bpipe.PipelineContext	[41]	INFO	|5:25:07 Finished probe 
bpipe.Utils	[41]	INFO	|5:25:07 ===== Check testdata.fastq/testdata.fastq.paf ===== 
bpipe.Utils	[41]	INFO	|5:25:07 file doesn't exist: testdata.fastq/testdata.fastq.paf 
bpipe.Utils	[41]	INFO	|5:25:07 ===== Check testdata.fastq/testdata.fastq.paf ===== 
bpipe.Utils	[41]	INFO	|5:25:07 file doesn't exist: testdata.fastq/testdata.fastq.paf 
bpipe.Dependencies	[41]	INFO	|5:25:07 Found these missing / older files: [testdata.fastq/testdata.fastq.paf, testdata.fastq/testdata.fastq.paf] 
bpipe.Dependencies	[41]	INFO	|5:25:07 Output properties file is not available for /home/renzt/rzt/fusion_gene/GFvoter-main/GFvoter_out_test/process_output_file/testdata.fastq/testdata.fastq.paf: assume NOT cleaned up 
bpipe.Dependencies	[41]	INFO	|5:25:07 Output properties file is not available for /home/renzt/rzt/fusion_gene/GFvoter-main/GFvoter_out_test/process_output_file/testdata.fastq/testdata.fastq.paf: assume NOT cleaned up 
bpipe.Dependencies	[41]	INFO	|5:25:07 Some files are outdated : [/home/renzt/rzt/fusion_gene/GFvoter-main/GFvoter_out_test/process_output_file/testdata.fastq/testdata.fastq.paf, /home/renzt/rzt/fusion_gene/GFvoter-main/GFvoter_out_test/process_output_file/testdata.fastq/testdata.fastq.paf] 
bpipe.PipelineContext	[41]	INFO	|5:25:07 Not up to date because input inferred by probe of body newer than outputs 
bpipe.PipelineDelegate	[41]	INFO	|5:25:07 Setting or creating a delegate for context 615473849 body 49252862/bpipe.PipelineDelegate in thread 41 
bpipe.PipelineDelegate	[41]	INFO	|5:25:07 Existing delegate bpipe.PipelineDelegate@118a93e4 has type bpipe.PipelineDelegate in thread 41. Setting new context 615473849 
bpipe.PipelineContext	[41]	INFO	|5:25:07 Producing from inputs [testdata.fastq/testdata.fastq.fasta] 
bpipe.PipelineContext	[41]	INFO	|5:25:07 Computing threads based on parallel branch count of 1 
bpipe.PipelineContext	[41]	INFO	|5:25:07 Using only 32 instead of configured 192 because the configured value exceeds the number of available cores 
bpipe.PipelineDelegate	[41]	INFO	|5:25:07 Output 1 reference resolved by PipelineDelegate 
bpipe.PipelineContext	[41]	INFO	|5:25:07 Using previously set output: [testdata.fastq/testdata.fastq.paf] 
bpipe.PipelineContext	[41]	INFO	|5:25:07 Query for output 0 base result = testdata.fastq/testdata.fastq.paf 
bpipe.PipelineContext	[41]	INFO	|5:25:07 Tracking outputs referenced=[[]] inferred=[[testdata.fastq/testdata.fastq.paf]] for command 
           /home/renzt/rzt/fusion_gene/GFvoter-main/JAFFA-version-2.3/tools/bin/minimap2 -t __bpipe_lazy_resource_threads__ -x map-ont -c /home/renzt/rzt/fusion_gene/GFvoter-main/JAFFA-version-2.3/hg38_genCode22.fa testdata.fastq/testdata.fastq.fasta > testdata.fastq/testdata.fastq.paf ;
         
bpipe.Command	[41]	INFO	|5:25:07 Checking for configuration for command /home/renzt/rzt/fusion_gene/GFvoter-main/JAFFA-version-2.3/tools/bin/minimap2 
bpipe.Command	[41]	INFO	|5:25:07 Default command properties: [max_per_command_threads:16, executor:local] 
bpipe.PipelineContext	[41]	INFO	|5:25:07 Checking actual resolved inputs [testdata.fastq/testdata.fastq.fasta] 
bpipe.Utils	[41]	INFO	|5:25:07 ===== Check testdata.fastq/testdata.fastq.paf ===== 
bpipe.Utils	[41]	INFO	|5:25:07 file doesn't exist: testdata.fastq/testdata.fastq.paf 
bpipe.Utils	[41]	INFO	|5:25:07 ===== Check testdata.fastq/testdata.fastq.paf ===== 
bpipe.Utils	[41]	INFO	|5:25:07 file doesn't exist: testdata.fastq/testdata.fastq.paf 
bpipe.Dependencies	[41]	INFO	|5:25:07 Found these missing / older files: [testdata.fastq/testdata.fastq.paf, testdata.fastq/testdata.fastq.paf] 
bpipe.Dependencies	[41]	INFO	|5:25:07 Output properties file is not available for /home/renzt/rzt/fusion_gene/GFvoter-main/GFvoter_out_test/process_output_file/testdata.fastq/testdata.fastq.paf: assume NOT cleaned up 
bpipe.Dependencies	[41]	INFO	|5:25:07 Output properties file is not available for /home/renzt/rzt/fusion_gene/GFvoter-main/GFvoter_out_test/process_output_file/testdata.fastq/testdata.fastq.paf: assume NOT cleaned up 
bpipe.Dependencies	[41]	INFO	|5:25:07 Some files are outdated : [/home/renzt/rzt/fusion_gene/GFvoter-main/GFvoter_out_test/process_output_file/testdata.fastq/testdata.fastq.paf, /home/renzt/rzt/fusion_gene/GFvoter-main/GFvoter_out_test/process_output_file/testdata.fastq/testdata.fastq.paf] 
bpipe.CommandManager	[41]	INFO	|5:25:07 Using config [max_per_command_threads:16, executor:local] for command 
bpipe.CommandManager	[41]	INFO	|5:25:07 Created bpipe command id 6 
bpipe.Concurrency	[41]	INFO	|5:25:07 Thread Thread-8 requesting for -1 concurrency permit(s) type threads with 32 available 
bpipe.Concurrency	[41]	INFO	|5:25:07 There are 1 registered bidders with 1 currently bidding, will distribute resources at 1 
bpipe.Concurrency	[41]	INFO	|5:25:07 Taking over resource allocation because requested/bidders = 1 / 1 
bpipe.Concurrency	[41]	INFO	|5:25:07 First pass allocations are [1] 
bpipe.Concurrency	[41]	INFO	|5:25:07 Dividing up 31 free resource permits among 1 requestors = 31 
bpipe.Concurrency	[41]	INFO	|5:25:07 31 is too much for requestor 0: allocating 15  
bpipe.Concurrency	[41]	INFO	|5:25:07 Thread Thread-8 allocated 16 threads resources after 14 ms 
bpipe.Concurrency	[41]	INFO	|5:25:07 Thread Thread-8 acquired resource threads in amount 16 
bpipe.Command	[44]	INFO	|5:25:08 Command 6 changing state from null to RUNNING 
bpipe.OutputDirectoryWatcher	[42]	INFO	|5:25:08 File testdata.fastq.paf was created in directory testdata.fastq 
bpipe.OutputDirectoryWatcher	[42]	INFO	|5:25:08 Path testdata.fastq.paf was updated / created 
bpipe.executor.ThrottledDelegatingCommandExecutor	[41]	INFO	|5:25:08 Waiting for command to complete before releasing 1 resources 
bpipe.OutputDirectoryWatcher	[39]	INFO	|5:25:08 Path commandlog.txt was updated / created 
bpipe.Concurrency	[1]	INFO	|5:25:13 Waiting for 1 parallel stages to complete (pool.active=1 pool.tasks=1) 
bpipe.executor.ThrottledDelegatingCommandExecutor	[41]	INFO	|5:25:14 Releasing 1 resources 
bpipe.Concurrency	[41]	INFO	|5:25:14 Thread Thread-8 releasing 16 threads 
bpipe.executor.ThrottledDelegatingCommandExecutor	[41]	INFO	|5:25:14 Released 1 resources 
bpipe.PipelineContext	[41]	INFO	|5:25:14 Adding outputs [testdata.fastq/testdata.fastq.paf] as a result of produce 
bpipe.PipelineStage	[41]	INFO	|5:25:14 Stage minimap2_transcriptome (testdata) returned null as default inputs for next stage 
bpipe.PipelineStage	[41]	INFO	|5:25:14 Inferring nextInputs from explicit output as [testdata.fastq/testdata.fastq.paf] 
bpipe.PipelineStage	[41]	INFO	|5:25:14 Setting next inputs [testdata.fastq/testdata.fastq.paf] on stage 197456233, context 615473849 in thread 41 
bpipe.PipelineStage	[41]	INFO	|5:25:14 Files modified since 1737019507934 in minimap2_transcriptome are [testdata.fastq.paf:1737019508027] 
bpipe.Dependencies	[41]	INFO	|5:25:14 Context 615473849 for stage minimap2_transcriptome has resolved inputs [testdata.fastq/testdata.fastq.fasta] 
bpipe.OutputMetaData	[41]	INFO	|5:25:14 Saving output file details to file .bpipe/outputs/minimap2_transcriptome.testdata.fastq_testdata.fastq.paf.properties for command /home/renzt/rzt/fusi... 
bpipe.Dependencies	[41]	INFO	|5:25:14 Adding file testdata.fastq/testdata.fastq.paf to output graph 
bpipe.Utils	[41]	INFO	|5:25:14 Calculate unique inputs executed in 0 
bpipe.Dependencies	[41]	INFO	|5:25:14 New entry for testdata.fastq/testdata.fastq.paf 
bpipe.Dependencies	[41]	INFO	|5:25:14 Dependency testdata.fastq/testdata.fastq.fasta for testdata.fastq/testdata.fastq.paf is external root input 
bpipe.Dependencies	[41]	INFO	|5:25:14 Maxtimestamp for testdata.fastq/testdata.fastq.paf = 0 
bpipe.Dependencies	[41]	INFO	|5:25:14 There are 1 output groups 
bpipe.Dependencies	[41]	INFO	|5:25:14 Subtracting 1 remaining outputs from 1 total outputs 
bpipe.Utils	[41]	INFO	|5:25:14 Calculate unique inputs executed in 0 
bpipe.Dependencies	[41]	INFO	|5:25:14 There are 0 output groups 
bpipe.Dependencies	[41]	INFO	|5:25:14 Subtracting 0 remaining outputs from 0 total outputs 
bpipe.Dependencies	[41]	INFO	|5:25:14 ====Finished Output Graph===== 
bpipe.Dependencies	[41]	INFO	|5:25:14 There are 0 remaining outputs 
bpipe.PipelineStage	[41]	INFO	|5:25:14 Checking files: [testdata.fastq/testdata.fastq.paf] 
bpipe.Dependencies	[41]	INFO	|5:25:14 Checking output (s) [testdata.fastq/testdata.fastq.paf] 
bpipe.Dependencies	[41]	INFO	|5:25:14  Checking file testdata.fastq/testdata.fastq.paf 
bpipe.PipelineCategory	[41]	INFO	|5:25:14 Checking that outputs [testdata.fastq/testdata.fastq.paf] exist 
bpipe.Dependencies	[41]	INFO	|5:25:14 Checking input (s) [testdata.fastq/testdata.fastq.paf] 
bpipe.Dependencies	[41]	INFO	|5:25:14  Checking file testdata.fastq/testdata.fastq.paf 
bpipe.PipelineCategory	[41]	INFO	|5:25:14 Next inputs from stage = [testdata.fastq/testdata.fastq.paf] 
bpipe.PipelineCategory	[41]	INFO	|5:25:14 Checking inputs for next stage:  [testdata.fastq/testdata.fastq.paf] 
bpipe.Dependencies	[41]	INFO	|5:25:14 Checking input (s) [testdata.fastq/testdata.fastq.paf] 
bpipe.Dependencies	[41]	INFO	|5:25:14  Checking file testdata.fastq/testdata.fastq.paf 
bpipe.Dependencies	[41]	INFO	|5:25:14 Checking input (s) [testdata.fastq/testdata.fastq.paf] 
bpipe.Dependencies	[41]	INFO	|5:25:14  Checking file testdata.fastq/testdata.fastq.paf 
bpipe.PipelineStage	[41]	INFO	|5:25:14 Stage filter_transcripts (testdata) : INPUT=[testdata.fastq/testdata.fastq.paf] OUTPUT=testdata.fastq.paf.filter_transcripts 
bpipe.OutputDirectoryWatcher	[39]	INFO	|5:25:14 Path commandlog.txt was updated / created 
bpipe.PipelineDelegate	[41]	INFO	|5:25:14 Setting or creating a delegate for context 1306510098 body 1157943921/JAFFA_stages_bpipe in thread 41 
bpipe.PipelineDelegate	[41]	INFO	|5:25:14 Created new delegate bpipe.PipelineDelegate@58806ff5 overriding type JAFFA_stages_bpipe in thread 41 
bpipe.PipelineContext	[41]	INFO	|5:25:14 No inputs resolved by input wrappers: outputs based on default testdata.fastq.paf.filter_transcripts 
bpipe.PipelineContext	[41]	INFO	|5:25:14 Output set to testdata.fastq (new default output = testdata.fastq/testdata.fastq.paf.filter_transcripts) 
bpipe.PipelineContext	[41]	INFO	|5:25:14 Producing [testdata.fastq/testdata.fastq.txt] from bpipe.PipelineContext@4ddfc312 
bpipe.PipelineDelegate	[41]	INFO	|5:25:14 Setting or creating a delegate for context 1306510098 body 1926424569/JAFFA_stages_bpipe$_run_closure9 in thread 41 
bpipe.PipelineDelegate	[41]	INFO	|5:25:14 Created new delegate bpipe.PipelineDelegate@270f35c7 overriding type JAFFA_stages_bpipe$_run_closure9 in thread 41 
bpipe.PipelineContext	[41]	INFO	|5:25:14 Probing command using inputs [testdata.fastq/testdata.fastq.paf] 
bpipe.PipelineContext	[41]	INFO	|5:25:14 From clause searching for inputs matching spec [.paf] 
bpipe.PipelineContext	[41]	INFO	|5:25:14 Input list to check:  [[testdata.fastq/testdata.fastq.paf], [testdata.fastq/testdata.fastq.paf], [], [], [], [], [], [], [testdata.fastq/testdata.fastq.fasta], [], [/home/renzt/rzt/fusion_gene/GFvoter-main/testdata.fastq.gz], [], [], [checks], [], [], [/home/renzt/rzt/fusion_gene/GFvoter-main/testdata.fastq.gz]] 
bpipe.PipelineContext	[41]	INFO	|5:25:14 Check testdata.fastq/testdata.fastq.paf ends with .paf 
bpipe.PipelineContext	[41]	INFO	|5:25:14 Matched : [testdata.fastq/testdata.fastq.paf] 
bpipe.PipelineContext	[41]	INFO	|5:25:14 Checking [testdata.fastq/testdata.fastq.paf] vs .paf Y 
bpipe.PipelineContext	[41]	INFO	|5:25:14 Found inputs [testdata.fastq/testdata.fastq.paf] for spec [.paf] 
bpipe.PipelineDelegate	[41]	INFO	|5:25:14 Output 1 reference resolved by PipelineDelegate 
bpipe.PipelineContext	[41]	INFO	|5:25:14 Using previously set output: [testdata.fastq/testdata.fastq.txt] 
bpipe.PipelineContext	[41]	INFO	|5:25:14 Query for output 0 base result = testdata.fastq/testdata.fastq.txt 
bpipe.PipelineContext	[41]	INFO	|5:25:14 Tracking outputs referenced=[[]] inferred=[[testdata.fastq/testdata.fastq.txt]] for command 
	    /home/renzt/rzt/fusion_gene/GFvoter-main/JAFFA-version-2.3/tools/bin/process_transcriptome_align_table testdata.fastq/testdata.fastq.paf 1000 /home/renzt/rzt/fusion_gene/GFvoter-main/JAFFA-version-2.3/hg38_genCode22.tab > testdata.fastq/testdata.fastq.txt
             
bpipe.Command	[41]	INFO	|5:25:14 Checking for configuration for command filter_transcripts 
bpipe.Command	[41]	INFO	|5:25:14 Default command properties: [max_per_command_threads:16, executor:local] 
bpipe.PipelineContext	[41]	INFO	|5:25:14 Checking actual resolved inputs [testdata.fastq/testdata.fastq.paf, testdata.fastq/testdata.fastq.paf, testdata.fastq/testdata.fastq.paf] 
bpipe.PipelineContext	[41]	INFO	|5:25:14 Skip check dependencies due to probe mode 
bpipe.PipelineContext	[41]	INFO	|5:25:14 Skip command start for /home/renzt/rzt/fusion_gene/GFvoter-main/JAFFA-version-2.3/tools/bin/process_transcriptome_align_table testdata.fastq/testdata.fastq.paf 1000 /home/renzt/rzt/fusion_gene/GFvoter-main/JAFFA-version-2.3/hg38_genCode22.tab > testdata.fastq/testdata.fastq.txt due to probe mode 
bpipe.PipelineContext	[41]	INFO	|5:25:14 Finished probe 
bpipe.Utils	[41]	INFO	|5:25:14 ===== Check testdata.fastq/testdata.fastq.txt ===== 
bpipe.Utils	[41]	INFO	|5:25:14 file doesn't exist: testdata.fastq/testdata.fastq.txt 
bpipe.Utils	[41]	INFO	|5:25:14 ===== Check testdata.fastq/testdata.fastq.txt ===== 
bpipe.Utils	[41]	INFO	|5:25:14 file doesn't exist: testdata.fastq/testdata.fastq.txt 
bpipe.Dependencies	[41]	INFO	|5:25:14 Found these missing / older files: [testdata.fastq/testdata.fastq.txt, testdata.fastq/testdata.fastq.txt] 
bpipe.Dependencies	[41]	INFO	|5:25:14 Output properties file is not available for /home/renzt/rzt/fusion_gene/GFvoter-main/GFvoter_out_test/process_output_file/testdata.fastq/testdata.fastq.txt: assume NOT cleaned up 
bpipe.Dependencies	[41]	INFO	|5:25:14 Output properties file is not available for /home/renzt/rzt/fusion_gene/GFvoter-main/GFvoter_out_test/process_output_file/testdata.fastq/testdata.fastq.txt: assume NOT cleaned up 
bpipe.Dependencies	[41]	INFO	|5:25:14 Some files are outdated : [/home/renzt/rzt/fusion_gene/GFvoter-main/GFvoter_out_test/process_output_file/testdata.fastq/testdata.fastq.txt, /home/renzt/rzt/fusion_gene/GFvoter-main/GFvoter_out_test/process_output_file/testdata.fastq/testdata.fastq.txt] 
bpipe.PipelineContext	[41]	INFO	|5:25:14 Not up to date because input inferred by probe of body newer than outputs 
bpipe.PipelineDelegate	[41]	INFO	|5:25:14 Setting or creating a delegate for context 1306510098 body 1926424569/bpipe.PipelineDelegate in thread 41 
bpipe.PipelineDelegate	[41]	INFO	|5:25:14 Existing delegate bpipe.PipelineDelegate@270f35c7 has type bpipe.PipelineDelegate in thread 41. Setting new context 1306510098 
bpipe.PipelineContext	[41]	INFO	|5:25:14 Producing from inputs [testdata.fastq/testdata.fastq.paf] 
bpipe.PipelineContext	[41]	INFO	|5:25:14 From clause searching for inputs matching spec [.paf] 
bpipe.PipelineContext	[41]	INFO	|5:25:14 Input list to check:  [[testdata.fastq/testdata.fastq.paf], [testdata.fastq/testdata.fastq.paf], [], [], [], [], [], [], [testdata.fastq/testdata.fastq.fasta], [], [/home/renzt/rzt/fusion_gene/GFvoter-main/testdata.fastq.gz], [], [], [checks], [], [], [/home/renzt/rzt/fusion_gene/GFvoter-main/testdata.fastq.gz]] 
bpipe.PipelineContext	[41]	INFO	|5:25:14 Check testdata.fastq/testdata.fastq.paf ends with .paf 
bpipe.PipelineContext	[41]	INFO	|5:25:14 Matched : [testdata.fastq/testdata.fastq.paf] 
bpipe.PipelineContext	[41]	INFO	|5:25:14 Checking [testdata.fastq/testdata.fastq.paf] vs .paf Y 
bpipe.PipelineContext	[41]	INFO	|5:25:14 Found inputs [testdata.fastq/testdata.fastq.paf] for spec [.paf] 
bpipe.PipelineDelegate	[41]	INFO	|5:25:14 Output 1 reference resolved by PipelineDelegate 
bpipe.PipelineContext	[41]	INFO	|5:25:14 Using previously set output: [testdata.fastq/testdata.fastq.txt] 
bpipe.PipelineContext	[41]	INFO	|5:25:14 Query for output 0 base result = testdata.fastq/testdata.fastq.txt 
bpipe.PipelineContext	[41]	INFO	|5:25:14 Tracking outputs referenced=[[]] inferred=[[testdata.fastq/testdata.fastq.txt]] for command 
	    /home/renzt/rzt/fusion_gene/GFvoter-main/JAFFA-version-2.3/tools/bin/process_transcriptome_align_table testdata.fastq/testdata.fastq.paf 1000 /home/renzt/rzt/fusion_gene/GFvoter-main/JAFFA-version-2.3/hg38_genCode22.tab > testdata.fastq/testdata.fastq.txt
             
bpipe.Command	[41]	INFO	|5:25:14 Checking for configuration for command filter_transcripts 
bpipe.Command	[41]	INFO	|5:25:14 Default command properties: [max_per_command_threads:16, executor:local] 
bpipe.PipelineContext	[41]	INFO	|5:25:14 Checking actual resolved inputs [testdata.fastq/testdata.fastq.paf, testdata.fastq/testdata.fastq.paf] 
bpipe.Utils	[41]	INFO	|5:25:14 ===== Check testdata.fastq/testdata.fastq.txt ===== 
bpipe.Utils	[41]	INFO	|5:25:14 file doesn't exist: testdata.fastq/testdata.fastq.txt 
bpipe.Utils	[41]	INFO	|5:25:14 ===== Check testdata.fastq/testdata.fastq.txt ===== 
bpipe.Utils	[41]	INFO	|5:25:14 file doesn't exist: testdata.fastq/testdata.fastq.txt 
bpipe.Dependencies	[41]	INFO	|5:25:14 Found these missing / older files: [testdata.fastq/testdata.fastq.txt, testdata.fastq/testdata.fastq.txt] 
bpipe.Dependencies	[41]	INFO	|5:25:14 Output properties file is not available for /home/renzt/rzt/fusion_gene/GFvoter-main/GFvoter_out_test/process_output_file/testdata.fastq/testdata.fastq.txt: assume NOT cleaned up 
bpipe.Dependencies	[41]	INFO	|5:25:14 Output properties file is not available for /home/renzt/rzt/fusion_gene/GFvoter-main/GFvoter_out_test/process_output_file/testdata.fastq/testdata.fastq.txt: assume NOT cleaned up 
bpipe.Dependencies	[41]	INFO	|5:25:14 Some files are outdated : [/home/renzt/rzt/fusion_gene/GFvoter-main/GFvoter_out_test/process_output_file/testdata.fastq/testdata.fastq.txt, /home/renzt/rzt/fusion_gene/GFvoter-main/GFvoter_out_test/process_output_file/testdata.fastq/testdata.fastq.txt] 
bpipe.CommandManager	[41]	INFO	|5:25:14 Using config [max_per_command_threads:16, executor:local] for command 
bpipe.CommandManager	[41]	INFO	|5:25:14 Created bpipe command id 8 
bpipe.Concurrency	[41]	INFO	|5:25:14 Thread Thread-8 requesting for 1 concurrency permit(s) type threads with 32 available 
bpipe.Concurrency	[41]	INFO	|5:25:14 There are 1 registered bidders with 0 currently bidding, will distribute resources at 0 
bpipe.Concurrency	[41]	INFO	|5:25:14 Taking over resource allocation because requested/bidders = 1 / 0 
bpipe.Concurrency	[41]	INFO	|5:25:14 First pass allocations are [1] 
bpipe.Concurrency	[41]	INFO	|5:25:14 Thread Thread-8 allocated 1 threads resources after 1 ms 
bpipe.Concurrency	[41]	INFO	|5:25:14 Thread Thread-8 acquired resource threads in amount 1 
bpipe.Command	[48]	INFO	|5:25:14 Command 8 changing state from null to RUNNING 
bpipe.OutputDirectoryWatcher	[42]	INFO	|5:25:14 File testdata.fastq.txt was created in directory testdata.fastq 
bpipe.OutputDirectoryWatcher	[42]	INFO	|5:25:14 Path testdata.fastq.txt was updated / created 
bpipe.executor.ThrottledDelegatingCommandExecutor	[41]	INFO	|5:25:14 Waiting for command to complete before releasing 1 resources 
bpipe.OutputDirectoryWatcher	[39]	INFO	|5:25:14 Path commandlog.txt was updated / created 
bpipe.executor.ThrottledDelegatingCommandExecutor	[41]	INFO	|5:25:15 Releasing 1 resources 
bpipe.Concurrency	[41]	INFO	|5:25:15 Thread Thread-8 releasing 1 threads 
bpipe.executor.ThrottledDelegatingCommandExecutor	[41]	INFO	|5:25:15 Released 1 resources 
bpipe.PipelineContext	[41]	INFO	|5:25:15 Adding outputs [testdata.fastq/testdata.fastq.txt] as a result of produce 
bpipe.PipelineStage	[41]	INFO	|5:25:15 Stage filter_transcripts (testdata) returned null as default inputs for next stage 
bpipe.PipelineStage	[41]	INFO	|5:25:15 Inferring nextInputs from explicit output as [testdata.fastq/testdata.fastq.txt] 
bpipe.PipelineStage	[41]	INFO	|5:25:15 Setting next inputs [testdata.fastq/testdata.fastq.txt] on stage 1961420969, context 1306510098 in thread 41 
bpipe.PipelineStage	[41]	INFO	|5:25:15 Files modified since 1737019514792 in filter_transcripts are [testdata.fastq.txt:1737019514847] 
bpipe.Dependencies	[41]	INFO	|5:25:15 Context 1306510098 for stage filter_transcripts has resolved inputs [testdata.fastq/testdata.fastq.paf] 
bpipe.OutputMetaData	[41]	INFO	|5:25:15 Saving output file details to file .bpipe/outputs/filter_transcripts.testdata.fastq_testdata.fastq.txt.properties for command /home/renzt/rzt/fusi... 
bpipe.Dependencies	[41]	INFO	|5:25:15 Adding file testdata.fastq/testdata.fastq.txt to output graph 
bpipe.Utils	[41]	INFO	|5:25:15 Calculate unique inputs executed in 0 
bpipe.Dependencies	[41]	INFO	|5:25:15 New entry for testdata.fastq/testdata.fastq.txt 
bpipe.Dependencies	[41]	INFO	|5:25:15 Dependency testdata.fastq/testdata.fastq.paf for testdata.fastq/testdata.fastq.txt is external root input 
bpipe.Dependencies	[41]	INFO	|5:25:15 Maxtimestamp for testdata.fastq/testdata.fastq.txt = 0 
bpipe.Dependencies	[41]	INFO	|5:25:15 There are 1 output groups 
bpipe.Dependencies	[41]	INFO	|5:25:15 Subtracting 1 remaining outputs from 1 total outputs 
bpipe.Utils	[41]	INFO	|5:25:15 Calculate unique inputs executed in 0 
bpipe.Dependencies	[41]	INFO	|5:25:15 There are 0 output groups 
bpipe.Dependencies	[41]	INFO	|5:25:15 Subtracting 0 remaining outputs from 0 total outputs 
bpipe.Dependencies	[41]	INFO	|5:25:15 ====Finished Output Graph===== 
bpipe.Dependencies	[41]	INFO	|5:25:15 There are 0 remaining outputs 
bpipe.PipelineStage	[41]	INFO	|5:25:15 Checking files: [testdata.fastq/testdata.fastq.txt] 
bpipe.Dependencies	[41]	INFO	|5:25:15 Checking output (s) [testdata.fastq/testdata.fastq.txt] 
bpipe.Dependencies	[41]	INFO	|5:25:15  Checking file testdata.fastq/testdata.fastq.txt 
bpipe.PipelineStage	[41]	INFO	|5:25:15 Inputs are NOT being inferred from context.output (context.nextInputs=[testdata.fastq/testdata.fastq.txt]) 
bpipe.PipelineStage	[41]	INFO	|5:25:15 No explicit output on stage 1763638020 context 1701657825 so output is nextInputs [testdata.fastq/testdata.fastq.txt] 
bpipe.PipelineContext	[41]	INFO	|5:25:15 Setting output [testdata.fastq/testdata.fastq.txt] on context 1701657825 in thread 41 
bpipe.PipelineStage	[41]	INFO	|5:25:15 Setting next inputs [testdata.fastq/testdata.fastq.txt] on stage 1763638020, context 1701657825 in thread 41 
bpipe.PipelineStage	[41]	INFO	|5:25:15 Files modified since 0 in Unknown are [checks:1737018747217, longgf_results.txt:1737018765706, data.fastq:1737019355189, winnowmap.sam:1737019495599, winnowmap.bam:1737019497123, winnowmap.sorted.bam:1737019498427, winnowmap.sorted.bam.bai:1737019498787, data.sam:1737019504059, data.bam:1737019505963, data.bam.bai:1737019506239, sorted.bam:1737019507515, commandlog.txt:1737019514915] 
bpipe.PipelineStage	[41]	INFO	|5:25:15 Checking files: [testdata.fastq/testdata.fastq.txt] 
bpipe.Dependencies	[41]	INFO	|5:25:15 Checking output (s) [testdata.fastq/testdata.fastq.txt] 
bpipe.Dependencies	[41]	INFO	|5:25:15  Checking file testdata.fastq/testdata.fastq.txt 
bpipe.PipelineCategory	[41]	INFO	|5:25:15 Checking that outputs [testdata.fastq/testdata.fastq.txt] exist 
bpipe.Dependencies	[41]	INFO	|5:25:15 Checking input (s) [testdata.fastq/testdata.fastq.txt] 
bpipe.Dependencies	[41]	INFO	|5:25:15  Checking file testdata.fastq/testdata.fastq.txt 
bpipe.PipelineCategory	[41]	INFO	|5:25:15 Next inputs from stage = [testdata.fastq/testdata.fastq.txt] 
bpipe.PipelineCategory	[41]	INFO	|5:25:15 Checking inputs for next stage:  [testdata.fastq/testdata.fastq.txt] 
bpipe.Dependencies	[41]	INFO	|5:25:15 Checking input (s) [testdata.fastq/testdata.fastq.txt] 
bpipe.Dependencies	[41]	INFO	|5:25:15  Checking file testdata.fastq/testdata.fastq.txt 
bpipe.Dependencies	[41]	INFO	|5:25:15 Checking input (s) [testdata.fastq/testdata.fastq.txt] 
bpipe.Dependencies	[41]	INFO	|5:25:15  Checking file testdata.fastq/testdata.fastq.txt 
bpipe.PipelineStage	[41]	INFO	|5:25:15 Stage extract_fusion_sequences (testdata) : INPUT=[testdata.fastq/testdata.fastq.txt] OUTPUT=testdata.fastq.txt.extract_fusion_sequences 
bpipe.OutputDirectoryWatcher	[39]	INFO	|5:25:15 Path commandlog.txt was updated / created 
bpipe.PipelineDelegate	[41]	INFO	|5:25:15 Setting or creating a delegate for context 870651903 body 544966217/JAFFA_stages_bpipe in thread 41 
bpipe.PipelineDelegate	[41]	INFO	|5:25:15 Created new delegate bpipe.PipelineDelegate@5dcfaeb2 overriding type JAFFA_stages_bpipe in thread 41 
bpipe.PipelineContext	[41]	INFO	|5:25:15 No inputs resolved by input wrappers: outputs based on default testdata.fastq.txt.extract_fusion_sequences 
bpipe.PipelineContext	[41]	INFO	|5:25:15 Output set to testdata.fastq (new default output = testdata.fastq/testdata.fastq.txt.extract_fusion_sequences) 
bpipe.PipelineContext	[41]	INFO	|5:25:15 Producing [testdata.fastq/testdata.fastq.fusions.fa] from bpipe.PipelineContext@33e517ff 
bpipe.PipelineDelegate	[41]	INFO	|5:25:15 Setting or creating a delegate for context 870651903 body 1788314276/JAFFA_stages_bpipe$_run_closure10 in thread 41 
bpipe.PipelineDelegate	[41]	INFO	|5:25:15 Created new delegate bpipe.PipelineDelegate@7c69feb6 overriding type JAFFA_stages_bpipe$_run_closure10 in thread 41 
bpipe.PipelineContext	[41]	INFO	|5:25:15 Probing command using inputs [testdata.fastq/testdata.fastq.txt] 
bpipe.PipelineContext	[41]	INFO	|5:25:15 From clause searching for inputs matching spec [.txt, .fasta] 
bpipe.PipelineContext	[41]	INFO	|5:25:15 Input list to check:  [[testdata.fastq/testdata.fastq.txt], [testdata.fastq/testdata.fastq.txt], [testdata.fastq/testdata.fastq.paf], [testdata.fastq/testdata.fastq.txt], [], [], [], [], [], [testdata.fastq/testdata.fastq.fasta], [], [/home/renzt/rzt/fusion_gene/GFvoter-main/testdata.fastq.gz], [], [], [checks], [], [], [/home/renzt/rzt/fusion_gene/GFvoter-main/testdata.fastq.gz]] 
bpipe.PipelineContext	[41]	INFO	|5:25:15 Check testdata.fastq/testdata.fastq.txt ends with .txt 
bpipe.PipelineContext	[41]	INFO	|5:25:15 Matched : [testdata.fastq/testdata.fastq.txt] 
bpipe.PipelineContext	[41]	INFO	|5:25:15 Checking [testdata.fastq/testdata.fastq.txt] vs .txt Y 
bpipe.PipelineContext	[41]	INFO	|5:25:15 Check testdata.fastq/testdata.fastq.txt ends with .fasta 
bpipe.PipelineContext	[41]	INFO	|5:25:15 Matched : [] 
bpipe.PipelineContext	[41]	INFO	|5:25:15 Check testdata.fastq/testdata.fastq.txt ends with .fasta 
bpipe.PipelineContext	[41]	INFO	|5:25:15 Matched : [] 
bpipe.PipelineContext	[41]	INFO	|5:25:15 Check testdata.fastq/testdata.fastq.paf ends with .fasta 
bpipe.PipelineContext	[41]	INFO	|5:25:15 Matched : [] 
bpipe.PipelineContext	[41]	INFO	|5:25:15 Check testdata.fastq/testdata.fastq.txt ends with .fasta 
bpipe.PipelineContext	[41]	INFO	|5:25:15 Matched : [] 
bpipe.PipelineContext	[41]	INFO	|5:25:15 Matched : [] 
bpipe.PipelineContext	[41]	INFO	|5:25:15 Matched : [] 
bpipe.PipelineContext	[41]	INFO	|5:25:15 Matched : [] 
bpipe.PipelineContext	[41]	INFO	|5:25:15 Matched : [] 
bpipe.PipelineContext	[41]	INFO	|5:25:15 Matched : [] 
bpipe.PipelineContext	[41]	INFO	|5:25:15 Check testdata.fastq/testdata.fastq.fasta ends with .fasta 
bpipe.PipelineContext	[41]	INFO	|5:25:15 Matched : [testdata.fastq/testdata.fastq.fasta] 
bpipe.PipelineContext	[41]	INFO	|5:25:15 Checking [testdata.fastq/testdata.fastq.fasta] vs .fasta Y 
bpipe.PipelineContext	[41]	INFO	|5:25:15 Found inputs [testdata.fastq/testdata.fastq.txt, testdata.fastq/testdata.fastq.fasta] for spec [.txt, .fasta] 
bpipe.PipelineDelegate	[41]	INFO	|5:25:15 Input 1 reference resolved by PipelineDelegate 
bpipe.PipelineContext	[41]	INFO	|5:25:15 Using previously set output: [testdata.fastq/testdata.fastq.fusions.fa] 
bpipe.PipelineDelegate	[41]	INFO	|5:25:15 Input 2 reference resolved by PipelineDelegate 
bpipe.PipelineContext	[41]	INFO	|5:25:15 Using previously set output: [testdata.fastq/testdata.fastq.fusions.fa] 
bpipe.PipelineContext	[41]	INFO	|5:25:15 Using previously set output: [testdata.fastq/testdata.fastq.fusions.fa] 
bpipe.PipelineContext	[41]	INFO	|5:25:15 Using previously set output: [testdata.fastq/testdata.fastq.fusions.fa] 
bpipe.PipelineContext	[41]	INFO	|5:25:15 Tracking outputs referenced=[[]] inferred=[[testdata.fastq/testdata.fastq.fusions.fa]] for command 
                cat testdata.fastq/testdata.fastq.txt | awk '{print $1}' > testdata.fastq/testdata.fastq.fusions.fa.temp ;
                /home/renzt/rzt/fusion_gene/GFvoter-main/JAFFA-version-2.3/tools/bin/reformat in=testdata.fastq/testdata.fastq.fasta out=stdout.fasta fastawrap=0 | /home/renzt/rzt/fusion_gene/GFvoter-main/JAFFA-version-2.3/tools/bin/extract_seq_from_fasta testdata.fastq/testdata.fastq.fusions.fa.temp > testdata.fastq/testdata.fastq.fusions.fa ;
                rm testdata.fastq/testdata.fastq.fusions.fa.temp ;
             
bpipe.Command	[41]	INFO	|5:25:15 Checking for configuration for command extract_fusion_sequences 
bpipe.Command	[41]	INFO	|5:25:15 Default command properties: [max_per_command_threads:16, executor:local] 
bpipe.PipelineContext	[41]	INFO	|5:25:15 Checking actual resolved inputs [testdata.fastq/testdata.fastq.txt, testdata.fastq/testdata.fastq.txt, testdata.fastq/testdata.fastq.fasta, testdata.fastq/testdata.fastq.txt, testdata.fastq/testdata.fastq.fasta] 
bpipe.PipelineContext	[41]	INFO	|5:25:15 Skip check dependencies due to probe mode 
bpipe.PipelineContext	[41]	INFO	|5:25:15 Skip command start for cat testdata.fastq/testdata.fastq.txt | awk '{print $1}' > testdata.fastq/testdata.fastq.fusions.fa.temp ;                 /home/renzt/rzt/fusion_gene/GFvoter-main/JAFFA-version-2.3/tools/bin/reformat in=testdata.fastq/testdata.fastq.fasta out=stdout.fasta fastawrap=0 | /home/renzt/rzt/fusion_gene/GFvoter-main/JAFFA-version-2.3/tools/bin/extract_seq_from_fasta testdata.fastq/testdata.fastq.fusions.fa.temp > testdata.fastq/testdata.fastq.fusions.fa ;                 rm testdata.fastq/testdata.fastq.fusions.fa.temp ; due to probe mode 
bpipe.PipelineContext	[41]	INFO	|5:25:15 Finished probe 
bpipe.Utils	[41]	INFO	|5:25:15 ===== Check testdata.fastq/testdata.fastq.fusions.fa ===== 
bpipe.Utils	[41]	INFO	|5:25:15 file doesn't exist: testdata.fastq/testdata.fastq.fusions.fa 
bpipe.Utils	[41]	INFO	|5:25:15 ===== Check testdata.fastq/testdata.fastq.fusions.fa ===== 
bpipe.Utils	[41]	INFO	|5:25:15 file doesn't exist: testdata.fastq/testdata.fastq.fusions.fa 
bpipe.Dependencies	[41]	INFO	|5:25:15 Found these missing / older files: [testdata.fastq/testdata.fastq.fusions.fa, testdata.fastq/testdata.fastq.fusions.fa] 
bpipe.Dependencies	[41]	INFO	|5:25:15 Output properties file is not available for /home/renzt/rzt/fusion_gene/GFvoter-main/GFvoter_out_test/process_output_file/testdata.fastq/testdata.fastq.fusions.fa: assume NOT cleaned up 
bpipe.Dependencies	[41]	INFO	|5:25:15 Output properties file is not available for /home/renzt/rzt/fusion_gene/GFvoter-main/GFvoter_out_test/process_output_file/testdata.fastq/testdata.fastq.fusions.fa: assume NOT cleaned up 
bpipe.Dependencies	[41]	INFO	|5:25:15 Some files are outdated : [/home/renzt/rzt/fusion_gene/GFvoter-main/GFvoter_out_test/process_output_file/testdata.fastq/testdata.fastq.fusions.fa, /home/renzt/rzt/fusion_gene/GFvoter-main/GFvoter_out_test/process_output_file/testdata.fastq/testdata.fastq.fusions.fa] 
bpipe.PipelineContext	[41]	INFO	|5:25:15 Not up to date because input inferred by probe of body newer than outputs 
bpipe.PipelineDelegate	[41]	INFO	|5:25:15 Setting or creating a delegate for context 870651903 body 1788314276/bpipe.PipelineDelegate in thread 41 
bpipe.PipelineDelegate	[41]	INFO	|5:25:15 Existing delegate bpipe.PipelineDelegate@7c69feb6 has type bpipe.PipelineDelegate in thread 41. Setting new context 870651903 
bpipe.PipelineContext	[41]	INFO	|5:25:15 Producing from inputs [testdata.fastq/testdata.fastq.txt, testdata.fastq/testdata.fastq.fasta] 
bpipe.PipelineContext	[41]	INFO	|5:25:15 From clause searching for inputs matching spec [.txt, .fasta] 
bpipe.PipelineContext	[41]	INFO	|5:25:15 Input list to check:  [[testdata.fastq/testdata.fastq.txt, testdata.fastq/testdata.fastq.fasta], [testdata.fastq/testdata.fastq.txt], [testdata.fastq/testdata.fastq.paf], [testdata.fastq/testdata.fastq.txt], [], [], [], [], [], [testdata.fastq/testdata.fastq.fasta], [], [/home/renzt/rzt/fusion_gene/GFvoter-main/testdata.fastq.gz], [], [], [checks], [], [], [/home/renzt/rzt/fusion_gene/GFvoter-main/testdata.fastq.gz]] 
bpipe.PipelineContext	[41]	INFO	|5:25:15 Check testdata.fastq/testdata.fastq.txt ends with .txt 
bpipe.PipelineContext	[41]	INFO	|5:25:15 Check testdata.fastq/testdata.fastq.fasta ends with .txt 
bpipe.PipelineContext	[41]	INFO	|5:25:15 Matched : [testdata.fastq/testdata.fastq.txt] 
bpipe.PipelineContext	[41]	INFO	|5:25:15 Checking [testdata.fastq/testdata.fastq.txt, testdata.fastq/testdata.fastq.fasta] vs .txt Y 
bpipe.PipelineContext	[41]	INFO	|5:25:15 Check testdata.fastq/testdata.fastq.txt ends with .fasta 
bpipe.PipelineContext	[41]	INFO	|5:25:15 Check testdata.fastq/testdata.fastq.fasta ends with .fasta 
bpipe.PipelineContext	[41]	INFO	|5:25:15 Matched : [testdata.fastq/testdata.fastq.fasta] 
bpipe.PipelineContext	[41]	INFO	|5:25:15 Checking [testdata.fastq/testdata.fastq.txt, testdata.fastq/testdata.fastq.fasta] vs .fasta Y 
bpipe.PipelineContext	[41]	INFO	|5:25:15 Found inputs [testdata.fastq/testdata.fastq.txt, testdata.fastq/testdata.fastq.fasta] for spec [.txt, .fasta] 
bpipe.PipelineDelegate	[41]	INFO	|5:25:15 Input 1 reference resolved by PipelineDelegate 
bpipe.PipelineContext	[41]	INFO	|5:25:15 Using previously set output: [testdata.fastq/testdata.fastq.fusions.fa] 
bpipe.PipelineDelegate	[41]	INFO	|5:25:15 Input 2 reference resolved by PipelineDelegate 
bpipe.PipelineContext	[41]	INFO	|5:25:15 Using previously set output: [testdata.fastq/testdata.fastq.fusions.fa] 
bpipe.PipelineContext	[41]	INFO	|5:25:15 Using previously set output: [testdata.fastq/testdata.fastq.fusions.fa] 
bpipe.PipelineContext	[41]	INFO	|5:25:15 Using previously set output: [testdata.fastq/testdata.fastq.fusions.fa] 
bpipe.PipelineContext	[41]	INFO	|5:25:15 Tracking outputs referenced=[[]] inferred=[[testdata.fastq/testdata.fastq.fusions.fa]] for command 
                cat testdata.fastq/testdata.fastq.txt | awk '{print $1}' > testdata.fastq/testdata.fastq.fusions.fa.temp ;
                /home/renzt/rzt/fusion_gene/GFvoter-main/JAFFA-version-2.3/tools/bin/reformat in=testdata.fastq/testdata.fastq.fasta out=stdout.fasta fastawrap=0 | /home/renzt/rzt/fusion_gene/GFvoter-main/JAFFA-version-2.3/tools/bin/extract_seq_from_fasta testdata.fastq/testdata.fastq.fusions.fa.temp > testdata.fastq/testdata.fastq.fusions.fa ;
                rm testdata.fastq/testdata.fastq.fusions.fa.temp ;
             
bpipe.Command	[41]	INFO	|5:25:15 Checking for configuration for command extract_fusion_sequences 
bpipe.Command	[41]	INFO	|5:25:15 Default command properties: [max_per_command_threads:16, executor:local] 
bpipe.PipelineContext	[41]	INFO	|5:25:15 Checking actual resolved inputs [testdata.fastq/testdata.fastq.txt, testdata.fastq/testdata.fastq.fasta, testdata.fastq/testdata.fastq.txt, testdata.fastq/testdata.fastq.fasta] 
bpipe.Utils	[41]	INFO	|5:25:15 ===== Check testdata.fastq/testdata.fastq.fusions.fa ===== 
bpipe.Utils	[41]	INFO	|5:25:15 file doesn't exist: testdata.fastq/testdata.fastq.fusions.fa 
bpipe.Utils	[41]	INFO	|5:25:15 ===== Check testdata.fastq/testdata.fastq.fusions.fa ===== 
bpipe.Utils	[41]	INFO	|5:25:15 file doesn't exist: testdata.fastq/testdata.fastq.fusions.fa 
bpipe.Dependencies	[41]	INFO	|5:25:15 Found these missing / older files: [testdata.fastq/testdata.fastq.fusions.fa, testdata.fastq/testdata.fastq.fusions.fa] 
bpipe.Dependencies	[41]	INFO	|5:25:15 Output properties file is not available for /home/renzt/rzt/fusion_gene/GFvoter-main/GFvoter_out_test/process_output_file/testdata.fastq/testdata.fastq.fusions.fa: assume NOT cleaned up 
bpipe.Dependencies	[41]	INFO	|5:25:15 Output properties file is not available for /home/renzt/rzt/fusion_gene/GFvoter-main/GFvoter_out_test/process_output_file/testdata.fastq/testdata.fastq.fusions.fa: assume NOT cleaned up 
bpipe.Dependencies	[41]	INFO	|5:25:15 Some files are outdated : [/home/renzt/rzt/fusion_gene/GFvoter-main/GFvoter_out_test/process_output_file/testdata.fastq/testdata.fastq.fusions.fa, /home/renzt/rzt/fusion_gene/GFvoter-main/GFvoter_out_test/process_output_file/testdata.fastq/testdata.fastq.fusions.fa] 
bpipe.CommandManager	[41]	INFO	|5:25:15 Using config [max_per_command_threads:16, executor:local] for command 
bpipe.CommandManager	[41]	INFO	|5:25:15 Created bpipe command id 10 
bpipe.Concurrency	[41]	INFO	|5:25:15 Thread Thread-8 requesting for 1 concurrency permit(s) type threads with 32 available 
bpipe.Concurrency	[41]	INFO	|5:25:15 There are 1 registered bidders with 0 currently bidding, will distribute resources at 0 
bpipe.Concurrency	[41]	INFO	|5:25:15 Taking over resource allocation because requested/bidders = 1 / 0 
bpipe.Concurrency	[41]	INFO	|5:25:15 First pass allocations are [1] 
bpipe.Concurrency	[41]	INFO	|5:25:15 Thread Thread-8 allocated 1 threads resources after 1 ms 
bpipe.Concurrency	[41]	INFO	|5:25:15 Thread Thread-8 acquired resource threads in amount 1 
bpipe.Command	[51]	INFO	|5:25:15 Command 10 changing state from null to RUNNING 
bpipe.OutputDirectoryWatcher	[42]	INFO	|5:25:15 File testdata.fastq.fusions.fa.temp was created in directory testdata.fastq 
bpipe.OutputDirectoryWatcher	[42]	INFO	|5:25:15 Path testdata.fastq.fusions.fa.temp was updated / created 
bpipe.OutputDirectoryWatcher	[42]	INFO	|5:25:15 File testdata.fastq.fusions.fa was created in directory testdata.fastq 
bpipe.OutputDirectoryWatcher	[42]	INFO	|5:25:15 Path testdata.fastq.fusions.fa was updated / created 
bpipe.executor.ThrottledDelegatingCommandExecutor	[41]	INFO	|5:25:15 Waiting for command to complete before releasing 1 resources 
bpipe.OutputDirectoryWatcher	[39]	INFO	|5:25:15 Path commandlog.txt was updated / created 
bpipe.executor.ThrottledDelegatingCommandExecutor	[41]	INFO	|5:25:15 Releasing 1 resources 
bpipe.Concurrency	[41]	INFO	|5:25:15 Thread Thread-8 releasing 1 threads 
bpipe.executor.ThrottledDelegatingCommandExecutor	[41]	INFO	|5:25:15 Released 1 resources 
bpipe.PipelineContext	[41]	INFO	|5:25:15 Adding outputs [testdata.fastq/testdata.fastq.fusions.fa] as a result of produce 
bpipe.PipelineStage	[41]	INFO	|5:25:15 Stage extract_fusion_sequences (testdata) returned null as default inputs for next stage 
bpipe.PipelineStage	[41]	INFO	|5:25:15 Inferring nextInputs from explicit output as [testdata.fastq/testdata.fastq.fusions.fa] 
bpipe.PipelineStage	[41]	INFO	|5:25:15 Setting next inputs [testdata.fastq/testdata.fastq.fusions.fa] on stage 1521042795, context 870651903 in thread 41 
bpipe.PipelineStage	[41]	INFO	|5:25:15 Files modified since 1737019515269 in extract_fusion_sequences are [testdata.fastq.fusions.fa.temp:1737019515323, testdata.fastq.fusions.fa:1737019515327] 
bpipe.Dependencies	[41]	INFO	|5:25:15 Context 870651903 for stage extract_fusion_sequences has resolved inputs [testdata.fastq/testdata.fastq.txt, testdata.fastq/testdata.fastq.fasta] 
bpipe.OutputMetaData	[41]	INFO	|5:25:15 Saving output file details to file .bpipe/outputs/extract_fusion_sequences.testdata.fastq_testdata.fastq.fusions.fa.properties for command cat testdata.fastq/t... 
bpipe.Dependencies	[41]	INFO	|5:25:15 Adding file testdata.fastq/testdata.fastq.fusions.fa to output graph 
bpipe.Utils	[41]	INFO	|5:25:15 Calculate unique inputs executed in 0 
bpipe.Dependencies	[41]	INFO	|5:25:15 New entry for testdata.fastq/testdata.fastq.fusions.fa 
bpipe.Dependencies	[41]	INFO	|5:25:15 Dependency testdata.fastq/testdata.fastq.txt for testdata.fastq/testdata.fastq.fusions.fa is external root input 
bpipe.Dependencies	[41]	INFO	|5:25:15 Dependency testdata.fastq/testdata.fastq.fasta for testdata.fastq/testdata.fastq.fusions.fa is external root input 
bpipe.Dependencies	[41]	INFO	|5:25:15 Maxtimestamp for testdata.fastq/testdata.fastq.fusions.fa = 0 
bpipe.Dependencies	[41]	INFO	|5:25:15 There are 1 output groups 
bpipe.Dependencies	[41]	INFO	|5:25:15 Subtracting 1 remaining outputs from 1 total outputs 
bpipe.Utils	[41]	INFO	|5:25:15 Calculate unique inputs executed in 0.001 seconds 
bpipe.Dependencies	[41]	INFO	|5:25:15 There are 0 output groups 
bpipe.Dependencies	[41]	INFO	|5:25:15 Subtracting 0 remaining outputs from 0 total outputs 
bpipe.Dependencies	[41]	INFO	|5:25:15 ====Finished Output Graph===== 
bpipe.Dependencies	[41]	INFO	|5:25:15 There are 0 remaining outputs 
bpipe.PipelineStage	[41]	INFO	|5:25:15 Checking files: [testdata.fastq/testdata.fastq.fusions.fa] 
bpipe.Dependencies	[41]	INFO	|5:25:15 Checking output (s) [testdata.fastq/testdata.fastq.fusions.fa] 
bpipe.Dependencies	[41]	INFO	|5:25:15  Checking file testdata.fastq/testdata.fastq.fusions.fa 
bpipe.PipelineStage	[41]	INFO	|5:25:15 Inputs are NOT being inferred from context.output (context.nextInputs=[testdata.fastq/testdata.fastq.fusions.fa]) 
bpipe.PipelineStage	[41]	INFO	|5:25:15 No explicit output on stage 56597079 context 132204876 so output is nextInputs [testdata.fastq/testdata.fastq.fusions.fa] 
bpipe.PipelineContext	[41]	INFO	|5:25:15 Setting output [testdata.fastq/testdata.fastq.fusions.fa] on context 132204876 in thread 41 
bpipe.PipelineStage	[41]	INFO	|5:25:15 Setting next inputs [testdata.fastq/testdata.fastq.fusions.fa] on stage 56597079, context 132204876 in thread 41 
bpipe.PipelineStage	[41]	INFO	|5:25:15 Files modified since 0 in Unknown are [checks:1737018747217, longgf_results.txt:1737018765706, data.fastq:1737019355189, winnowmap.sam:1737019495599, winnowmap.bam:1737019497123, winnowmap.sorted.bam:1737019498427, winnowmap.sorted.bam.bai:1737019498787, data.sam:1737019504059, data.bam:1737019505963, data.bam.bai:1737019506239, sorted.bam:1737019507515, commandlog.txt:1737019515463] 
bpipe.PipelineStage	[41]	INFO	|5:25:15 Checking files: [testdata.fastq/testdata.fastq.fusions.fa] 
bpipe.Dependencies	[41]	INFO	|5:25:15 Checking output (s) [testdata.fastq/testdata.fastq.fusions.fa] 
bpipe.Dependencies	[41]	INFO	|5:25:15  Checking file testdata.fastq/testdata.fastq.fusions.fa 
bpipe.PipelineCategory	[41]	INFO	|5:25:15 Checking that outputs [testdata.fastq/testdata.fastq.fusions.fa] exist 
bpipe.Dependencies	[41]	INFO	|5:25:15 Checking input (s) [testdata.fastq/testdata.fastq.fusions.fa] 
bpipe.Dependencies	[41]	INFO	|5:25:15  Checking file testdata.fastq/testdata.fastq.fusions.fa 
bpipe.PipelineCategory	[41]	INFO	|5:25:15 Next inputs from stage = [testdata.fastq/testdata.fastq.fusions.fa] 
bpipe.PipelineCategory	[41]	INFO	|5:25:15 Checking inputs for next stage:  [testdata.fastq/testdata.fastq.fusions.fa] 
bpipe.Dependencies	[41]	INFO	|5:25:15 Checking input (s) [testdata.fastq/testdata.fastq.fusions.fa] 
bpipe.Dependencies	[41]	INFO	|5:25:15  Checking file testdata.fastq/testdata.fastq.fusions.fa 
bpipe.Dependencies	[41]	INFO	|5:25:15 Checking input (s) [testdata.fastq/testdata.fastq.fusions.fa] 
bpipe.Dependencies	[41]	INFO	|5:25:15  Checking file testdata.fastq/testdata.fastq.fusions.fa 
bpipe.PipelineStage	[41]	INFO	|5:25:15 Stage minimap2_genome (testdata) : INPUT=[testdata.fastq/testdata.fastq.fusions.fa] OUTPUT=testdata.fastq.fusions.fa.minimap2_genome 
bpipe.OutputDirectoryWatcher	[39]	INFO	|5:25:15 Path commandlog.txt was updated / created 
bpipe.PipelineDelegate	[41]	INFO	|5:25:15 Setting or creating a delegate for context 1966954744 body 347091104/script17370195073761653772785 in thread 41 
bpipe.PipelineDelegate	[41]	INFO	|5:25:15 Created new delegate bpipe.PipelineDelegate@1f5e65ae overriding type script17370195073761653772785 in thread 41 
bpipe.PipelineContext	[41]	INFO	|5:25:15 No inputs resolved by input wrappers: outputs based on default testdata.fastq.fusions.fa.minimap2_genome 
bpipe.PipelineContext	[41]	INFO	|5:25:15 Output set to testdata.fastq (new default output = testdata.fastq/testdata.fastq.fusions.fa.minimap2_genome) 
bpipe.PipelineContext	[41]	INFO	|5:25:15 Producing [testdata.fastq_genome.paf, testdata.fastq_genome.psl] from bpipe.PipelineContext@753d58f8 
bpipe.PipelineDelegate	[41]	INFO	|5:25:15 Setting or creating a delegate for context 1966954744 body 1663182601/script17370195073761653772785$_run_closure3 in thread 41 
bpipe.PipelineDelegate	[41]	INFO	|5:25:15 Created new delegate bpipe.PipelineDelegate@cb20d58 overriding type script17370195073761653772785$_run_closure3 in thread 41 
bpipe.PipelineContext	[41]	INFO	|5:25:15 Probing command using inputs [testdata.fastq/testdata.fastq.fusions.fa] 
bpipe.PipelineContext	[41]	INFO	|5:25:15 Computing threads based on parallel branch count of 1 
bpipe.PipelineContext	[41]	INFO	|5:25:15 Using only 32 instead of configured 192 because the configured value exceeds the number of available cores 
bpipe.PipelineDelegate	[41]	INFO	|5:25:15 Output 1 reference resolved by PipelineDelegate 
bpipe.PipelineContext	[41]	INFO	|5:25:15 Using previously set output: [testdata.fastq/testdata.fastq_genome.paf, testdata.fastq/testdata.fastq_genome.psl] 
bpipe.PipelineContext	[41]	INFO	|5:25:15 Query for output 0 base result = testdata.fastq/testdata.fastq_genome.paf 
bpipe.PipelineDelegate	[41]	INFO	|5:25:15 Output 1 reference resolved by PipelineDelegate 
bpipe.PipelineContext	[41]	INFO	|5:25:15 Using previously set output: [testdata.fastq/testdata.fastq_genome.paf, testdata.fastq/testdata.fastq_genome.psl] 
bpipe.PipelineContext	[41]	INFO	|5:25:15 Query for output 0 base result = testdata.fastq/testdata.fastq_genome.paf 
bpipe.PipelineDelegate	[41]	INFO	|5:25:15 Output 2 reference resolved by PipelineDelegate 
bpipe.PipelineContext	[41]	INFO	|5:25:15 Using previously set output: [testdata.fastq/testdata.fastq_genome.paf, testdata.fastq/testdata.fastq_genome.psl] 
bpipe.PipelineContext	[41]	INFO	|5:25:15 Query for output 1 base result = testdata.fastq/testdata.fastq_genome.psl 
bpipe.PipelineDelegate	[41]	INFO	|5:25:15 Output 1 reference resolved by PipelineDelegate 
bpipe.PipelineContext	[41]	INFO	|5:25:15 Using previously set output: [testdata.fastq/testdata.fastq_genome.paf, testdata.fastq/testdata.fastq_genome.psl] 
bpipe.PipelineContext	[41]	INFO	|5:25:15 Query for output 0 base result = testdata.fastq/testdata.fastq_genome.paf 
bpipe.PipelineDelegate	[41]	INFO	|5:25:15 Output 2 reference resolved by PipelineDelegate 
bpipe.PipelineContext	[41]	INFO	|5:25:15 Using previously set output: [testdata.fastq/testdata.fastq_genome.paf, testdata.fastq/testdata.fastq_genome.psl] 
bpipe.PipelineContext	[41]	INFO	|5:25:15 Query for output 1 base result = testdata.fastq/testdata.fastq_genome.psl 
bpipe.PipelineContext	[41]	INFO	|5:25:15 Tracking outputs referenced=[[]] inferred=[[testdata.fastq/testdata.fastq_genome.paf, testdata.fastq/testdata.fastq_genome.psl]] for command 
	   /home/renzt/rzt/fusion_gene/GFvoter-main/JAFFA-version-2.3/tools/bin/minimap2 -t __bpipe_lazy_resource_threads__ -x splice -c /home/renzt/rzt/fusion_gene/GFvoter-main/JAFFA-version-2.3/hg38.fa testdata.fastq/testdata.fastq.fusions.fa > testdata.fastq/testdata.fastq_genome.paf;
	   grep $'\t+\t' testdata.fastq/testdata.fastq_genome.paf | awk -F'\t' -v OFS="\t" '{ print $4-$3,0,0,0,0,0,0,0,$5,$1,$2,$3,$4,$6,$7,$8,$9,2, 100","$4-$3-100",",$3","$3+100",",  $8","$9-$4+$3+100"," }' > testdata.fastq/testdata.fastq_genome.psl ;
	   grep $'\t-\t' testdata.fastq/testdata.fastq_genome.paf | awk -F'\t' -v OFS="\t" '{ print $4-$3,0,0,0,0,0,0,0,$5,$1,$2,$3,$4,$6,$7,$8,$9,2, 100","$4-$3-100",", $2-$4","$2-$4+100",", $8","$9-$4+$3+100"," }' >> testdata.fastq/testdata.fastq_genome.psl ;
         
bpipe.Command	[41]	INFO	|5:25:15 Checking for configuration for command /home/renzt/rzt/fusion_gene/GFvoter-main/JAFFA-version-2.3/tools/bin/minimap2 
bpipe.Command	[41]	INFO	|5:25:15 Default command properties: [max_per_command_threads:16, executor:local] 
bpipe.PipelineContext	[41]	INFO	|5:25:15 Checking actual resolved inputs [testdata.fastq/testdata.fastq.fusions.fa] 
bpipe.PipelineContext	[41]	INFO	|5:25:15 Skip check dependencies due to probe mode 
bpipe.PipelineContext	[41]	INFO	|5:25:15 Skip command start for /home/renzt/rzt/fusion_gene/GFvoter-main/JAFFA-version-2.3/tools/bin/minimap2 -t __bpipe_lazy_resource_threads__ -x splice -c /home/renzt/rzt/fusion_gene/GFvoter-main/JAFFA-version-2.3/hg38.fa testdata.fastq/testdata.fastq.fusions.fa > testdata.fastq/testdata.fastq_genome.paf; 	   grep $'\t+\t' testdata.fastq/testdata.fastq_genome.paf | awk -F'\t' -v OFS="\t" '{ print $4-$3,0,0,0,0,0,0,0,$5,$1,$2,$3,$4,$6,$7,$8,$9,2, 100","$4-$3-100",",$3","$3+100",",  $8","$9-$4+$3+100"," }' > testdata.fastq/testdata.fastq_genome.psl ; 	   grep $'\t-\t' testdata.fastq/testdata.fastq_genome.paf | awk -F'\t' -v OFS="\t" '{ print $4-$3,0,0,0,0,0,0,0,$5,$1,$2,$3,$4,$6,$7,$8,$9,2, 100","$4-$3-100",", $2-$4","$2-$4+100",", $8","$9-$4+$3+100"," }' >> testdata.fastq/testdata.fastq_genome.psl ; due to probe mode 
bpipe.PipelineContext	[41]	INFO	|5:25:15 Finished probe 
bpipe.Utils	[41]	INFO	|5:25:15 ===== Check testdata.fastq/testdata.fastq_genome.paf ===== 
bpipe.Utils	[41]	INFO	|5:25:15 file doesn't exist: testdata.fastq/testdata.fastq_genome.paf 
bpipe.Utils	[41]	INFO	|5:25:15 ===== Check testdata.fastq/testdata.fastq_genome.psl ===== 
bpipe.Utils	[41]	INFO	|5:25:15 file doesn't exist: testdata.fastq/testdata.fastq_genome.psl 
bpipe.Utils	[41]	INFO	|5:25:15 ===== Check testdata.fastq/testdata.fastq_genome.paf ===== 
bpipe.Utils	[41]	INFO	|5:25:15 file doesn't exist: testdata.fastq/testdata.fastq_genome.paf 
bpipe.Utils	[41]	INFO	|5:25:15 ===== Check testdata.fastq/testdata.fastq_genome.psl ===== 
bpipe.Utils	[41]	INFO	|5:25:15 file doesn't exist: testdata.fastq/testdata.fastq_genome.psl 
bpipe.Dependencies	[41]	INFO	|5:25:15 Found these missing / older files: [testdata.fastq/testdata.fastq_genome.paf, testdata.fastq/testdata.fastq_genome.psl, testdata.fastq/testdata.fastq_genome.paf, testdata.fastq/testdata.fastq_genome.psl] 
bpipe.Dependencies	[41]	INFO	|5:25:15 Output properties file is not available for /home/renzt/rzt/fusion_gene/GFvoter-main/GFvoter_out_test/process_output_file/testdata.fastq/testdata.fastq_genome.paf: assume NOT cleaned up 
bpipe.Dependencies	[41]	INFO	|5:25:15 Output properties file is not available for /home/renzt/rzt/fusion_gene/GFvoter-main/GFvoter_out_test/process_output_file/testdata.fastq/testdata.fastq_genome.psl: assume NOT cleaned up 
bpipe.Dependencies	[41]	INFO	|5:25:15 Output properties file is not available for /home/renzt/rzt/fusion_gene/GFvoter-main/GFvoter_out_test/process_output_file/testdata.fastq/testdata.fastq_genome.paf: assume NOT cleaned up 
bpipe.Dependencies	[41]	INFO	|5:25:15 Output properties file is not available for /home/renzt/rzt/fusion_gene/GFvoter-main/GFvoter_out_test/process_output_file/testdata.fastq/testdata.fastq_genome.psl: assume NOT cleaned up 
bpipe.Dependencies	[41]	INFO	|5:25:15 Some files are outdated : [/home/renzt/rzt/fusion_gene/GFvoter-main/GFvoter_out_test/process_output_file/testdata.fastq/testdata.fastq_genome.paf, /home/renzt/rzt/fusion_gene/GFvoter-main/GFvoter_out_test/process_output_file/testdata.fastq/testdata.fastq_genome.psl, /home/renzt/rzt/fusion_gene/GFvoter-main/GFvoter_out_test/process_output_file/testdata.fastq/testdata.fastq_genome.paf, /home/renzt/rzt/fusion_gene/GFvoter-main/GFvoter_out_test/process_output_file/testdata.fastq/testdata.fastq_genome.psl] 
bpipe.PipelineContext	[41]	INFO	|5:25:15 Not up to date because input inferred by probe of body newer than outputs 
bpipe.PipelineDelegate	[41]	INFO	|5:25:15 Setting or creating a delegate for context 1966954744 body 1663182601/bpipe.PipelineDelegate in thread 41 
bpipe.PipelineDelegate	[41]	INFO	|5:25:15 Existing delegate bpipe.PipelineDelegate@cb20d58 has type bpipe.PipelineDelegate in thread 41. Setting new context 1966954744 
bpipe.PipelineContext	[41]	INFO	|5:25:15 Producing from inputs [testdata.fastq/testdata.fastq.fusions.fa] 
bpipe.PipelineContext	[41]	INFO	|5:25:15 Computing threads based on parallel branch count of 1 
bpipe.PipelineContext	[41]	INFO	|5:25:15 Using only 32 instead of configured 192 because the configured value exceeds the number of available cores 
bpipe.PipelineDelegate	[41]	INFO	|5:25:15 Output 1 reference resolved by PipelineDelegate 
bpipe.PipelineContext	[41]	INFO	|5:25:15 Using previously set output: [testdata.fastq/testdata.fastq_genome.paf, testdata.fastq/testdata.fastq_genome.psl] 
bpipe.PipelineContext	[41]	INFO	|5:25:15 Query for output 0 base result = testdata.fastq/testdata.fastq_genome.paf 
bpipe.PipelineDelegate	[41]	INFO	|5:25:15 Output 1 reference resolved by PipelineDelegate 
bpipe.PipelineContext	[41]	INFO	|5:25:15 Using previously set output: [testdata.fastq/testdata.fastq_genome.paf, testdata.fastq/testdata.fastq_genome.psl] 
bpipe.PipelineContext	[41]	INFO	|5:25:15 Query for output 0 base result = testdata.fastq/testdata.fastq_genome.paf 
bpipe.PipelineDelegate	[41]	INFO	|5:25:15 Output 2 reference resolved by PipelineDelegate 
bpipe.PipelineContext	[41]	INFO	|5:25:15 Using previously set output: [testdata.fastq/testdata.fastq_genome.paf, testdata.fastq/testdata.fastq_genome.psl] 
bpipe.PipelineContext	[41]	INFO	|5:25:15 Query for output 1 base result = testdata.fastq/testdata.fastq_genome.psl 
bpipe.PipelineDelegate	[41]	INFO	|5:25:15 Output 1 reference resolved by PipelineDelegate 
bpipe.PipelineContext	[41]	INFO	|5:25:15 Using previously set output: [testdata.fastq/testdata.fastq_genome.paf, testdata.fastq/testdata.fastq_genome.psl] 
bpipe.PipelineContext	[41]	INFO	|5:25:15 Query for output 0 base result = testdata.fastq/testdata.fastq_genome.paf 
bpipe.PipelineDelegate	[41]	INFO	|5:25:15 Output 2 reference resolved by PipelineDelegate 
bpipe.PipelineContext	[41]	INFO	|5:25:15 Using previously set output: [testdata.fastq/testdata.fastq_genome.paf, testdata.fastq/testdata.fastq_genome.psl] 
bpipe.PipelineContext	[41]	INFO	|5:25:15 Query for output 1 base result = testdata.fastq/testdata.fastq_genome.psl 
bpipe.PipelineContext	[41]	INFO	|5:25:15 Tracking outputs referenced=[[]] inferred=[[testdata.fastq/testdata.fastq_genome.paf, testdata.fastq/testdata.fastq_genome.psl]] for command 
	   /home/renzt/rzt/fusion_gene/GFvoter-main/JAFFA-version-2.3/tools/bin/minimap2 -t __bpipe_lazy_resource_threads__ -x splice -c /home/renzt/rzt/fusion_gene/GFvoter-main/JAFFA-version-2.3/hg38.fa testdata.fastq/testdata.fastq.fusions.fa > testdata.fastq/testdata.fastq_genome.paf;
	   grep $'\t+\t' testdata.fastq/testdata.fastq_genome.paf | awk -F'\t' -v OFS="\t" '{ print $4-$3,0,0,0,0,0,0,0,$5,$1,$2,$3,$4,$6,$7,$8,$9,2, 100","$4-$3-100",",$3","$3+100",",  $8","$9-$4+$3+100"," }' > testdata.fastq/testdata.fastq_genome.psl ;
	   grep $'\t-\t' testdata.fastq/testdata.fastq_genome.paf | awk -F'\t' -v OFS="\t" '{ print $4-$3,0,0,0,0,0,0,0,$5,$1,$2,$3,$4,$6,$7,$8,$9,2, 100","$4-$3-100",", $2-$4","$2-$4+100",", $8","$9-$4+$3+100"," }' >> testdata.fastq/testdata.fastq_genome.psl ;
         
bpipe.Command	[41]	INFO	|5:25:15 Checking for configuration for command /home/renzt/rzt/fusion_gene/GFvoter-main/JAFFA-version-2.3/tools/bin/minimap2 
bpipe.Command	[41]	INFO	|5:25:15 Default command properties: [max_per_command_threads:16, executor:local] 
bpipe.PipelineContext	[41]	INFO	|5:25:15 Checking actual resolved inputs [testdata.fastq/testdata.fastq.fusions.fa] 
bpipe.Utils	[41]	INFO	|5:25:15 ===== Check testdata.fastq/testdata.fastq_genome.paf ===== 
bpipe.Utils	[41]	INFO	|5:25:15 file doesn't exist: testdata.fastq/testdata.fastq_genome.paf 
bpipe.Utils	[41]	INFO	|5:25:15 ===== Check testdata.fastq/testdata.fastq_genome.psl ===== 
bpipe.Utils	[41]	INFO	|5:25:15 file doesn't exist: testdata.fastq/testdata.fastq_genome.psl 
bpipe.Utils	[41]	INFO	|5:25:15 ===== Check testdata.fastq/testdata.fastq_genome.paf ===== 
bpipe.Utils	[41]	INFO	|5:25:15 file doesn't exist: testdata.fastq/testdata.fastq_genome.paf 
bpipe.Utils	[41]	INFO	|5:25:15 ===== Check testdata.fastq/testdata.fastq_genome.psl ===== 
bpipe.Utils	[41]	INFO	|5:25:15 file doesn't exist: testdata.fastq/testdata.fastq_genome.psl 
bpipe.Dependencies	[41]	INFO	|5:25:15 Found these missing / older files: [testdata.fastq/testdata.fastq_genome.paf, testdata.fastq/testdata.fastq_genome.psl, testdata.fastq/testdata.fastq_genome.paf, testdata.fastq/testdata.fastq_genome.psl] 
bpipe.Dependencies	[41]	INFO	|5:25:15 Output properties file is not available for /home/renzt/rzt/fusion_gene/GFvoter-main/GFvoter_out_test/process_output_file/testdata.fastq/testdata.fastq_genome.paf: assume NOT cleaned up 
bpipe.Dependencies	[41]	INFO	|5:25:15 Output properties file is not available for /home/renzt/rzt/fusion_gene/GFvoter-main/GFvoter_out_test/process_output_file/testdata.fastq/testdata.fastq_genome.psl: assume NOT cleaned up 
bpipe.Dependencies	[41]	INFO	|5:25:15 Output properties file is not available for /home/renzt/rzt/fusion_gene/GFvoter-main/GFvoter_out_test/process_output_file/testdata.fastq/testdata.fastq_genome.paf: assume NOT cleaned up 
bpipe.Dependencies	[41]	INFO	|5:25:15 Output properties file is not available for /home/renzt/rzt/fusion_gene/GFvoter-main/GFvoter_out_test/process_output_file/testdata.fastq/testdata.fastq_genome.psl: assume NOT cleaned up 
bpipe.Dependencies	[41]	INFO	|5:25:15 Some files are outdated : [/home/renzt/rzt/fusion_gene/GFvoter-main/GFvoter_out_test/process_output_file/testdata.fastq/testdata.fastq_genome.paf, /home/renzt/rzt/fusion_gene/GFvoter-main/GFvoter_out_test/process_output_file/testdata.fastq/testdata.fastq_genome.psl, /home/renzt/rzt/fusion_gene/GFvoter-main/GFvoter_out_test/process_output_file/testdata.fastq/testdata.fastq_genome.paf, /home/renzt/rzt/fusion_gene/GFvoter-main/GFvoter_out_test/process_output_file/testdata.fastq/testdata.fastq_genome.psl] 
bpipe.CommandManager	[41]	INFO	|5:25:15 Using config [max_per_command_threads:16, executor:local] for command 
bpipe.CommandManager	[41]	INFO	|5:25:15 Created bpipe command id 12 
bpipe.Concurrency	[41]	INFO	|5:25:15 Thread Thread-8 requesting for -1 concurrency permit(s) type threads with 32 available 
bpipe.Concurrency	[41]	INFO	|5:25:15 There are 1 registered bidders with 0 currently bidding, will distribute resources at 0 
bpipe.Concurrency	[41]	INFO	|5:25:15 Taking over resource allocation because requested/bidders = 1 / 0 
bpipe.Concurrency	[41]	INFO	|5:25:15 First pass allocations are [1] 
bpipe.Concurrency	[41]	INFO	|5:25:15 Dividing up 31 free resource permits among 1 requestors = 31 
bpipe.Concurrency	[41]	INFO	|5:25:15 31 is too much for requestor 0: allocating 15  
bpipe.Concurrency	[41]	INFO	|5:25:15 Thread Thread-8 allocated 16 threads resources after 1 ms 
bpipe.Concurrency	[41]	INFO	|5:25:15 Thread Thread-8 acquired resource threads in amount 16 
bpipe.Command	[54]	INFO	|5:25:15 Command 12 changing state from null to RUNNING 
bpipe.OutputDirectoryWatcher	[42]	INFO	|5:25:15 File testdata.fastq_genome.paf was created in directory testdata.fastq 
bpipe.OutputDirectoryWatcher	[42]	INFO	|5:25:15 Path testdata.fastq_genome.paf was updated / created 
bpipe.executor.ThrottledDelegatingCommandExecutor	[41]	INFO	|5:25:15 Waiting for command to complete before releasing 1 resources 
bpipe.OutputDirectoryWatcher	[39]	INFO	|5:25:15 Path commandlog.txt was updated / created 
bpipe.Concurrency	[1]	INFO	|5:25:18 Waiting for 1 parallel stages to complete (pool.active=1 pool.tasks=1) 
bpipe.Concurrency	[1]	INFO	|5:25:23 Waiting for 1 parallel stages to complete (pool.active=1 pool.tasks=1) 
bpipe.OutputDirectoryWatcher	[39]	INFO	|5:25:25 Path LongGF.run.on.XXX.date.log was updated / created 
bpipe.OutputDirectoryWatcher	[39]	INFO	|5:25:25 Path LongGF.run.on.XXX.date.log was updated / created 
bpipe.OutputDirectoryWatcher	[39]	INFO	|5:25:26 Path LongGF.run.on.XXX.date.log was updated / created 
bpipe.OutputDirectoryWatcher	[39]	INFO	|5:25:26 Path LongGF.run.on.XXX.date.log was updated / created 
bpipe.OutputDirectoryWatcher	[39]	INFO	|5:25:26 Path LongGF.run.on.XXX.date.log was updated / created 
bpipe.OutputDirectoryWatcher	[39]	INFO	|5:25:26 Path longgf_results.txt was updated / created 
bpipe.OutputDirectoryWatcher	[39]	INFO	|5:25:26 Path longgf_results.txt was updated / created 
bpipe.Concurrency	[1]	INFO	|5:25:28 Waiting for 1 parallel stages to complete (pool.active=1 pool.tasks=1) 
bpipe.Concurrency	[1]	INFO	|5:25:34 Waiting for 1 parallel stages to complete (pool.active=1 pool.tasks=1) 
bpipe.Concurrency	[1]	INFO	|5:25:39 Waiting for 1 parallel stages to complete (pool.active=1 pool.tasks=1) 
bpipe.Concurrency	[1]	INFO	|5:25:44 Waiting for 1 parallel stages to complete (pool.active=1 pool.tasks=1) 
bpipe.Concurrency	[1]	INFO	|5:25:49 Waiting for 1 parallel stages to complete (pool.active=1 pool.tasks=1) 
bpipe.Concurrency	[1]	INFO	|5:25:55 Waiting for 1 parallel stages to complete (pool.active=1 pool.tasks=1) 
bpipe.Concurrency	[1]	INFO	|5:26:00 Waiting for 1 parallel stages to complete (pool.active=1 pool.tasks=1) 
bpipe.Concurrency	[1]	INFO	|5:26:05 Waiting for 1 parallel stages to complete (pool.active=1 pool.tasks=1) 
bpipe.Concurrency	[1]	INFO	|5:26:10 Waiting for 1 parallel stages to complete (pool.active=1 pool.tasks=1) 
bpipe.Concurrency	[1]	INFO	|5:26:16 Waiting for 1 parallel stages to complete (pool.active=1 pool.tasks=1) 
bpipe.Concurrency	[1]	INFO	|5:26:21 Waiting for 1 parallel stages to complete (pool.active=1 pool.tasks=1) 
bpipe.Concurrency	[1]	INFO	|5:26:26 Waiting for 1 parallel stages to complete (pool.active=1 pool.tasks=1) 
bpipe.OutputDirectoryWatcher	[42]	INFO	|5:26:26 File testdata.fastq_genome.psl was created in directory testdata.fastq 
bpipe.OutputDirectoryWatcher	[42]	INFO	|5:26:26 Path testdata.fastq_genome.psl was updated / created 
bpipe.executor.ThrottledDelegatingCommandExecutor	[41]	INFO	|5:26:26 Releasing 1 resources 
bpipe.Concurrency	[41]	INFO	|5:26:26 Thread Thread-8 releasing 16 threads 
bpipe.executor.ThrottledDelegatingCommandExecutor	[41]	INFO	|5:26:26 Released 1 resources 
bpipe.PipelineContext	[41]	INFO	|5:26:26 Adding outputs [testdata.fastq/testdata.fastq_genome.paf, testdata.fastq/testdata.fastq_genome.psl] as a result of produce 
bpipe.PipelineStage	[41]	INFO	|5:26:26 Stage minimap2_genome (testdata) returned null as default inputs for next stage 
bpipe.PipelineStage	[41]	INFO	|5:26:26 Inferring nextInputs from explicit output as [testdata.fastq/testdata.fastq_genome.paf, testdata.fastq/testdata.fastq_genome.psl] 
bpipe.PipelineStage	[41]	INFO	|5:26:26 Setting next inputs [testdata.fastq/testdata.fastq_genome.paf, testdata.fastq/testdata.fastq_genome.psl] on stage 737686756, context 1966954744 in thread 41 
bpipe.PipelineStage	[41]	INFO	|5:26:26 Files modified since 1737019515592 in minimap2_genome are [testdata.fastq_genome.paf:1737019515643, testdata.fastq_genome.psl:1737019586829] 
bpipe.Dependencies	[41]	INFO	|5:26:26 Context 1966954744 for stage minimap2_genome has resolved inputs [testdata.fastq/testdata.fastq.fusions.fa] 
bpipe.OutputMetaData	[41]	INFO	|5:26:26 Saving output file details to file .bpipe/outputs/minimap2_genome.testdata.fastq_testdata.fastq_genome.paf.properties for command /home/renzt/rzt/fusi... 
bpipe.Dependencies	[41]	INFO	|5:26:26 Adding file testdata.fastq/testdata.fastq_genome.paf to output graph 
bpipe.Utils	[41]	INFO	|5:26:26 Calculate unique inputs executed in 0 
bpipe.Dependencies	[41]	INFO	|5:26:26 New entry for testdata.fastq/testdata.fastq_genome.paf 
bpipe.Dependencies	[41]	INFO	|5:26:26 Dependency testdata.fastq/testdata.fastq.fusions.fa for testdata.fastq/testdata.fastq_genome.paf is external root input 
bpipe.Dependencies	[41]	INFO	|5:26:26 Maxtimestamp for testdata.fastq/testdata.fastq_genome.paf = 0 
bpipe.Dependencies	[41]	INFO	|5:26:26 There are 1 output groups 
bpipe.Dependencies	[41]	INFO	|5:26:26 Subtracting 1 remaining outputs from 1 total outputs 
bpipe.Utils	[41]	INFO	|5:26:26 Calculate unique inputs executed in 0 
bpipe.Dependencies	[41]	INFO	|5:26:26 There are 0 output groups 
bpipe.Dependencies	[41]	INFO	|5:26:26 Subtracting 0 remaining outputs from 0 total outputs 
bpipe.Dependencies	[41]	INFO	|5:26:26 ====Finished Output Graph===== 
bpipe.Dependencies	[41]	INFO	|5:26:26 There are 0 remaining outputs 
bpipe.Dependencies	[41]	INFO	|5:26:26 Context 1966954744 for stage minimap2_genome has resolved inputs [testdata.fastq/testdata.fastq.fusions.fa] 
bpipe.OutputMetaData	[41]	INFO	|5:26:26 Saving output file details to file .bpipe/outputs/minimap2_genome.testdata.fastq_testdata.fastq_genome.psl.properties for command /home/renzt/rzt/fusi... 
bpipe.Dependencies	[41]	INFO	|5:26:26 Adding file testdata.fastq/testdata.fastq_genome.psl to output graph 
bpipe.Utils	[41]	INFO	|5:26:26 Calculate unique inputs executed in 0.001 seconds 
bpipe.Dependencies	[41]	INFO	|5:26:26 New entry for testdata.fastq/testdata.fastq_genome.psl 
bpipe.Dependencies	[41]	INFO	|5:26:26 Dependency testdata.fastq/testdata.fastq.fusions.fa for testdata.fastq/testdata.fastq_genome.psl is external root input 
bpipe.Dependencies	[41]	INFO	|5:26:26 Maxtimestamp for testdata.fastq/testdata.fastq_genome.psl = 0 
bpipe.Dependencies	[41]	INFO	|5:26:26 There are 1 output groups 
bpipe.Dependencies	[41]	INFO	|5:26:26 Subtracting 1 remaining outputs from 1 total outputs 
bpipe.Utils	[41]	INFO	|5:26:26 Calculate unique inputs executed in 0 
bpipe.Dependencies	[41]	INFO	|5:26:26 There are 0 output groups 
bpipe.Dependencies	[41]	INFO	|5:26:26 Subtracting 0 remaining outputs from 0 total outputs 
bpipe.Dependencies	[41]	INFO	|5:26:26 ====Finished Output Graph===== 
bpipe.Dependencies	[41]	INFO	|5:26:26 There are 0 remaining outputs 
bpipe.PipelineStage	[41]	INFO	|5:26:26 Checking files: [testdata.fastq/testdata.fastq_genome.paf, testdata.fastq/testdata.fastq_genome.psl] 
bpipe.Dependencies	[41]	INFO	|5:26:26 Checking output (s) [testdata.fastq/testdata.fastq_genome.paf, testdata.fastq/testdata.fastq_genome.psl] 
bpipe.Dependencies	[41]	INFO	|5:26:26  Checking file testdata.fastq/testdata.fastq_genome.paf 
bpipe.Dependencies	[41]	INFO	|5:26:26  Checking file testdata.fastq/testdata.fastq_genome.psl 
bpipe.PipelineStage	[41]	INFO	|5:26:26 Inputs are NOT being inferred from context.output (context.nextInputs=[testdata.fastq/testdata.fastq_genome.paf, testdata.fastq/testdata.fastq_genome.psl]) 
bpipe.PipelineStage	[41]	INFO	|5:26:26 No explicit output on stage 1132359011 context 1200086209 so output is nextInputs [testdata.fastq/testdata.fastq_genome.paf, testdata.fastq/testdata.fastq_genome.psl] 
bpipe.PipelineContext	[41]	INFO	|5:26:26 Setting output [testdata.fastq/testdata.fastq_genome.paf, testdata.fastq/testdata.fastq_genome.psl] on context 1200086209 in thread 41 
bpipe.PipelineStage	[41]	INFO	|5:26:26 Setting next inputs [testdata.fastq/testdata.fastq_genome.paf, testdata.fastq/testdata.fastq_genome.psl] on stage 1132359011, context 1200086209 in thread 41 
bpipe.PipelineStage	[41]	INFO	|5:26:26 Files modified since 0 in Unknown are [checks:1737018747217, longgf_results.txt:1737019526340, data.fastq:1737019355189, winnowmap.sam:1737019495599, winnowmap.bam:1737019497123, winnowmap.sorted.bam:1737019498427, winnowmap.sorted.bam.bai:1737019498787, data.sam:1737019504059, data.bam:1737019505963, data.bam.bai:1737019506239, sorted.bam:1737019507515, commandlog.txt:1737019515715, LongGF.run.on.XXX.date.log:1737019526288] 
bpipe.PipelineStage	[41]	INFO	|5:26:26 Checking files: [testdata.fastq/testdata.fastq_genome.paf, testdata.fastq/testdata.fastq_genome.psl] 
bpipe.Dependencies	[41]	INFO	|5:26:26 Checking output (s) [testdata.fastq/testdata.fastq_genome.paf, testdata.fastq/testdata.fastq_genome.psl] 
bpipe.Dependencies	[41]	INFO	|5:26:26  Checking file testdata.fastq/testdata.fastq_genome.paf 
bpipe.Dependencies	[41]	INFO	|5:26:26  Checking file testdata.fastq/testdata.fastq_genome.psl 
bpipe.PipelineCategory	[41]	INFO	|5:26:26 Checking that outputs [testdata.fastq/testdata.fastq_genome.paf, testdata.fastq/testdata.fastq_genome.psl] exist 
bpipe.Dependencies	[41]	INFO	|5:26:26 Checking input (s) [testdata.fastq/testdata.fastq_genome.paf, testdata.fastq/testdata.fastq_genome.psl] 
bpipe.Dependencies	[41]	INFO	|5:26:26  Checking file testdata.fastq/testdata.fastq_genome.paf 
bpipe.Dependencies	[41]	INFO	|5:26:26  Checking file testdata.fastq/testdata.fastq_genome.psl 
bpipe.PipelineCategory	[41]	INFO	|5:26:26 Next inputs from stage = [testdata.fastq/testdata.fastq_genome.paf, testdata.fastq/testdata.fastq_genome.psl] 
bpipe.PipelineCategory	[41]	INFO	|5:26:26 Checking inputs for next stage:  [testdata.fastq/testdata.fastq_genome.paf, testdata.fastq/testdata.fastq_genome.psl] 
bpipe.Dependencies	[41]	INFO	|5:26:26 Checking input (s) [testdata.fastq/testdata.fastq_genome.paf, testdata.fastq/testdata.fastq_genome.psl] 
bpipe.Dependencies	[41]	INFO	|5:26:26  Checking file testdata.fastq/testdata.fastq_genome.paf 
bpipe.Dependencies	[41]	INFO	|5:26:26  Checking file testdata.fastq/testdata.fastq_genome.psl 
bpipe.Dependencies	[41]	INFO	|5:26:26 Checking input (s) [testdata.fastq/testdata.fastq_genome.paf, testdata.fastq/testdata.fastq_genome.psl] 
bpipe.Dependencies	[41]	INFO	|5:26:26  Checking file testdata.fastq/testdata.fastq_genome.paf 
bpipe.Dependencies	[41]	INFO	|5:26:26  Checking file testdata.fastq/testdata.fastq_genome.psl 
bpipe.PipelineStage	[41]	INFO	|5:26:26 Stage make_fasta_reads_table (testdata) : INPUT=[testdata.fastq/testdata.fastq_genome.paf, testdata.fastq/testdata.fastq_genome.psl] OUTPUT=testdata.fastq_genome.paf.make_fasta_reads_table 
bpipe.PipelineDelegate	[41]	INFO	|5:26:26 Setting or creating a delegate for context 1325336209 body 727197178/JAFFA_stages_bpipe in thread 41 
bpipe.OutputDirectoryWatcher	[39]	INFO	|5:26:26 Path commandlog.txt was updated / created 
bpipe.PipelineDelegate	[41]	INFO	|5:26:26 Created new delegate bpipe.PipelineDelegate@7da19f1b overriding type JAFFA_stages_bpipe in thread 41 
bpipe.PipelineContext	[41]	INFO	|5:26:26 No inputs resolved by input wrappers: outputs based on default testdata.fastq_genome.paf.make_fasta_reads_table 
bpipe.PipelineContext	[41]	INFO	|5:26:26 Output set to testdata.fastq (new default output = testdata.fastq/testdata.fastq_genome.paf.make_fasta_reads_table) 
bpipe.PipelineInput	[41]	INFO	|5:26:26 Searching for missing Property: txt 
bpipe.PipelineInput	[41]	INFO	|5:26:26 Resolving inputs matching pattern ^.*\.txt$ 
bpipe.PipelineInput	[41]	INFO	|5:26:26 Found files with exts [txt$] : [[testdata.fastq/testdata.fastq.txt]] 
bpipe.PipelineInput	[41]	INFO	|5:26:26 Adding resolved input testdata.fastq/testdata.fastq.txt (raw input = testdata.fastq/testdata.fastq.txt) 
bpipe.PipelineContext	[41]	INFO	|5:26:26 Producing [testdata.fastq/testdata.fastq.reads] from bpipe.PipelineContext@4eff0691 
bpipe.PipelineDelegate	[41]	INFO	|5:26:26 Setting or creating a delegate for context 1325336209 body 962721243/JAFFA_stages_bpipe$_run_closure14 in thread 41 
bpipe.PipelineDelegate	[41]	INFO	|5:26:26 Created new delegate bpipe.PipelineDelegate@69cc0326 overriding type JAFFA_stages_bpipe$_run_closure14 in thread 41 
bpipe.PipelineContext	[41]	INFO	|5:26:26 Probing command using inputs [testdata.fastq/testdata.fastq_genome.paf, testdata.fastq/testdata.fastq_genome.psl] 
bpipe.PipelineContext	[41]	INFO	|5:26:26 From clause searching for inputs matching spec [txt] 
bpipe.PipelineContext	[41]	INFO	|5:26:26 Input list to check:  [[testdata.fastq/testdata.fastq_genome.paf, testdata.fastq/testdata.fastq_genome.psl], [testdata.fastq/testdata.fastq_genome.paf, testdata.fastq/testdata.fastq_genome.psl], [testdata.fastq/testdata.fastq.fusions.fa], [testdata.fastq/testdata.fastq.txt], [testdata.fastq/testdata.fastq.paf], [testdata.fastq/testdata.fastq.txt], [testdata.fastq/testdata.fastq.fusions.fa], [testdata.fastq/testdata.fastq_genome.paf, testdata.fastq/testdata.fastq_genome.psl], [], [], [], [testdata.fastq/testdata.fastq.fasta], [], [/home/renzt/rzt/fusion_gene/GFvoter-main/testdata.fastq.gz], [], [], [checks], [], [], [/home/renzt/rzt/fusion_gene/GFvoter-main/testdata.fastq.gz]] 
bpipe.PipelineContext	[41]	INFO	|5:26:26 Check testdata.fastq/testdata.fastq_genome.paf ends with txt 
bpipe.PipelineContext	[41]	INFO	|5:26:26 Check testdata.fastq/testdata.fastq_genome.psl ends with txt 
bpipe.PipelineContext	[41]	INFO	|5:26:26 Matched : [] 
bpipe.PipelineContext	[41]	INFO	|5:26:26 Check testdata.fastq/testdata.fastq_genome.paf ends with txt 
bpipe.PipelineContext	[41]	INFO	|5:26:26 Check testdata.fastq/testdata.fastq_genome.psl ends with txt 
bpipe.PipelineContext	[41]	INFO	|5:26:26 Matched : [] 
bpipe.PipelineContext	[41]	INFO	|5:26:26 Check testdata.fastq/testdata.fastq.fusions.fa ends with txt 
bpipe.PipelineContext	[41]	INFO	|5:26:26 Matched : [] 
bpipe.PipelineContext	[41]	INFO	|5:26:26 Check testdata.fastq/testdata.fastq.txt ends with txt 
bpipe.PipelineContext	[41]	INFO	|5:26:26 Matched : [testdata.fastq/testdata.fastq.txt] 
bpipe.PipelineContext	[41]	INFO	|5:26:26 Checking [testdata.fastq/testdata.fastq.txt] vs txt Y 
bpipe.PipelineContext	[41]	INFO	|5:26:26 Found inputs [testdata.fastq/testdata.fastq.txt] for spec [txt] 
bpipe.PipelineContext	[41]	INFO	|5:26:26 Using previously set output: [testdata.fastq/testdata.fastq.reads] 
bpipe.PipelineContext	[41]	INFO	|5:26:26 Using previously set output: [testdata.fastq/testdata.fastq.reads] 
bpipe.PipelineContext	[41]	INFO	|5:26:26 Tracking outputs referenced=[[]] inferred=[[testdata.fastq/testdata.fastq.reads]] for command 
                echo  -e "transcript	break_min	break_max	fusion_genes	spanning_pairs	spanning_reads" > testdata.fastq/testdata.fastq.reads ; 
                awk '{ print $1"	"$2"	"$3"	"$4"	"0"	"1}' testdata.fastq/testdata.fastq_genome.paf | sort -u  >> testdata.fastq/testdata.fastq.reads
             
bpipe.Command	[41]	INFO	|5:26:26 Checking for configuration for command make_fasta_reads_table 
bpipe.Command	[41]	INFO	|5:26:26 Default command properties: [max_per_command_threads:16, executor:local] 
bpipe.PipelineContext	[41]	INFO	|5:26:26 Checking actual resolved inputs [testdata.fastq/testdata.fastq.txt, testdata.fastq/testdata.fastq.txt, testdata.fastq/testdata.fastq.txt, testdata.fastq/testdata.fastq_genome.paf] 
bpipe.PipelineContext	[41]	INFO	|5:26:26 Skip check dependencies due to probe mode 
bpipe.PipelineContext	[41]	INFO	|5:26:26 Skip command start for echo  -e "transcript	break_min	break_max	fusion_genes	spanning_pairs	spanning_reads" > testdata.fastq/testdata.fastq.reads ;                  awk '{ print $1"	"$2"	"$3"	"$4"	"0"	"1}' testdata.fastq/testdata.fastq_genome.paf | sort -u  >> testdata.fastq/testdata.fastq.reads due to probe mode 
bpipe.PipelineContext	[41]	INFO	|5:26:26 Finished probe 
bpipe.Utils	[41]	INFO	|5:26:26 ===== Check testdata.fastq/testdata.fastq.reads ===== 
bpipe.Utils	[41]	INFO	|5:26:26 file doesn't exist: testdata.fastq/testdata.fastq.reads 
bpipe.Utils	[41]	INFO	|5:26:26 ===== Check testdata.fastq/testdata.fastq.reads ===== 
bpipe.Utils	[41]	INFO	|5:26:26 file doesn't exist: testdata.fastq/testdata.fastq.reads 
bpipe.Dependencies	[41]	INFO	|5:26:26 Found these missing / older files: [testdata.fastq/testdata.fastq.reads, testdata.fastq/testdata.fastq.reads] 
bpipe.Dependencies	[41]	INFO	|5:26:26 Output properties file is not available for /home/renzt/rzt/fusion_gene/GFvoter-main/GFvoter_out_test/process_output_file/testdata.fastq/testdata.fastq.reads: assume NOT cleaned up 
bpipe.Dependencies	[41]	INFO	|5:26:26 Output properties file is not available for /home/renzt/rzt/fusion_gene/GFvoter-main/GFvoter_out_test/process_output_file/testdata.fastq/testdata.fastq.reads: assume NOT cleaned up 
bpipe.Dependencies	[41]	INFO	|5:26:26 Some files are outdated : [/home/renzt/rzt/fusion_gene/GFvoter-main/GFvoter_out_test/process_output_file/testdata.fastq/testdata.fastq.reads, /home/renzt/rzt/fusion_gene/GFvoter-main/GFvoter_out_test/process_output_file/testdata.fastq/testdata.fastq.reads] 
bpipe.PipelineContext	[41]	INFO	|5:26:26 Not up to date because input inferred by probe of body newer than outputs 
bpipe.PipelineDelegate	[41]	INFO	|5:26:26 Setting or creating a delegate for context 1325336209 body 962721243/bpipe.PipelineDelegate in thread 41 
bpipe.PipelineDelegate	[41]	INFO	|5:26:26 Existing delegate bpipe.PipelineDelegate@69cc0326 has type bpipe.PipelineDelegate in thread 41. Setting new context 1325336209 
bpipe.PipelineContext	[41]	INFO	|5:26:26 Producing from inputs [testdata.fastq/testdata.fastq.txt] 
bpipe.PipelineContext	[41]	INFO	|5:26:26 From clause searching for inputs matching spec [txt] 
bpipe.PipelineContext	[41]	INFO	|5:26:26 Input list to check:  [[testdata.fastq/testdata.fastq.txt], [testdata.fastq/testdata.fastq_genome.paf, testdata.fastq/testdata.fastq_genome.psl], [testdata.fastq/testdata.fastq.fusions.fa], [testdata.fastq/testdata.fastq.txt], [testdata.fastq/testdata.fastq.paf], [testdata.fastq/testdata.fastq.txt], [testdata.fastq/testdata.fastq.fusions.fa], [testdata.fastq/testdata.fastq_genome.paf, testdata.fastq/testdata.fastq_genome.psl], [], [], [], [testdata.fastq/testdata.fastq.fasta], [], [/home/renzt/rzt/fusion_gene/GFvoter-main/testdata.fastq.gz], [], [], [checks], [], [], [/home/renzt/rzt/fusion_gene/GFvoter-main/testdata.fastq.gz]] 
bpipe.PipelineContext	[41]	INFO	|5:26:26 Check testdata.fastq/testdata.fastq.txt ends with txt 
bpipe.PipelineContext	[41]	INFO	|5:26:26 Matched : [testdata.fastq/testdata.fastq.txt] 
bpipe.PipelineContext	[41]	INFO	|5:26:26 Checking [testdata.fastq/testdata.fastq.txt] vs txt Y 
bpipe.PipelineContext	[41]	INFO	|5:26:26 Found inputs [testdata.fastq/testdata.fastq.txt] for spec [txt] 
bpipe.PipelineContext	[41]	INFO	|5:26:26 Using previously set output: [testdata.fastq/testdata.fastq.reads] 
bpipe.PipelineContext	[41]	INFO	|5:26:26 Using previously set output: [testdata.fastq/testdata.fastq.reads] 
bpipe.PipelineContext	[41]	INFO	|5:26:26 Tracking outputs referenced=[[]] inferred=[[testdata.fastq/testdata.fastq.reads]] for command 
                echo  -e "transcript	break_min	break_max	fusion_genes	spanning_pairs	spanning_reads" > testdata.fastq/testdata.fastq.reads ; 
                awk '{ print $1"	"$2"	"$3"	"$4"	"0"	"1}' testdata.fastq/testdata.fastq.txt | sort -u  >> testdata.fastq/testdata.fastq.reads
             
bpipe.Command	[41]	INFO	|5:26:26 Checking for configuration for command make_fasta_reads_table 
bpipe.Command	[41]	INFO	|5:26:26 Default command properties: [max_per_command_threads:16, executor:local] 
bpipe.PipelineContext	[41]	INFO	|5:26:26 Checking actual resolved inputs [testdata.fastq/testdata.fastq.txt, testdata.fastq/testdata.fastq.txt] 
bpipe.Utils	[41]	INFO	|5:26:26 ===== Check testdata.fastq/testdata.fastq.reads ===== 
bpipe.Utils	[41]	INFO	|5:26:26 file doesn't exist: testdata.fastq/testdata.fastq.reads 
bpipe.Utils	[41]	INFO	|5:26:26 ===== Check testdata.fastq/testdata.fastq.reads ===== 
bpipe.Utils	[41]	INFO	|5:26:26 file doesn't exist: testdata.fastq/testdata.fastq.reads 
bpipe.Dependencies	[41]	INFO	|5:26:26 Found these missing / older files: [testdata.fastq/testdata.fastq.reads, testdata.fastq/testdata.fastq.reads] 
bpipe.Dependencies	[41]	INFO	|5:26:26 Output properties file is not available for /home/renzt/rzt/fusion_gene/GFvoter-main/GFvoter_out_test/process_output_file/testdata.fastq/testdata.fastq.reads: assume NOT cleaned up 
bpipe.Dependencies	[41]	INFO	|5:26:26 Output properties file is not available for /home/renzt/rzt/fusion_gene/GFvoter-main/GFvoter_out_test/process_output_file/testdata.fastq/testdata.fastq.reads: assume NOT cleaned up 
bpipe.Dependencies	[41]	INFO	|5:26:26 Some files are outdated : [/home/renzt/rzt/fusion_gene/GFvoter-main/GFvoter_out_test/process_output_file/testdata.fastq/testdata.fastq.reads, /home/renzt/rzt/fusion_gene/GFvoter-main/GFvoter_out_test/process_output_file/testdata.fastq/testdata.fastq.reads] 
bpipe.CommandManager	[41]	INFO	|5:26:26 Using config [max_per_command_threads:16, executor:local] for command 
bpipe.CommandManager	[41]	INFO	|5:26:26 Created bpipe command id 14 
bpipe.Concurrency	[41]	INFO	|5:26:26 Thread Thread-8 requesting for 1 concurrency permit(s) type threads with 32 available 
bpipe.Concurrency	[41]	INFO	|5:26:26 There are 1 registered bidders with 0 currently bidding, will distribute resources at 0 
bpipe.Concurrency	[41]	INFO	|5:26:26 Taking over resource allocation because requested/bidders = 1 / 0 
bpipe.Concurrency	[41]	INFO	|5:26:26 First pass allocations are [1] 
bpipe.Concurrency	[41]	INFO	|5:26:26 Thread Thread-8 allocated 1 threads resources after 0 ms 
bpipe.Concurrency	[41]	INFO	|5:26:26 Thread Thread-8 acquired resource threads in amount 1 
bpipe.Command	[57]	INFO	|5:26:26 Command 14 changing state from null to RUNNING 
bpipe.OutputDirectoryWatcher	[42]	INFO	|5:26:26 File testdata.fastq.reads was created in directory testdata.fastq 
bpipe.OutputDirectoryWatcher	[42]	INFO	|5:26:26 Path testdata.fastq.reads was updated / created 
bpipe.OutputDirectoryWatcher	[42]	INFO	|5:26:26 Path testdata.fastq.reads was updated / created 
bpipe.executor.ThrottledDelegatingCommandExecutor	[41]	INFO	|5:26:26 Waiting for command to complete before releasing 1 resources 
bpipe.OutputDirectoryWatcher	[39]	INFO	|5:26:26 Path commandlog.txt was updated / created 
bpipe.executor.ThrottledDelegatingCommandExecutor	[41]	INFO	|5:26:26 Releasing 1 resources 
bpipe.Concurrency	[41]	INFO	|5:26:26 Thread Thread-8 releasing 1 threads 
bpipe.executor.ThrottledDelegatingCommandExecutor	[41]	INFO	|5:26:26 Released 1 resources 
bpipe.PipelineContext	[41]	INFO	|5:26:26 Adding outputs [testdata.fastq/testdata.fastq.reads] as a result of produce 
bpipe.PipelineStage	[41]	INFO	|5:26:27 Stage make_fasta_reads_table (testdata) returned null as default inputs for next stage 
bpipe.PipelineStage	[41]	INFO	|5:26:27 Inferring nextInputs from explicit output as [testdata.fastq/testdata.fastq.reads] 
bpipe.PipelineStage	[41]	INFO	|5:26:27 Setting next inputs [testdata.fastq/testdata.fastq.reads] on stage 653983138, context 1325336209 in thread 41 
bpipe.PipelineStage	[41]	INFO	|5:26:27 Files modified since 1737019586869 in make_fasta_reads_table are [testdata.fastq.reads:1737019586929] 
bpipe.Dependencies	[41]	INFO	|5:26:27 Context 1325336209 for stage make_fasta_reads_table has resolved inputs [testdata.fastq/testdata.fastq.txt, testdata.fastq/testdata.fastq_genome.paf] 
bpipe.OutputMetaData	[41]	INFO	|5:26:27 Saving output file details to file .bpipe/outputs/make_fasta_reads_table.testdata.fastq_testdata.fastq.reads.properties for command echo  -e "transcript... 
bpipe.Dependencies	[41]	INFO	|5:26:27 Adding file testdata.fastq/testdata.fastq.reads to output graph 
bpipe.Utils	[41]	INFO	|5:26:27 Calculate unique inputs executed in 0 
bpipe.Dependencies	[41]	INFO	|5:26:27 New entry for testdata.fastq/testdata.fastq.reads 
bpipe.Dependencies	[41]	INFO	|5:26:27 Dependency testdata.fastq/testdata.fastq.txt for testdata.fastq/testdata.fastq.reads is external root input 
bpipe.Dependencies	[41]	INFO	|5:26:27 Dependency testdata.fastq/testdata.fastq_genome.paf for testdata.fastq/testdata.fastq.reads is external root input 
bpipe.Dependencies	[41]	INFO	|5:26:27 Maxtimestamp for testdata.fastq/testdata.fastq.reads = 0 
bpipe.Dependencies	[41]	INFO	|5:26:27 There are 1 output groups 
bpipe.Dependencies	[41]	INFO	|5:26:27 Subtracting 1 remaining outputs from 1 total outputs 
bpipe.Utils	[41]	INFO	|5:26:27 Calculate unique inputs executed in 0 
bpipe.Dependencies	[41]	INFO	|5:26:27 There are 0 output groups 
bpipe.Dependencies	[41]	INFO	|5:26:27 Subtracting 0 remaining outputs from 0 total outputs 
bpipe.Dependencies	[41]	INFO	|5:26:27 ====Finished Output Graph===== 
bpipe.Dependencies	[41]	INFO	|5:26:27 There are 0 remaining outputs 
bpipe.PipelineStage	[41]	INFO	|5:26:27 Checking files: [testdata.fastq/testdata.fastq.reads] 
bpipe.Dependencies	[41]	INFO	|5:26:27 Checking output (s) [testdata.fastq/testdata.fastq.reads] 
bpipe.Dependencies	[41]	INFO	|5:26:27  Checking file testdata.fastq/testdata.fastq.reads 
bpipe.PipelineStage	[41]	INFO	|5:26:27 Inputs are NOT being inferred from context.output (context.nextInputs=[testdata.fastq/testdata.fastq.reads]) 
bpipe.PipelineStage	[41]	INFO	|5:26:27 No explicit output on stage 1788449165 context 1146471867 so output is nextInputs [testdata.fastq/testdata.fastq.reads] 
bpipe.PipelineContext	[41]	INFO	|5:26:27 Setting output [testdata.fastq/testdata.fastq.reads] on context 1146471867 in thread 41 
bpipe.PipelineStage	[41]	INFO	|5:26:27 Setting next inputs [testdata.fastq/testdata.fastq.reads] on stage 1788449165, context 1146471867 in thread 41 
bpipe.PipelineStage	[41]	INFO	|5:26:27 Files modified since 0 in Unknown are [checks:1737018747217, longgf_results.txt:1737019526340, data.fastq:1737019355189, winnowmap.sam:1737019495599, winnowmap.bam:1737019497123, winnowmap.sorted.bam:1737019498427, winnowmap.sorted.bam.bai:1737019498787, data.sam:1737019504059, data.bam:1737019505963, data.bam.bai:1737019506239, sorted.bam:1737019507515, LongGF.run.on.XXX.date.log:1737019526288, commandlog.txt:1737019586993] 
bpipe.PipelineStage	[41]	INFO	|5:26:27 Checking files: [testdata.fastq/testdata.fastq.reads] 
bpipe.Dependencies	[41]	INFO	|5:26:27 Checking output (s) [testdata.fastq/testdata.fastq.reads] 
bpipe.Dependencies	[41]	INFO	|5:26:27  Checking file testdata.fastq/testdata.fastq.reads 
bpipe.PipelineCategory	[41]	INFO	|5:26:27 Checking that outputs [testdata.fastq/testdata.fastq.reads] exist 
bpipe.Dependencies	[41]	INFO	|5:26:27 Checking input (s) [testdata.fastq/testdata.fastq.reads] 
bpipe.Dependencies	[41]	INFO	|5:26:27  Checking file testdata.fastq/testdata.fastq.reads 
bpipe.PipelineCategory	[41]	INFO	|5:26:27 Next inputs from stage = [testdata.fastq/testdata.fastq.reads] 
bpipe.PipelineCategory	[41]	INFO	|5:26:27 Checking inputs for next stage:  [testdata.fastq/testdata.fastq.reads] 
bpipe.Dependencies	[41]	INFO	|5:26:27 Checking input (s) [testdata.fastq/testdata.fastq.reads] 
bpipe.Dependencies	[41]	INFO	|5:26:27  Checking file testdata.fastq/testdata.fastq.reads 
bpipe.Dependencies	[41]	INFO	|5:26:27 Checking input (s) [testdata.fastq/testdata.fastq.reads] 
bpipe.Dependencies	[41]	INFO	|5:26:27  Checking file testdata.fastq/testdata.fastq.reads 
bpipe.PipelineStage	[41]	INFO	|5:26:27 Stage get_final_list (testdata) : INPUT=[testdata.fastq/testdata.fastq.reads] OUTPUT=testdata.fastq.reads.get_final_list 
bpipe.OutputDirectoryWatcher	[39]	INFO	|5:26:27 Path commandlog.txt was updated / created 
bpipe.PipelineDelegate	[41]	INFO	|5:26:27 Setting or creating a delegate for context 853771128 body 373097727/JAFFA_stages_bpipe in thread 41 
bpipe.PipelineDelegate	[41]	INFO	|5:26:27 Created new delegate bpipe.PipelineDelegate@14507950 overriding type JAFFA_stages_bpipe in thread 41 
bpipe.PipelineContext	[41]	INFO	|5:26:27 No inputs resolved by input wrappers: outputs based on default testdata.fastq.reads.get_final_list 
bpipe.PipelineContext	[41]	INFO	|5:26:27 Output set to testdata.fastq (new default output = testdata.fastq/testdata.fastq.reads.get_final_list) 
bpipe.PipelineContext	[41]	INFO	|5:26:27 Producing [testdata.fastq.summary] from bpipe.PipelineContext@32e38378 
bpipe.PipelineDelegate	[41]	INFO	|5:26:27 Setting or creating a delegate for context 853771128 body 107477429/JAFFA_stages_bpipe$_run_closure17 in thread 41 
bpipe.PipelineDelegate	[41]	INFO	|5:26:27 Created new delegate bpipe.PipelineDelegate@1d2385bd overriding type JAFFA_stages_bpipe$_run_closure17 in thread 41 
bpipe.PipelineContext	[41]	INFO	|5:26:27 Probing command using inputs [testdata.fastq/testdata.fastq.reads] 
bpipe.PipelineContext	[41]	INFO	|5:26:27 From clause searching for inputs matching spec [.psl, .reads] 
bpipe.PipelineContext	[41]	INFO	|5:26:27 Input list to check:  [[testdata.fastq/testdata.fastq.reads], [testdata.fastq/testdata.fastq.reads], [testdata.fastq/testdata.fastq_genome.paf, testdata.fastq/testdata.fastq_genome.psl], [testdata.fastq/testdata.fastq.fusions.fa], [testdata.fastq/testdata.fastq.txt], [testdata.fastq/testdata.fastq.paf], [testdata.fastq/testdata.fastq.txt], [testdata.fastq/testdata.fastq.fusions.fa], [testdata.fastq/testdata.fastq_genome.paf, testdata.fastq/testdata.fastq_genome.psl], [testdata.fastq/testdata.fastq.reads], [], [], [testdata.fastq/testdata.fastq.fasta], [], [/home/renzt/rzt/fusion_gene/GFvoter-main/testdata.fastq.gz], [], [], [checks], [], [], [/home/renzt/rzt/fusion_gene/GFvoter-main/testdata.fastq.gz]] 
bpipe.PipelineContext	[41]	INFO	|5:26:27 Check testdata.fastq/testdata.fastq.reads ends with .psl 
bpipe.PipelineContext	[41]	INFO	|5:26:27 Matched : [] 
bpipe.PipelineContext	[41]	INFO	|5:26:27 Check testdata.fastq/testdata.fastq.reads ends with .psl 
bpipe.PipelineContext	[41]	INFO	|5:26:27 Matched : [] 
bpipe.PipelineContext	[41]	INFO	|5:26:27 Check testdata.fastq/testdata.fastq_genome.paf ends with .psl 
bpipe.PipelineContext	[41]	INFO	|5:26:27 Check testdata.fastq/testdata.fastq_genome.psl ends with .psl 
bpipe.PipelineContext	[41]	INFO	|5:26:27 Matched : [testdata.fastq/testdata.fastq_genome.psl] 
bpipe.PipelineContext	[41]	INFO	|5:26:27 Checking [testdata.fastq/testdata.fastq_genome.paf, testdata.fastq/testdata.fastq_genome.psl] vs .psl Y 
bpipe.PipelineContext	[41]	INFO	|5:26:27 Check testdata.fastq/testdata.fastq.reads ends with .reads 
bpipe.PipelineContext	[41]	INFO	|5:26:27 Matched : [testdata.fastq/testdata.fastq.reads] 
bpipe.PipelineContext	[41]	INFO	|5:26:27 Checking [testdata.fastq/testdata.fastq.reads] vs .reads Y 
bpipe.PipelineContext	[41]	INFO	|5:26:27 Found inputs [testdata.fastq/testdata.fastq_genome.psl, testdata.fastq/testdata.fastq.reads] for spec [.psl, .reads] 
bpipe.PipelineDelegate	[41]	INFO	|5:26:27 Input 1 reference resolved by PipelineDelegate 
bpipe.PipelineContext	[41]	INFO	|5:26:27 Using previously set output: [testdata.fastq/testdata.fastq.summary] 
bpipe.PipelineDelegate	[41]	INFO	|5:26:27 Input 1 reference resolved by PipelineDelegate 
bpipe.PipelineDelegate	[41]	INFO	|5:26:27 Input 2 reference resolved by PipelineDelegate 
bpipe.PipelineContext	[41]	INFO	|5:26:27 Using previously set output: [testdata.fastq/testdata.fastq.summary] 
bpipe.PipelineContext	[41]	INFO	|5:26:27 Tracking outputs referenced=[[]] inferred=[[testdata.fastq/testdata.fastq.summary]] for command 
	        if [ ! -s testdata.fastq/testdata.fastq_genome.psl ] ; then
		   touch testdata.fastq/testdata.fastq.summary ;
 		else 
                   /usr/bin/R --vanilla --args testdata.fastq/testdata.fastq_genome.psl testdata.fastq/testdata.fastq.reads /home/renzt/rzt/fusion_gene/GFvoter-main/JAFFA-version-2.3/hg38_genCode22.tab /home/renzt/rzt/fusion_gene/GFvoter-main/JAFFA-version-2.3/known_fusions.txt 
		   10000 NoSupport,PotentialReadThrough 50 testdata.fastq/testdata.fastq.summary < /home/renzt/rzt/fusion_gene/GFvoter-main/JAFFA-version-2.3/make_final_table.R ;
		 fi;
             
bpipe.Command	[41]	INFO	|5:26:27 Checking for configuration for command get_final_list 
bpipe.Command	[41]	INFO	|5:26:27 Default command properties: [max_per_command_threads:16, executor:local] 
bpipe.PipelineContext	[41]	INFO	|5:26:27 Checking actual resolved inputs [testdata.fastq/testdata.fastq_genome.psl, testdata.fastq/testdata.fastq.reads, testdata.fastq/testdata.fastq_genome.psl, testdata.fastq/testdata.fastq.reads] 
bpipe.PipelineContext	[41]	INFO	|5:26:27 Skip check dependencies due to probe mode 
bpipe.PipelineContext	[41]	INFO	|5:26:27 Skip command start for if [ ! -s testdata.fastq/testdata.fastq_genome.psl ] ; then touch testdata.fastq/testdata.fastq.summary ; else  /usr/bin/R --vanilla --args testdata.fastq/testdata.fastq_genome.psl testdata.fastq/testdata.fastq.reads /home/renzt/rzt/fusion_gene/GFvoter-main/JAFFA-version-2.3/hg38_genCode22.tab /home/renzt/rzt/fusion_gene/GFvoter-main/JAFFA-version-2.3/known_fusions.txt  10000 NoSupport,PotentialReadThrough 50 testdata.fastq/testdata.fastq.summary < /home/renzt/rzt/fusion_gene/GFvoter-main/JAFFA-version-2.3/make_final_table.R ; fi; due to probe mode 
bpipe.PipelineContext	[41]	INFO	|5:26:27 Finished probe 
bpipe.Utils	[41]	INFO	|5:26:27 ===== Check testdata.fastq/testdata.fastq.summary ===== 
bpipe.Utils	[41]	INFO	|5:26:27 file doesn't exist: testdata.fastq/testdata.fastq.summary 
bpipe.Utils	[41]	INFO	|5:26:27 ===== Check testdata.fastq/testdata.fastq.summary ===== 
bpipe.Utils	[41]	INFO	|5:26:27 file doesn't exist: testdata.fastq/testdata.fastq.summary 
bpipe.Dependencies	[41]	INFO	|5:26:27 Found these missing / older files: [testdata.fastq/testdata.fastq.summary, testdata.fastq/testdata.fastq.summary] 
bpipe.Dependencies	[41]	INFO	|5:26:27 Output properties file is not available for /home/renzt/rzt/fusion_gene/GFvoter-main/GFvoter_out_test/process_output_file/testdata.fastq/testdata.fastq.summary: assume NOT cleaned up 
bpipe.Dependencies	[41]	INFO	|5:26:27 Output properties file is not available for /home/renzt/rzt/fusion_gene/GFvoter-main/GFvoter_out_test/process_output_file/testdata.fastq/testdata.fastq.summary: assume NOT cleaned up 
bpipe.Dependencies	[41]	INFO	|5:26:27 Some files are outdated : [/home/renzt/rzt/fusion_gene/GFvoter-main/GFvoter_out_test/process_output_file/testdata.fastq/testdata.fastq.summary, /home/renzt/rzt/fusion_gene/GFvoter-main/GFvoter_out_test/process_output_file/testdata.fastq/testdata.fastq.summary] 
bpipe.PipelineContext	[41]	INFO	|5:26:27 Not up to date because input inferred by probe of body newer than outputs 
bpipe.PipelineDelegate	[41]	INFO	|5:26:27 Setting or creating a delegate for context 853771128 body 107477429/bpipe.PipelineDelegate in thread 41 
bpipe.PipelineDelegate	[41]	INFO	|5:26:27 Existing delegate bpipe.PipelineDelegate@1d2385bd has type bpipe.PipelineDelegate in thread 41. Setting new context 853771128 
bpipe.PipelineContext	[41]	INFO	|5:26:27 Producing from inputs [testdata.fastq/testdata.fastq_genome.psl, testdata.fastq/testdata.fastq.reads] 
bpipe.PipelineContext	[41]	INFO	|5:26:27 From clause searching for inputs matching spec [.psl, .reads] 
bpipe.PipelineContext	[41]	INFO	|5:26:27 Input list to check:  [[testdata.fastq/testdata.fastq_genome.psl, testdata.fastq/testdata.fastq.reads], [testdata.fastq/testdata.fastq.reads], [testdata.fastq/testdata.fastq_genome.paf, testdata.fastq/testdata.fastq_genome.psl], [testdata.fastq/testdata.fastq.fusions.fa], [testdata.fastq/testdata.fastq.txt], [testdata.fastq/testdata.fastq.paf], [testdata.fastq/testdata.fastq.txt], [testdata.fastq/testdata.fastq.fusions.fa], [testdata.fastq/testdata.fastq_genome.paf, testdata.fastq/testdata.fastq_genome.psl], [testdata.fastq/testdata.fastq.reads], [], [], [testdata.fastq/testdata.fastq.fasta], [], [/home/renzt/rzt/fusion_gene/GFvoter-main/testdata.fastq.gz], [], [], [checks], [], [], [/home/renzt/rzt/fusion_gene/GFvoter-main/testdata.fastq.gz]] 
bpipe.PipelineContext	[41]	INFO	|5:26:27 Check testdata.fastq/testdata.fastq_genome.psl ends with .psl 
bpipe.PipelineContext	[41]	INFO	|5:26:27 Check testdata.fastq/testdata.fastq.reads ends with .psl 
bpipe.PipelineContext	[41]	INFO	|5:26:27 Matched : [testdata.fastq/testdata.fastq_genome.psl] 
bpipe.PipelineContext	[41]	INFO	|5:26:27 Checking [testdata.fastq/testdata.fastq_genome.psl, testdata.fastq/testdata.fastq.reads] vs .psl Y 
bpipe.PipelineContext	[41]	INFO	|5:26:27 Check testdata.fastq/testdata.fastq_genome.psl ends with .reads 
bpipe.PipelineContext	[41]	INFO	|5:26:27 Check testdata.fastq/testdata.fastq.reads ends with .reads 
bpipe.PipelineContext	[41]	INFO	|5:26:27 Matched : [testdata.fastq/testdata.fastq.reads] 
bpipe.PipelineContext	[41]	INFO	|5:26:27 Checking [testdata.fastq/testdata.fastq_genome.psl, testdata.fastq/testdata.fastq.reads] vs .reads Y 
bpipe.PipelineContext	[41]	INFO	|5:26:27 Found inputs [testdata.fastq/testdata.fastq_genome.psl, testdata.fastq/testdata.fastq.reads] for spec [.psl, .reads] 
bpipe.PipelineDelegate	[41]	INFO	|5:26:27 Input 1 reference resolved by PipelineDelegate 
bpipe.PipelineContext	[41]	INFO	|5:26:27 Using previously set output: [testdata.fastq/testdata.fastq.summary] 
bpipe.PipelineDelegate	[41]	INFO	|5:26:27 Input 1 reference resolved by PipelineDelegate 
bpipe.PipelineDelegate	[41]	INFO	|5:26:27 Input 2 reference resolved by PipelineDelegate 
bpipe.PipelineContext	[41]	INFO	|5:26:27 Using previously set output: [testdata.fastq/testdata.fastq.summary] 
bpipe.PipelineContext	[41]	INFO	|5:26:27 Tracking outputs referenced=[[]] inferred=[[testdata.fastq/testdata.fastq.summary]] for command 
	        if [ ! -s testdata.fastq/testdata.fastq_genome.psl ] ; then
		   touch testdata.fastq/testdata.fastq.summary ;
 		else 
                   /usr/bin/R --vanilla --args testdata.fastq/testdata.fastq_genome.psl testdata.fastq/testdata.fastq.reads /home/renzt/rzt/fusion_gene/GFvoter-main/JAFFA-version-2.3/hg38_genCode22.tab /home/renzt/rzt/fusion_gene/GFvoter-main/JAFFA-version-2.3/known_fusions.txt 
		   10000 NoSupport,PotentialReadThrough 50 testdata.fastq/testdata.fastq.summary < /home/renzt/rzt/fusion_gene/GFvoter-main/JAFFA-version-2.3/make_final_table.R ;
		 fi;
             
bpipe.Command	[41]	INFO	|5:26:27 Checking for configuration for command get_final_list 
bpipe.Command	[41]	INFO	|5:26:27 Default command properties: [max_per_command_threads:16, executor:local] 
bpipe.PipelineContext	[41]	INFO	|5:26:27 Checking actual resolved inputs [testdata.fastq/testdata.fastq_genome.psl, testdata.fastq/testdata.fastq.reads, testdata.fastq/testdata.fastq_genome.psl, testdata.fastq/testdata.fastq.reads] 
bpipe.Utils	[41]	INFO	|5:26:27 ===== Check testdata.fastq/testdata.fastq.summary ===== 
bpipe.Utils	[41]	INFO	|5:26:27 file doesn't exist: testdata.fastq/testdata.fastq.summary 
bpipe.Utils	[41]	INFO	|5:26:27 ===== Check testdata.fastq/testdata.fastq.summary ===== 
bpipe.Utils	[41]	INFO	|5:26:27 file doesn't exist: testdata.fastq/testdata.fastq.summary 
bpipe.Dependencies	[41]	INFO	|5:26:27 Found these missing / older files: [testdata.fastq/testdata.fastq.summary, testdata.fastq/testdata.fastq.summary] 
bpipe.Dependencies	[41]	INFO	|5:26:27 Output properties file is not available for /home/renzt/rzt/fusion_gene/GFvoter-main/GFvoter_out_test/process_output_file/testdata.fastq/testdata.fastq.summary: assume NOT cleaned up 
bpipe.Dependencies	[41]	INFO	|5:26:27 Output properties file is not available for /home/renzt/rzt/fusion_gene/GFvoter-main/GFvoter_out_test/process_output_file/testdata.fastq/testdata.fastq.summary: assume NOT cleaned up 
bpipe.Dependencies	[41]	INFO	|5:26:27 Some files are outdated : [/home/renzt/rzt/fusion_gene/GFvoter-main/GFvoter_out_test/process_output_file/testdata.fastq/testdata.fastq.summary, /home/renzt/rzt/fusion_gene/GFvoter-main/GFvoter_out_test/process_output_file/testdata.fastq/testdata.fastq.summary] 
bpipe.CommandManager	[41]	INFO	|5:26:27 Using config [max_per_command_threads:16, executor:local] for command 
bpipe.CommandManager	[41]	INFO	|5:26:27 Created bpipe command id 16 
bpipe.Concurrency	[41]	INFO	|5:26:27 Thread Thread-8 requesting for 1 concurrency permit(s) type threads with 32 available 
bpipe.Concurrency	[41]	INFO	|5:26:27 There are 1 registered bidders with 0 currently bidding, will distribute resources at 0 
bpipe.Concurrency	[41]	INFO	|5:26:27 Taking over resource allocation because requested/bidders = 1 / 0 
bpipe.Concurrency	[41]	INFO	|5:26:27 First pass allocations are [1] 
bpipe.Concurrency	[41]	INFO	|5:26:27 Thread Thread-8 allocated 1 threads resources after 0 ms 
bpipe.Concurrency	[41]	INFO	|5:26:27 Thread Thread-8 acquired resource threads in amount 1 
bpipe.Command	[60]	INFO	|5:26:27 Command 16 changing state from null to RUNNING 
bpipe.OutputDirectoryWatcher	[42]	INFO	|5:26:27 File testdata.fastq.summary was created in directory testdata.fastq 
bpipe.OutputDirectoryWatcher	[42]	INFO	|5:26:27 Path testdata.fastq.summary was updated / created 
bpipe.OutputDirectoryWatcher	[42]	INFO	|5:26:27 Path testdata.fastq.summary was updated / created 
bpipe.executor.ThrottledDelegatingCommandExecutor	[41]	INFO	|5:26:27 Waiting for command to complete before releasing 1 resources 
bpipe.OutputDirectoryWatcher	[39]	INFO	|5:26:27 Path commandlog.txt was updated / created 
bpipe.executor.ThrottledDelegatingCommandExecutor	[41]	INFO	|5:26:27 Releasing 1 resources 
bpipe.Concurrency	[41]	INFO	|5:26:27 Thread Thread-8 releasing 1 threads 
bpipe.executor.ThrottledDelegatingCommandExecutor	[41]	INFO	|5:26:27 Released 1 resources 
bpipe.PipelineContext	[41]	INFO	|5:26:27 Adding outputs [testdata.fastq/testdata.fastq.summary] as a result of produce 
bpipe.PipelineStage	[41]	INFO	|5:26:27 Stage get_final_list (testdata) returned null as default inputs for next stage 
bpipe.PipelineStage	[41]	INFO	|5:26:27 Inferring nextInputs from explicit output as [testdata.fastq/testdata.fastq.summary] 
bpipe.PipelineStage	[41]	INFO	|5:26:27 Setting next inputs [testdata.fastq/testdata.fastq.summary] on stage 826130159, context 853771128 in thread 41 
bpipe.PipelineStage	[41]	INFO	|5:26:27 Files modified since 1737019587009 in get_final_list are [testdata.fastq.summary:1737019587061] 
bpipe.Dependencies	[41]	INFO	|5:26:27 Context 853771128 for stage get_final_list has resolved inputs [testdata.fastq/testdata.fastq_genome.psl, testdata.fastq/testdata.fastq.reads] 
bpipe.OutputMetaData	[41]	INFO	|5:26:27 Saving output file details to file .bpipe/outputs/get_final_list.testdata.fastq_testdata.fastq.summary.properties for command if [ ! -s testdata.f... 
bpipe.Dependencies	[41]	INFO	|5:26:27 Adding file testdata.fastq/testdata.fastq.summary to output graph 
bpipe.Utils	[41]	INFO	|5:26:27 Calculate unique inputs executed in 0 
bpipe.Dependencies	[41]	INFO	|5:26:27 New entry for testdata.fastq/testdata.fastq.summary 
bpipe.Dependencies	[41]	INFO	|5:26:27 Dependency testdata.fastq/testdata.fastq_genome.psl for testdata.fastq/testdata.fastq.summary is external root input 
bpipe.Dependencies	[41]	INFO	|5:26:27 Dependency testdata.fastq/testdata.fastq.reads for testdata.fastq/testdata.fastq.summary is external root input 
bpipe.Dependencies	[41]	INFO	|5:26:27 Maxtimestamp for testdata.fastq/testdata.fastq.summary = 0 
bpipe.Dependencies	[41]	INFO	|5:26:27 There are 1 output groups 
bpipe.Dependencies	[41]	INFO	|5:26:27 Subtracting 1 remaining outputs from 1 total outputs 
bpipe.Utils	[41]	INFO	|5:26:27 Calculate unique inputs executed in 0 
bpipe.Dependencies	[41]	INFO	|5:26:27 There are 0 output groups 
bpipe.Dependencies	[41]	INFO	|5:26:27 Subtracting 0 remaining outputs from 0 total outputs 
bpipe.Dependencies	[41]	INFO	|5:26:27 ====Finished Output Graph===== 
bpipe.Dependencies	[41]	INFO	|5:26:27 There are 0 remaining outputs 
bpipe.PipelineStage	[41]	INFO	|5:26:27 Checking files: [testdata.fastq/testdata.fastq.summary] 
bpipe.Dependencies	[41]	INFO	|5:26:27 Checking output (s) [testdata.fastq/testdata.fastq.summary] 
bpipe.Dependencies	[41]	INFO	|5:26:27  Checking file testdata.fastq/testdata.fastq.summary 
bpipe.PipelineStage	[41]	INFO	|5:26:27 Inputs are NOT being inferred from context.output (context.nextInputs=[testdata.fastq/testdata.fastq.summary]) 
bpipe.PipelineStage	[41]	INFO	|5:26:27 No explicit output on stage 2107477576 context 1442992179 so output is nextInputs [testdata.fastq/testdata.fastq.summary] 
bpipe.PipelineContext	[41]	INFO	|5:26:27 Setting output [testdata.fastq/testdata.fastq.summary] on context 1442992179 in thread 41 
bpipe.PipelineStage	[41]	INFO	|5:26:27 Setting next inputs [testdata.fastq/testdata.fastq.summary] on stage 2107477576, context 1442992179 in thread 41 
bpipe.PipelineStage	[41]	INFO	|5:26:27 Files modified since 0 in Unknown are [checks:1737018747217, longgf_results.txt:1737019526340, data.fastq:1737019355189, winnowmap.sam:1737019495599, winnowmap.bam:1737019497123, winnowmap.sorted.bam:1737019498427, winnowmap.sorted.bam.bai:1737019498787, data.sam:1737019504059, data.bam:1737019505963, data.bam.bai:1737019506239, sorted.bam:1737019507515, LongGF.run.on.XXX.date.log:1737019526288, commandlog.txt:1737019587129] 
bpipe.PipelineStage	[41]	INFO	|5:26:27 Checking files: [testdata.fastq/testdata.fastq.summary] 
bpipe.Dependencies	[41]	INFO	|5:26:27 Checking output (s) [testdata.fastq/testdata.fastq.summary] 
bpipe.Dependencies	[41]	INFO	|5:26:27  Checking file testdata.fastq/testdata.fastq.summary 
bpipe.PipelineCategory	[41]	INFO	|5:26:27 Checking that outputs [testdata.fastq/testdata.fastq.summary] exist 
bpipe.Dependencies	[41]	INFO	|5:26:27 Checking input (s) [testdata.fastq/testdata.fastq.summary] 
bpipe.Dependencies	[41]	INFO	|5:26:27  Checking file testdata.fastq/testdata.fastq.summary 
bpipe.PipelineCategory	[41]	INFO	|5:26:27 Next inputs from stage = [testdata.fastq/testdata.fastq.summary] 
bpipe.PipelineCategory	[41]	INFO	|5:26:27 Checking inputs for next stage:  [testdata.fastq/testdata.fastq.summary] 
bpipe.Dependencies	[41]	INFO	|5:26:27 Checking input (s) [testdata.fastq/testdata.fastq.summary] 
bpipe.Dependencies	[41]	INFO	|5:26:27  Checking file testdata.fastq/testdata.fastq.summary 
bpipe.Dependencies	[41]	INFO	|5:26:27 Checking input (s) [testdata.fastq/testdata.fastq.summary] 
bpipe.Dependencies	[41]	INFO	|5:26:27  Checking file testdata.fastq/testdata.fastq.summary 
bpipe.PipelineStage	[41]	INFO	|5:26:27 Stage report_3_gene_fusions (testdata) : INPUT=[testdata.fastq/testdata.fastq.summary] OUTPUT=testdata.fastq.summary.report_3_gene_fusions 
bpipe.PipelineDelegate	[41]	INFO	|5:26:27 Setting or creating a delegate for context 1390642493 body 1105416433/script17370195073761653772785 in thread 41 
bpipe.OutputDirectoryWatcher	[39]	INFO	|5:26:27 Path commandlog.txt was updated / created 
bpipe.PipelineDelegate	[41]	INFO	|5:26:27 Created new delegate bpipe.PipelineDelegate@747f14cb overriding type script17370195073761653772785 in thread 41 
bpipe.PipelineContext	[41]	INFO	|5:26:27 No inputs resolved by input wrappers: outputs based on default testdata.fastq.summary.report_3_gene_fusions 
bpipe.PipelineContext	[41]	INFO	|5:26:27 Output set to testdata.fastq (new default output = testdata.fastq/testdata.fastq.summary.report_3_gene_fusions) 
bpipe.PipelineContext	[41]	INFO	|5:26:27 Producing [testdata.fastq.3gene_summary, testdata.fastq.3gene_reads] from bpipe.PipelineContext@52e3853d 
bpipe.PipelineDelegate	[41]	INFO	|5:26:27 Setting or creating a delegate for context 1390642493 body 2017430183/script17370195073761653772785$_run_closure4 in thread 41 
bpipe.PipelineDelegate	[41]	INFO	|5:26:27 Created new delegate bpipe.PipelineDelegate@7bd2470a overriding type script17370195073761653772785$_run_closure4 in thread 41 
bpipe.PipelineContext	[41]	INFO	|5:26:27 Probing command using inputs [testdata.fastq/testdata.fastq.summary] 
bpipe.PipelineInput	[41]	INFO	|5:26:27 Searching for missing Property: summary 
bpipe.PipelineInput	[41]	INFO	|5:26:27 Resolving inputs matching pattern ^.*\.summary$ 
bpipe.PipelineInput	[41]	INFO	|5:26:27 Found files with exts [summary$] : [[testdata.fastq/testdata.fastq.summary]] 
bpipe.PipelineInput	[41]	INFO	|5:26:27 Adding resolved input testdata.fastq/testdata.fastq.summary (raw input = testdata.fastq/testdata.fastq.summary) 
bpipe.PipelineInput	[41]	INFO	|5:26:27 Searching for missing Property: txt 
bpipe.PipelineInput	[41]	INFO	|5:26:27 Resolving inputs matching pattern ^.*\.txt$ 
bpipe.PipelineInput	[41]	INFO	|5:26:27 Found files with exts [txt$] : [[testdata.fastq/testdata.fastq.txt]] 
bpipe.PipelineInput	[41]	INFO	|5:26:27 Adding resolved input testdata.fastq/testdata.fastq.txt (raw input = testdata.fastq/testdata.fastq.txt) 
bpipe.PipelineDelegate	[41]	INFO	|5:26:27 Output 2 reference resolved by PipelineDelegate 
bpipe.PipelineContext	[41]	INFO	|5:26:27 Using previously set output: [testdata.fastq/testdata.fastq.3gene_summary, testdata.fastq/testdata.fastq.3gene_reads] 
bpipe.PipelineContext	[41]	INFO	|5:26:27 Query for output 1 base result = testdata.fastq/testdata.fastq.3gene_reads 
bpipe.PipelineDelegate	[41]	INFO	|5:26:27 Output 1 reference resolved by PipelineDelegate 
bpipe.PipelineContext	[41]	INFO	|5:26:27 Using previously set output: [testdata.fastq/testdata.fastq.3gene_summary, testdata.fastq/testdata.fastq.3gene_reads] 
bpipe.PipelineContext	[41]	INFO	|5:26:27 Query for output 0 base result = testdata.fastq/testdata.fastq.3gene_summary 
bpipe.PipelineContext	[41]	INFO	|5:26:27 Tracking outputs referenced=[[]] inferred=[[testdata.fastq/testdata.fastq.3gene_reads, testdata.fastq/testdata.fastq.3gene_summary]] for command 
         /home/renzt/rzt/fusion_gene/GFvoter-main/JAFFA-version-2.3/tools/bin/make_3_gene_fusion_table testdata.fastq/testdata.fastq.summary testdata.fastq/testdata.fastq.txt testdata.fastq/testdata.fastq.3gene_reads > testdata.fastq/testdata.fastq.3gene_summary
       
bpipe.Command	[41]	INFO	|5:26:27 Checking for configuration for command /home/renzt/rzt/fusion_gene/GFvoter-main/JAFFA-version-2.3/tools/bin/make_3_gene_fusion_table 
bpipe.Command	[41]	INFO	|5:26:27 Default command properties: [max_per_command_threads:16, executor:local] 
bpipe.PipelineContext	[41]	INFO	|5:26:27 Checking actual resolved inputs [testdata.fastq/testdata.fastq.summary, testdata.fastq/testdata.fastq.txt] 
bpipe.PipelineContext	[41]	INFO	|5:26:27 Skip check dependencies due to probe mode 
bpipe.PipelineContext	[41]	INFO	|5:26:27 Skip command start for /home/renzt/rzt/fusion_gene/GFvoter-main/JAFFA-version-2.3/tools/bin/make_3_gene_fusion_table testdata.fastq/testdata.fastq.summary testdata.fastq/testdata.fastq.txt testdata.fastq/testdata.fastq.3gene_reads > testdata.fastq/testdata.fastq.3gene_summary due to probe mode 
bpipe.PipelineContext	[41]	INFO	|5:26:27 Finished probe 
bpipe.Utils	[41]	INFO	|5:26:27 ===== Check testdata.fastq/testdata.fastq.3gene_summary ===== 
bpipe.Utils	[41]	INFO	|5:26:27 file doesn't exist: testdata.fastq/testdata.fastq.3gene_summary 
bpipe.Utils	[41]	INFO	|5:26:27 ===== Check testdata.fastq/testdata.fastq.3gene_reads ===== 
bpipe.Utils	[41]	INFO	|5:26:27 file doesn't exist: testdata.fastq/testdata.fastq.3gene_reads 
bpipe.Utils	[41]	INFO	|5:26:27 ===== Check testdata.fastq/testdata.fastq.3gene_reads ===== 
bpipe.Utils	[41]	INFO	|5:26:27 file doesn't exist: testdata.fastq/testdata.fastq.3gene_reads 
bpipe.Utils	[41]	INFO	|5:26:27 ===== Check testdata.fastq/testdata.fastq.3gene_summary ===== 
bpipe.Utils	[41]	INFO	|5:26:27 file doesn't exist: testdata.fastq/testdata.fastq.3gene_summary 
bpipe.Dependencies	[41]	INFO	|5:26:27 Found these missing / older files: [testdata.fastq/testdata.fastq.3gene_summary, testdata.fastq/testdata.fastq.3gene_reads, testdata.fastq/testdata.fastq.3gene_reads, testdata.fastq/testdata.fastq.3gene_summary] 
bpipe.Dependencies	[41]	INFO	|5:26:27 Output properties file is not available for /home/renzt/rzt/fusion_gene/GFvoter-main/GFvoter_out_test/process_output_file/testdata.fastq/testdata.fastq.3gene_summary: assume NOT cleaned up 
bpipe.Dependencies	[41]	INFO	|5:26:27 Output properties file is not available for /home/renzt/rzt/fusion_gene/GFvoter-main/GFvoter_out_test/process_output_file/testdata.fastq/testdata.fastq.3gene_reads: assume NOT cleaned up 
bpipe.Dependencies	[41]	INFO	|5:26:27 Output properties file is not available for /home/renzt/rzt/fusion_gene/GFvoter-main/GFvoter_out_test/process_output_file/testdata.fastq/testdata.fastq.3gene_reads: assume NOT cleaned up 
bpipe.Dependencies	[41]	INFO	|5:26:27 Output properties file is not available for /home/renzt/rzt/fusion_gene/GFvoter-main/GFvoter_out_test/process_output_file/testdata.fastq/testdata.fastq.3gene_summary: assume NOT cleaned up 
bpipe.Dependencies	[41]	INFO	|5:26:27 Some files are outdated : [/home/renzt/rzt/fusion_gene/GFvoter-main/GFvoter_out_test/process_output_file/testdata.fastq/testdata.fastq.3gene_summary, /home/renzt/rzt/fusion_gene/GFvoter-main/GFvoter_out_test/process_output_file/testdata.fastq/testdata.fastq.3gene_reads, /home/renzt/rzt/fusion_gene/GFvoter-main/GFvoter_out_test/process_output_file/testdata.fastq/testdata.fastq.3gene_reads, /home/renzt/rzt/fusion_gene/GFvoter-main/GFvoter_out_test/process_output_file/testdata.fastq/testdata.fastq.3gene_summary] 
bpipe.PipelineContext	[41]	INFO	|5:26:27 Not up to date because input inferred by probe of body newer than outputs 
bpipe.PipelineDelegate	[41]	INFO	|5:26:27 Setting or creating a delegate for context 1390642493 body 2017430183/bpipe.PipelineDelegate in thread 41 
bpipe.PipelineDelegate	[41]	INFO	|5:26:27 Existing delegate bpipe.PipelineDelegate@7bd2470a has type bpipe.PipelineDelegate in thread 41. Setting new context 1390642493 
bpipe.PipelineContext	[41]	INFO	|5:26:27 Producing from inputs [testdata.fastq/testdata.fastq.summary] 
bpipe.PipelineInput	[41]	INFO	|5:26:27 Searching for missing Property: summary 
bpipe.PipelineInput	[41]	INFO	|5:26:27 Resolving inputs matching pattern ^.*\.summary$ 
bpipe.PipelineInput	[41]	INFO	|5:26:27 Found files with exts [summary$] : [[testdata.fastq/testdata.fastq.summary]] 
bpipe.PipelineInput	[41]	INFO	|5:26:27 Adding resolved input testdata.fastq/testdata.fastq.summary (raw input = testdata.fastq/testdata.fastq.summary) 
bpipe.PipelineInput	[41]	INFO	|5:26:27 Searching for missing Property: txt 
bpipe.PipelineInput	[41]	INFO	|5:26:27 Resolving inputs matching pattern ^.*\.txt$ 
bpipe.PipelineInput	[41]	INFO	|5:26:27 Found files with exts [txt$] : [[testdata.fastq/testdata.fastq.txt]] 
bpipe.PipelineInput	[41]	INFO	|5:26:27 Adding resolved input testdata.fastq/testdata.fastq.txt (raw input = testdata.fastq/testdata.fastq.txt) 
bpipe.PipelineDelegate	[41]	INFO	|5:26:27 Output 2 reference resolved by PipelineDelegate 
bpipe.PipelineContext	[41]	INFO	|5:26:27 Using previously set output: [testdata.fastq/testdata.fastq.3gene_summary, testdata.fastq/testdata.fastq.3gene_reads] 
bpipe.PipelineContext	[41]	INFO	|5:26:27 Query for output 1 base result = testdata.fastq/testdata.fastq.3gene_reads 
bpipe.PipelineDelegate	[41]	INFO	|5:26:27 Output 1 reference resolved by PipelineDelegate 
bpipe.PipelineContext	[41]	INFO	|5:26:27 Using previously set output: [testdata.fastq/testdata.fastq.3gene_summary, testdata.fastq/testdata.fastq.3gene_reads] 
bpipe.PipelineContext	[41]	INFO	|5:26:27 Query for output 0 base result = testdata.fastq/testdata.fastq.3gene_summary 
bpipe.PipelineContext	[41]	INFO	|5:26:27 Tracking outputs referenced=[[]] inferred=[[testdata.fastq/testdata.fastq.3gene_reads, testdata.fastq/testdata.fastq.3gene_summary]] for command 
         /home/renzt/rzt/fusion_gene/GFvoter-main/JAFFA-version-2.3/tools/bin/make_3_gene_fusion_table testdata.fastq/testdata.fastq.summary testdata.fastq/testdata.fastq.txt testdata.fastq/testdata.fastq.3gene_reads > testdata.fastq/testdata.fastq.3gene_summary
       
bpipe.Command	[41]	INFO	|5:26:27 Checking for configuration for command /home/renzt/rzt/fusion_gene/GFvoter-main/JAFFA-version-2.3/tools/bin/make_3_gene_fusion_table 
bpipe.Command	[41]	INFO	|5:26:27 Default command properties: [max_per_command_threads:16, executor:local] 
bpipe.PipelineContext	[41]	INFO	|5:26:27 Checking actual resolved inputs [testdata.fastq/testdata.fastq.summary, testdata.fastq/testdata.fastq.txt] 
bpipe.Utils	[41]	INFO	|5:26:27 ===== Check testdata.fastq/testdata.fastq.3gene_reads ===== 
bpipe.Utils	[41]	INFO	|5:26:27 file doesn't exist: testdata.fastq/testdata.fastq.3gene_reads 
bpipe.Utils	[41]	INFO	|5:26:27 ===== Check testdata.fastq/testdata.fastq.3gene_summary ===== 
bpipe.Utils	[41]	INFO	|5:26:27 file doesn't exist: testdata.fastq/testdata.fastq.3gene_summary 
bpipe.Utils	[41]	INFO	|5:26:27 ===== Check testdata.fastq/testdata.fastq.3gene_summary ===== 
bpipe.Utils	[41]	INFO	|5:26:27 file doesn't exist: testdata.fastq/testdata.fastq.3gene_summary 
bpipe.Utils	[41]	INFO	|5:26:27 ===== Check testdata.fastq/testdata.fastq.3gene_reads ===== 
bpipe.Utils	[41]	INFO	|5:26:27 file doesn't exist: testdata.fastq/testdata.fastq.3gene_reads 
bpipe.Dependencies	[41]	INFO	|5:26:27 Found these missing / older files: [testdata.fastq/testdata.fastq.3gene_reads, testdata.fastq/testdata.fastq.3gene_summary, testdata.fastq/testdata.fastq.3gene_summary, testdata.fastq/testdata.fastq.3gene_reads] 
bpipe.Dependencies	[41]	INFO	|5:26:27 Output properties file is not available for /home/renzt/rzt/fusion_gene/GFvoter-main/GFvoter_out_test/process_output_file/testdata.fastq/testdata.fastq.3gene_reads: assume NOT cleaned up 
bpipe.Dependencies	[41]	INFO	|5:26:27 Output properties file is not available for /home/renzt/rzt/fusion_gene/GFvoter-main/GFvoter_out_test/process_output_file/testdata.fastq/testdata.fastq.3gene_summary: assume NOT cleaned up 
bpipe.Dependencies	[41]	INFO	|5:26:27 Output properties file is not available for /home/renzt/rzt/fusion_gene/GFvoter-main/GFvoter_out_test/process_output_file/testdata.fastq/testdata.fastq.3gene_summary: assume NOT cleaned up 
bpipe.Dependencies	[41]	INFO	|5:26:27 Output properties file is not available for /home/renzt/rzt/fusion_gene/GFvoter-main/GFvoter_out_test/process_output_file/testdata.fastq/testdata.fastq.3gene_reads: assume NOT cleaned up 
bpipe.Dependencies	[41]	INFO	|5:26:27 Some files are outdated : [/home/renzt/rzt/fusion_gene/GFvoter-main/GFvoter_out_test/process_output_file/testdata.fastq/testdata.fastq.3gene_reads, /home/renzt/rzt/fusion_gene/GFvoter-main/GFvoter_out_test/process_output_file/testdata.fastq/testdata.fastq.3gene_summary, /home/renzt/rzt/fusion_gene/GFvoter-main/GFvoter_out_test/process_output_file/testdata.fastq/testdata.fastq.3gene_summary, /home/renzt/rzt/fusion_gene/GFvoter-main/GFvoter_out_test/process_output_file/testdata.fastq/testdata.fastq.3gene_reads] 
bpipe.CommandManager	[41]	INFO	|5:26:27 Using config [max_per_command_threads:16, executor:local] for command 
bpipe.CommandManager	[41]	INFO	|5:26:27 Created bpipe command id 18 
bpipe.Concurrency	[41]	INFO	|5:26:27 Thread Thread-8 requesting for 1 concurrency permit(s) type threads with 32 available 
bpipe.Concurrency	[41]	INFO	|5:26:27 There are 1 registered bidders with 0 currently bidding, will distribute resources at 0 
bpipe.Concurrency	[41]	INFO	|5:26:27 Taking over resource allocation because requested/bidders = 1 / 0 
bpipe.Concurrency	[41]	INFO	|5:26:27 First pass allocations are [1] 
bpipe.Concurrency	[41]	INFO	|5:26:27 Thread Thread-8 allocated 1 threads resources after 0 ms 
bpipe.Concurrency	[41]	INFO	|5:26:27 Thread Thread-8 acquired resource threads in amount 1 
bpipe.Command	[63]	INFO	|5:26:27 Command 18 changing state from null to RUNNING 
bpipe.OutputDirectoryWatcher	[42]	INFO	|5:26:27 File testdata.fastq.3gene_summary was created in directory testdata.fastq 
bpipe.OutputDirectoryWatcher	[42]	INFO	|5:26:27 Path testdata.fastq.3gene_summary was updated / created 
bpipe.OutputDirectoryWatcher	[42]	INFO	|5:26:27 File testdata.fastq.3gene_reads was created in directory testdata.fastq 
bpipe.OutputDirectoryWatcher	[42]	INFO	|5:26:27 Path testdata.fastq.3gene_reads was updated / created 
bpipe.OutputDirectoryWatcher	[42]	INFO	|5:26:27 Path testdata.fastq.3gene_summary was updated / created 
bpipe.executor.ThrottledDelegatingCommandExecutor	[41]	INFO	|5:26:27 Waiting for command to complete before releasing 1 resources 
bpipe.OutputDirectoryWatcher	[39]	INFO	|5:26:27 Path commandlog.txt was updated / created 
bpipe.executor.ThrottledDelegatingCommandExecutor	[41]	INFO	|5:26:27 Releasing 1 resources 
bpipe.Concurrency	[41]	INFO	|5:26:27 Thread Thread-8 releasing 1 threads 
bpipe.executor.ThrottledDelegatingCommandExecutor	[41]	INFO	|5:26:27 Released 1 resources 
bpipe.PipelineContext	[41]	INFO	|5:26:27 Adding outputs [testdata.fastq/testdata.fastq.3gene_summary, testdata.fastq/testdata.fastq.3gene_reads] as a result of produce 
bpipe.PipelineStage	[41]	INFO	|5:26:27 Stage report_3_gene_fusions (testdata) returned null as default inputs for next stage 
bpipe.PipelineStage	[41]	INFO	|5:26:27 Inferring nextInputs from explicit output as [testdata.fastq/testdata.fastq.3gene_summary, testdata.fastq/testdata.fastq.3gene_reads] 
bpipe.PipelineStage	[41]	INFO	|5:26:27 Setting next inputs [testdata.fastq/testdata.fastq.3gene_summary, testdata.fastq/testdata.fastq.3gene_reads] on stage 2069206726, context 1390642493 in thread 41 
bpipe.PipelineStage	[41]	INFO	|5:26:27 Files modified since 1737019587143 in report_3_gene_fusions are [testdata.fastq.3gene_reads:1737019587201, testdata.fastq.3gene_summary:1737019587201] 
bpipe.Dependencies	[41]	INFO	|5:26:27 Context 1390642493 for stage report_3_gene_fusions has resolved inputs [testdata.fastq/testdata.fastq.summary, testdata.fastq/testdata.fastq.txt] 
bpipe.OutputMetaData	[41]	INFO	|5:26:27 Saving output file details to file .bpipe/outputs/report_3_gene_fusions.testdata.fastq_testdata.fastq.3gene_reads.properties for command /home/renzt/rzt/fusi... 
bpipe.Dependencies	[41]	INFO	|5:26:27 Adding file testdata.fastq/testdata.fastq.3gene_reads to output graph 
bpipe.Utils	[41]	INFO	|5:26:27 Calculate unique inputs executed in 0.001 seconds 
bpipe.Dependencies	[41]	INFO	|5:26:27 New entry for testdata.fastq/testdata.fastq.3gene_reads 
bpipe.Dependencies	[41]	INFO	|5:26:27 Dependency testdata.fastq/testdata.fastq.summary for testdata.fastq/testdata.fastq.3gene_reads is external root input 
bpipe.Dependencies	[41]	INFO	|5:26:27 Dependency testdata.fastq/testdata.fastq.txt for testdata.fastq/testdata.fastq.3gene_reads is external root input 
bpipe.Dependencies	[41]	INFO	|5:26:27 Maxtimestamp for testdata.fastq/testdata.fastq.3gene_reads = 0 
bpipe.Dependencies	[41]	INFO	|5:26:27 There are 1 output groups 
bpipe.Dependencies	[41]	INFO	|5:26:27 Subtracting 1 remaining outputs from 1 total outputs 
bpipe.Utils	[41]	INFO	|5:26:27 Calculate unique inputs executed in 0 
bpipe.Dependencies	[41]	INFO	|5:26:27 There are 0 output groups 
bpipe.Dependencies	[41]	INFO	|5:26:27 Subtracting 0 remaining outputs from 0 total outputs 
bpipe.Dependencies	[41]	INFO	|5:26:27 ====Finished Output Graph===== 
bpipe.Dependencies	[41]	INFO	|5:26:27 There are 0 remaining outputs 
bpipe.Dependencies	[41]	INFO	|5:26:27 Context 1390642493 for stage report_3_gene_fusions has resolved inputs [testdata.fastq/testdata.fastq.summary, testdata.fastq/testdata.fastq.txt] 
bpipe.OutputMetaData	[41]	INFO	|5:26:27 Saving output file details to file .bpipe/outputs/report_3_gene_fusions.testdata.fastq_testdata.fastq.3gene_summary.properties for command /home/renzt/rzt/fusi... 
bpipe.Dependencies	[41]	INFO	|5:26:27 Adding file testdata.fastq/testdata.fastq.3gene_summary to output graph 
bpipe.Utils	[41]	INFO	|5:26:27 Calculate unique inputs executed in 0 
bpipe.Dependencies	[41]	INFO	|5:26:27 New entry for testdata.fastq/testdata.fastq.3gene_summary 
bpipe.Dependencies	[41]	INFO	|5:26:27 Dependency testdata.fastq/testdata.fastq.summary for testdata.fastq/testdata.fastq.3gene_summary is external root input 
bpipe.Dependencies	[41]	INFO	|5:26:27 Dependency testdata.fastq/testdata.fastq.txt for testdata.fastq/testdata.fastq.3gene_summary is external root input 
bpipe.Dependencies	[41]	INFO	|5:26:27 Maxtimestamp for testdata.fastq/testdata.fastq.3gene_summary = 0 
bpipe.Dependencies	[41]	INFO	|5:26:27 There are 1 output groups 
bpipe.Dependencies	[41]	INFO	|5:26:27 Subtracting 1 remaining outputs from 1 total outputs 
bpipe.Utils	[41]	INFO	|5:26:27 Calculate unique inputs executed in 0 
bpipe.Dependencies	[41]	INFO	|5:26:27 There are 0 output groups 
bpipe.Dependencies	[41]	INFO	|5:26:27 Subtracting 0 remaining outputs from 0 total outputs 
bpipe.Dependencies	[41]	INFO	|5:26:27 ====Finished Output Graph===== 
bpipe.Dependencies	[41]	INFO	|5:26:27 There are 0 remaining outputs 
bpipe.PipelineStage	[41]	INFO	|5:26:27 Checking files: [testdata.fastq/testdata.fastq.3gene_summary, testdata.fastq/testdata.fastq.3gene_reads] 
bpipe.Dependencies	[41]	INFO	|5:26:27 Checking output (s) [testdata.fastq/testdata.fastq.3gene_summary, testdata.fastq/testdata.fastq.3gene_reads] 
bpipe.Dependencies	[41]	INFO	|5:26:27  Checking file testdata.fastq/testdata.fastq.3gene_summary 
bpipe.Dependencies	[41]	INFO	|5:26:27  Checking file testdata.fastq/testdata.fastq.3gene_reads 
bpipe.PipelineStage	[41]	INFO	|5:26:27 Inputs are NOT being inferred from context.output (context.nextInputs=[testdata.fastq/testdata.fastq.3gene_summary, testdata.fastq/testdata.fastq.3gene_reads]) 
bpipe.PipelineStage	[41]	INFO	|5:26:27 No explicit output on stage 1379299798 context 643361944 so output is nextInputs [testdata.fastq/testdata.fastq.3gene_summary, testdata.fastq/testdata.fastq.3gene_reads] 
bpipe.PipelineContext	[41]	INFO	|5:26:27 Setting output [testdata.fastq/testdata.fastq.3gene_summary, testdata.fastq/testdata.fastq.3gene_reads] on context 643361944 in thread 41 
bpipe.PipelineStage	[41]	INFO	|5:26:27 Setting next inputs [testdata.fastq/testdata.fastq.3gene_summary, testdata.fastq/testdata.fastq.3gene_reads] on stage 1379299798, context 643361944 in thread 41 
bpipe.PipelineStage	[41]	INFO	|5:26:27 Files modified since 0 in Unknown are [checks:1737018747217, longgf_results.txt:1737019526340, data.fastq:1737019355189, winnowmap.sam:1737019495599, winnowmap.bam:1737019497123, winnowmap.sorted.bam:1737019498427, winnowmap.sorted.bam.bai:1737019498787, data.sam:1737019504059, data.bam:1737019505963, data.bam.bai:1737019506239, sorted.bam:1737019507515, LongGF.run.on.XXX.date.log:1737019526288, commandlog.txt:1737019587265] 
bpipe.PipelineStage	[41]	INFO	|5:26:27 Checking files: [testdata.fastq/testdata.fastq.3gene_summary, testdata.fastq/testdata.fastq.3gene_reads] 
bpipe.Dependencies	[41]	INFO	|5:26:27 Checking output (s) [testdata.fastq/testdata.fastq.3gene_summary, testdata.fastq/testdata.fastq.3gene_reads] 
bpipe.Dependencies	[41]	INFO	|5:26:27  Checking file testdata.fastq/testdata.fastq.3gene_summary 
bpipe.Dependencies	[41]	INFO	|5:26:27  Checking file testdata.fastq/testdata.fastq.3gene_reads 
bpipe.PipelineStage	[41]	INFO	|5:26:27 Inputs are NOT being inferred from context.output (context.nextInputs=[testdata.fastq/testdata.fastq.3gene_summary, testdata.fastq/testdata.fastq.3gene_reads]) 
bpipe.PipelineStage	[41]	INFO	|5:26:27 No explicit output on stage 474998023 context 1545099598 so output is nextInputs [testdata.fastq/testdata.fastq.3gene_summary, testdata.fastq/testdata.fastq.3gene_reads] 
bpipe.PipelineContext	[41]	INFO	|5:26:27 Setting output [testdata.fastq/testdata.fastq.3gene_summary, testdata.fastq/testdata.fastq.3gene_reads] on context 1545099598 in thread 41 
bpipe.PipelineStage	[41]	INFO	|5:26:27 Setting next inputs [testdata.fastq/testdata.fastq.3gene_summary, testdata.fastq/testdata.fastq.3gene_reads] on stage 474998023, context 1545099598 in thread 41 
bpipe.PipelineStage	[41]	INFO	|5:26:27 Files modified since 0 in Unknown are [checks:1737018747217, longgf_results.txt:1737019526340, data.fastq:1737019355189, winnowmap.sam:1737019495599, winnowmap.bam:1737019497123, winnowmap.sorted.bam:1737019498427, winnowmap.sorted.bam.bai:1737019498787, data.sam:1737019504059, data.bam:1737019505963, data.bam.bai:1737019506239, sorted.bam:1737019507515, LongGF.run.on.XXX.date.log:1737019526288, commandlog.txt:1737019587265] 
bpipe.PipelineStage	[41]	INFO	|5:26:27 Checking files: [testdata.fastq/testdata.fastq.3gene_summary, testdata.fastq/testdata.fastq.3gene_reads] 
bpipe.Dependencies	[41]	INFO	|5:26:27 Checking output (s) [testdata.fastq/testdata.fastq.3gene_summary, testdata.fastq/testdata.fastq.3gene_reads] 
bpipe.Dependencies	[41]	INFO	|5:26:27  Checking file testdata.fastq/testdata.fastq.3gene_summary 
bpipe.Dependencies	[41]	INFO	|5:26:27  Checking file testdata.fastq/testdata.fastq.3gene_reads 
bpipe.Pipeline	[41]	INFO	|5:26:27 Pipeline segment testdata.fastq in thread 41 has finished normally 
bpipe.Pipeline	[41]	INFO	|5:26:27 Finished running segment for inputs [/home/renzt/rzt/fusion_gene/GFvoter-main/testdata.fastq.gz] 
bpipe.Concurrency	[41]	INFO	|5:26:27 Unregister resource requestor bpipe.Pipeline@329a1243 
bpipe.Concurrency	[41]	INFO	|5:26:27 Decremented running count to 0 in thread Thread-8 
bpipe.PipelineCategory	[1]	INFO	|5:26:27 Parent pipeline of concurent sections [848958019] is 500885941 
bpipe.PipelineCategory	[1]	INFO	|5:26:27 Maximum child stage list length = 8 
bpipe.PipelineCategory	[1]	INFO	|5:26:27 ###### Merging results of parallel split in parent branch  ##### 
bpipe.PipelineCategory	[1]	INFO	|5:26:27 Grouping stages at index 0 [get_fasta] for merging 
bpipe.PipelineCategory	[1]	INFO	|5:26:27 Merged outputs are [testdata.fastq/testdata.fastq.fasta] 
bpipe.PipelineContext	[1]	INFO	|5:26:27 Setting output [testdata.fastq/testdata.fastq.fasta] on context 245530164 in thread 1 
bpipe.PipelineCategory	[1]	INFO	|5:26:27 Grouping stages at index 1 [minimap2_transcriptome] for merging 
bpipe.PipelineCategory	[1]	INFO	|5:26:27 Merged outputs are [testdata.fastq/testdata.fastq.paf] 
bpipe.PipelineContext	[1]	INFO	|5:26:27 Setting output [testdata.fastq/testdata.fastq.paf] on context 866273692 in thread 1 
bpipe.PipelineCategory	[1]	INFO	|5:26:27 Grouping stages at index 2 [filter_transcripts] for merging 
bpipe.PipelineCategory	[1]	INFO	|5:26:27 Merged outputs are [testdata.fastq/testdata.fastq.txt] 
bpipe.PipelineContext	[1]	INFO	|5:26:27 Setting output [testdata.fastq/testdata.fastq.txt] on context 503144273 in thread 1 
bpipe.PipelineCategory	[1]	INFO	|5:26:27 Grouping stages at index 3 [extract_fusion_sequences] for merging 
bpipe.PipelineCategory	[1]	INFO	|5:26:27 Merged outputs are [testdata.fastq/testdata.fastq.fusions.fa] 
bpipe.PipelineContext	[1]	INFO	|5:26:27 Setting output [testdata.fastq/testdata.fastq.fusions.fa] on context 1009916891 in thread 1 
bpipe.PipelineCategory	[1]	INFO	|5:26:27 Grouping stages at index 4 [minimap2_genome] for merging 
bpipe.PipelineCategory	[1]	INFO	|5:26:27 Merged outputs are [testdata.fastq/testdata.fastq_genome.paf, testdata.fastq/testdata.fastq_genome.psl] 
bpipe.PipelineContext	[1]	INFO	|5:26:27 Setting output [testdata.fastq/testdata.fastq_genome.paf, testdata.fastq/testdata.fastq_genome.psl] on context 612716569 in thread 1 
bpipe.PipelineCategory	[1]	INFO	|5:26:27 Grouping stages at index 5 [make_fasta_reads_table] for merging 
bpipe.PipelineCategory	[1]	INFO	|5:26:27 Merged outputs are [testdata.fastq/testdata.fastq.reads] 
bpipe.PipelineContext	[1]	INFO	|5:26:27 Setting output [testdata.fastq/testdata.fastq.reads] on context 985487390 in thread 1 
bpipe.PipelineCategory	[1]	INFO	|5:26:27 Grouping stages at index 6 [get_final_list] for merging 
bpipe.PipelineCategory	[1]	INFO	|5:26:27 Merged outputs are [testdata.fastq/testdata.fastq.summary] 
bpipe.PipelineContext	[1]	INFO	|5:26:27 Setting output [testdata.fastq/testdata.fastq.summary] on context 1296928719 in thread 1 
bpipe.PipelineCategory	[1]	INFO	|5:26:27 Grouping stages at index 7 [report_3_gene_fusions] for merging 
bpipe.PipelineCategory	[1]	INFO	|5:26:27 Merged outputs are [testdata.fastq/testdata.fastq.3gene_summary, testdata.fastq/testdata.fastq.3gene_reads] 
bpipe.PipelineContext	[1]	INFO	|5:26:27 Setting output [testdata.fastq/testdata.fastq.3gene_summary, testdata.fastq/testdata.fastq.3gene_reads] on context 1628289406 in thread 1 
bpipe.PipelineCategory	[1]	INFO	|5:26:27 There are 8 stages from nested pipelines 
bpipe.PipelineCategory	[1]	INFO	|5:26:27 There [bpipe.PipelineStage@7b5596c6] parallel paths in final stage 
bpipe.PipelineCategory	[1]	INFO	|5:26:27 Last merged outputs are [/home/renzt/rzt/fusion_gene/GFvoter-main/GFvoter_out_test/process_output_file/testdata.fastq/testdata.fastq.3gene_summary, /home/renzt/rzt/fusion_gene/GFvoter-main/GFvoter_out_test/process_output_file/testdata.fastq/testdata.fastq.3gene_reads] 
bpipe.PipelineContext	[1]	INFO	|5:26:27 Setting output [/home/renzt/rzt/fusion_gene/GFvoter-main/GFvoter_out_test/process_output_file/testdata.fastq/testdata.fastq.3gene_summary, /home/renzt/rzt/fusion_gene/GFvoter-main/GFvoter_out_test/process_output_file/testdata.fastq/testdata.fastq.3gene_reads] on context 417875774 in thread 1 
bpipe.PipelineCategory	[1]	INFO	|5:26:27 Merged stage name is report_3_gene_fusions_bpipe_merge 
bpipe.PipelineStage	[1]	INFO	|5:26:27 Inputs are NOT being inferred from context.output (context.nextInputs=[/home/renzt/rzt/fusion_gene/GFvoter-main/GFvoter_out_test/process_output_file/testdata.fastq/testdata.fastq.3gene_summary, /home/renzt/rzt/fusion_gene/GFvoter-main/GFvoter_out_test/process_output_file/testdata.fastq/testdata.fastq.3gene_reads]) 
bpipe.PipelineStage	[1]	INFO	|5:26:27 No explicit output on stage 2045913001 context 1834031967 so output is nextInputs [/home/renzt/rzt/fusion_gene/GFvoter-main/GFvoter_out_test/process_output_file/testdata.fastq/testdata.fastq.3gene_summary, /home/renzt/rzt/fusion_gene/GFvoter-main/GFvoter_out_test/process_output_file/testdata.fastq/testdata.fastq.3gene_reads] 
bpipe.PipelineContext	[1]	INFO	|5:26:27 Setting output [/home/renzt/rzt/fusion_gene/GFvoter-main/GFvoter_out_test/process_output_file/testdata.fastq/testdata.fastq.3gene_summary, /home/renzt/rzt/fusion_gene/GFvoter-main/GFvoter_out_test/process_output_file/testdata.fastq/testdata.fastq.3gene_reads] on context 1834031967 in thread 1 
bpipe.PipelineStage	[1]	INFO	|5:26:27 Setting next inputs [/home/renzt/rzt/fusion_gene/GFvoter-main/GFvoter_out_test/process_output_file/testdata.fastq/testdata.fastq.3gene_summary, /home/renzt/rzt/fusion_gene/GFvoter-main/GFvoter_out_test/process_output_file/testdata.fastq/testdata.fastq.3gene_reads] on stage 2045913001, context 1834031967 in thread 1 
bpipe.PipelineStage	[1]	INFO	|5:26:27 Files modified since 0 in Unknown are [checks:1737018747217, longgf_results.txt:1737019526340, data.fastq:1737019355189, winnowmap.sam:1737019495599, winnowmap.bam:1737019497123, winnowmap.sorted.bam:1737019498427, winnowmap.sorted.bam.bai:1737019498787, data.sam:1737019504059, data.bam:1737019505963, data.bam.bai:1737019506239, sorted.bam:1737019507515, LongGF.run.on.XXX.date.log:1737019526288, commandlog.txt:1737019587265] 
bpipe.PipelineStage	[1]	INFO	|5:26:27 Checking files: [/home/renzt/rzt/fusion_gene/GFvoter-main/GFvoter_out_test/process_output_file/testdata.fastq/testdata.fastq.3gene_summary, /home/renzt/rzt/fusion_gene/GFvoter-main/GFvoter_out_test/process_output_file/testdata.fastq/testdata.fastq.3gene_reads] 
bpipe.Dependencies	[1]	INFO	|5:26:27 Checking output (s) [/home/renzt/rzt/fusion_gene/GFvoter-main/GFvoter_out_test/process_output_file/testdata.fastq/testdata.fastq.3gene_summary, /home/renzt/rzt/fusion_gene/GFvoter-main/GFvoter_out_test/process_output_file/testdata.fastq/testdata.fastq.3gene_reads] 
bpipe.Dependencies	[1]	INFO	|5:26:27  Checking file /home/renzt/rzt/fusion_gene/GFvoter-main/GFvoter_out_test/process_output_file/testdata.fastq/testdata.fastq.3gene_summary 
bpipe.Dependencies	[1]	INFO	|5:26:27  Checking file /home/renzt/rzt/fusion_gene/GFvoter-main/GFvoter_out_test/process_output_file/testdata.fastq/testdata.fastq.3gene_reads 
bpipe.PipelineStage	[1]	INFO	|5:26:27 Inputs are NOT being inferred from context.output (context.nextInputs=[/home/renzt/rzt/fusion_gene/GFvoter-main/GFvoter_out_test/process_output_file/testdata.fastq/testdata.fastq.3gene_summary, /home/renzt/rzt/fusion_gene/GFvoter-main/GFvoter_out_test/process_output_file/testdata.fastq/testdata.fastq.3gene_reads]) 
bpipe.PipelineStage	[1]	INFO	|5:26:27 No explicit output on stage 1822630059 context 288919635 so output is nextInputs [/home/renzt/rzt/fusion_gene/GFvoter-main/GFvoter_out_test/process_output_file/testdata.fastq/testdata.fastq.3gene_summary, /home/renzt/rzt/fusion_gene/GFvoter-main/GFvoter_out_test/process_output_file/testdata.fastq/testdata.fastq.3gene_reads] 
bpipe.PipelineContext	[1]	INFO	|5:26:27 Setting output [/home/renzt/rzt/fusion_gene/GFvoter-main/GFvoter_out_test/process_output_file/testdata.fastq/testdata.fastq.3gene_summary, /home/renzt/rzt/fusion_gene/GFvoter-main/GFvoter_out_test/process_output_file/testdata.fastq/testdata.fastq.3gene_reads] on context 288919635 in thread 1 
bpipe.PipelineStage	[1]	INFO	|5:26:27 Setting next inputs [/home/renzt/rzt/fusion_gene/GFvoter-main/GFvoter_out_test/process_output_file/testdata.fastq/testdata.fastq.3gene_summary, /home/renzt/rzt/fusion_gene/GFvoter-main/GFvoter_out_test/process_output_file/testdata.fastq/testdata.fastq.3gene_reads] on stage 1822630059, context 288919635 in thread 1 
bpipe.PipelineStage	[1]	INFO	|5:26:27 Files modified since 0 in Unknown are [checks:1737018747217, longgf_results.txt:1737019526340, data.fastq:1737019355189, winnowmap.sam:1737019495599, winnowmap.bam:1737019497123, winnowmap.sorted.bam:1737019498427, winnowmap.sorted.bam.bai:1737019498787, data.sam:1737019504059, data.bam:1737019505963, data.bam.bai:1737019506239, sorted.bam:1737019507515, LongGF.run.on.XXX.date.log:1737019526288, commandlog.txt:1737019587265] 
bpipe.PipelineStage	[1]	INFO	|5:26:27 Checking files: [/home/renzt/rzt/fusion_gene/GFvoter-main/GFvoter_out_test/process_output_file/testdata.fastq/testdata.fastq.3gene_summary, /home/renzt/rzt/fusion_gene/GFvoter-main/GFvoter_out_test/process_output_file/testdata.fastq/testdata.fastq.3gene_reads] 
bpipe.Dependencies	[1]	INFO	|5:26:27 Checking output (s) [/home/renzt/rzt/fusion_gene/GFvoter-main/GFvoter_out_test/process_output_file/testdata.fastq/testdata.fastq.3gene_summary, /home/renzt/rzt/fusion_gene/GFvoter-main/GFvoter_out_test/process_output_file/testdata.fastq/testdata.fastq.3gene_reads] 
bpipe.Dependencies	[1]	INFO	|5:26:27  Checking file /home/renzt/rzt/fusion_gene/GFvoter-main/GFvoter_out_test/process_output_file/testdata.fastq/testdata.fastq.3gene_summary 
bpipe.Dependencies	[1]	INFO	|5:26:27  Checking file /home/renzt/rzt/fusion_gene/GFvoter-main/GFvoter_out_test/process_output_file/testdata.fastq/testdata.fastq.3gene_reads 
bpipe.PipelineCategory	[1]	INFO	|5:26:27 Checking that outputs [/home/renzt/rzt/fusion_gene/GFvoter-main/GFvoter_out_test/process_output_file/testdata.fastq/testdata.fastq.3gene_summary, /home/renzt/rzt/fusion_gene/GFvoter-main/GFvoter_out_test/process_output_file/testdata.fastq/testdata.fastq.3gene_reads] exist 
bpipe.Dependencies	[1]	INFO	|5:26:27 Checking input (s) [/home/renzt/rzt/fusion_gene/GFvoter-main/GFvoter_out_test/process_output_file/testdata.fastq/testdata.fastq.3gene_summary, /home/renzt/rzt/fusion_gene/GFvoter-main/GFvoter_out_test/process_output_file/testdata.fastq/testdata.fastq.3gene_reads] 
bpipe.Dependencies	[1]	INFO	|5:26:27  Checking file /home/renzt/rzt/fusion_gene/GFvoter-main/GFvoter_out_test/process_output_file/testdata.fastq/testdata.fastq.3gene_summary 
bpipe.Dependencies	[1]	INFO	|5:26:27  Checking file /home/renzt/rzt/fusion_gene/GFvoter-main/GFvoter_out_test/process_output_file/testdata.fastq/testdata.fastq.3gene_reads 
bpipe.PipelineCategory	[1]	INFO	|5:26:27 Next inputs from stage = [/home/renzt/rzt/fusion_gene/GFvoter-main/GFvoter_out_test/process_output_file/testdata.fastq/testdata.fastq.3gene_summary, /home/renzt/rzt/fusion_gene/GFvoter-main/GFvoter_out_test/process_output_file/testdata.fastq/testdata.fastq.3gene_reads] 
bpipe.PipelineCategory	[1]	INFO	|5:26:27 Checking inputs for next stage:  [/home/renzt/rzt/fusion_gene/GFvoter-main/GFvoter_out_test/process_output_file/testdata.fastq/testdata.fastq.3gene_summary, /home/renzt/rzt/fusion_gene/GFvoter-main/GFvoter_out_test/process_output_file/testdata.fastq/testdata.fastq.3gene_reads] 
bpipe.Dependencies	[1]	INFO	|5:26:27 Checking input (s) [/home/renzt/rzt/fusion_gene/GFvoter-main/GFvoter_out_test/process_output_file/testdata.fastq/testdata.fastq.3gene_summary, /home/renzt/rzt/fusion_gene/GFvoter-main/GFvoter_out_test/process_output_file/testdata.fastq/testdata.fastq.3gene_reads] 
bpipe.Dependencies	[1]	INFO	|5:26:27  Checking file /home/renzt/rzt/fusion_gene/GFvoter-main/GFvoter_out_test/process_output_file/testdata.fastq/testdata.fastq.3gene_summary 
bpipe.Dependencies	[1]	INFO	|5:26:27  Checking file /home/renzt/rzt/fusion_gene/GFvoter-main/GFvoter_out_test/process_output_file/testdata.fastq/testdata.fastq.3gene_reads 
bpipe.Dependencies	[1]	INFO	|5:26:27 Checking input (s) [/home/renzt/rzt/fusion_gene/GFvoter-main/GFvoter_out_test/process_output_file/testdata.fastq/testdata.fastq.3gene_summary, /home/renzt/rzt/fusion_gene/GFvoter-main/GFvoter_out_test/process_output_file/testdata.fastq/testdata.fastq.3gene_reads] 
bpipe.Dependencies	[1]	INFO	|5:26:27  Checking file /home/renzt/rzt/fusion_gene/GFvoter-main/GFvoter_out_test/process_output_file/testdata.fastq/testdata.fastq.3gene_summary 
bpipe.Dependencies	[1]	INFO	|5:26:27  Checking file /home/renzt/rzt/fusion_gene/GFvoter-main/GFvoter_out_test/process_output_file/testdata.fastq/testdata.fastq.3gene_reads 
bpipe.PipelineStage	[1]	INFO	|5:26:27 Stage compile_all_results : INPUT=[/home/renzt/rzt/fusion_gene/GFvoter-main/GFvoter_out_test/process_output_file/testdata.fastq/testdata.fastq.3gene_summary, /home/renzt/rzt/fusion_gene/GFvoter-main/GFvoter_out_test/process_output_file/testdata.fastq/testdata.fastq.3gene_reads] OUTPUT=testdata.fastq.3gene_summary.compile_all_results 
bpipe.PipelineDelegate	[1]	INFO	|5:26:27 Setting or creating a delegate for context 1356236848 body 2082509879/JAFFA_stages_bpipe in thread 1 
bpipe.OutputDirectoryWatcher	[39]	INFO	|5:26:27 Path commandlog.txt was updated / created 
bpipe.PipelineDelegate	[1]	INFO	|5:26:27 Created new delegate bpipe.PipelineDelegate@1e53135d overriding type JAFFA_stages_bpipe in thread 1 
bpipe.PipelineContext	[1]	INFO	|5:26:27 Using default value of variable type =  
bpipe.PipelineContext	[1]	INFO	|5:26:27 Producing [jaffa_results.fasta, jaffa_results.csv] from bpipe.PipelineContext@50d68830 
bpipe.PipelineDelegate	[1]	INFO	|5:26:27 Setting or creating a delegate for context 1356236848 body 170106909/JAFFA_stages_bpipe$_run_closure18 in thread 1 
bpipe.PipelineDelegate	[1]	INFO	|5:26:27 Created new delegate bpipe.PipelineDelegate@7561db12 overriding type JAFFA_stages_bpipe$_run_closure18 in thread 1 
bpipe.PipelineContext	[1]	INFO	|5:26:27 Probing command using inputs [/home/renzt/rzt/fusion_gene/GFvoter-main/GFvoter_out_test/process_output_file/testdata.fastq/testdata.fastq.3gene_summary, /home/renzt/rzt/fusion_gene/GFvoter-main/GFvoter_out_test/process_output_file/testdata.fastq/testdata.fastq.3gene_reads] 
bpipe.PipelineDelegate	[1]	INFO	|5:26:27 Output 2 reference resolved by PipelineDelegate 
bpipe.PipelineContext	[1]	INFO	|5:26:27 Using previously set output: [jaffa_results.fasta, jaffa_results.csv] 
bpipe.PipelineContext	[1]	INFO	|5:26:27 Query for output 1 base result = jaffa_results.csv 
bpipe.PipelineInput	[1]	INFO	|5:26:27 Searching for missing Property: summary 
bpipe.PipelineInput	[1]	INFO	|5:26:27 Resolving inputs matching pattern ^.*\.summary$ 
bpipe.PipelineInput	[1]	INFO	|5:26:27 Found files with exts [summary$] : [[testdata.fastq/testdata.fastq.summary]] 
bpipe.MultiPipelineInput	[1]	INFO	|5:26:27 My resolved inputs: 1738623078 child resolved inputs 1738623078 
bpipe.PipelineDelegate	[1]	INFO	|5:26:27 Output 1 reference resolved by PipelineDelegate 
bpipe.PipelineContext	[1]	INFO	|5:26:27 Using previously set output: [jaffa_results.fasta, jaffa_results.csv] 
bpipe.PipelineContext	[1]	INFO	|5:26:27 Query for output 0 base result = jaffa_results.fasta 
bpipe.PipelineDelegate	[1]	INFO	|5:26:27 Output 1 reference resolved by PipelineDelegate 
bpipe.PipelineContext	[1]	INFO	|5:26:27 Using previously set output: [jaffa_results.fasta, jaffa_results.csv] 
bpipe.PipelineContext	[1]	INFO	|5:26:27 Query for output 0 base result = jaffa_results.fasta 
bpipe.PipelineDelegate	[1]	INFO	|5:26:27 Output 2 reference resolved by PipelineDelegate 
bpipe.PipelineContext	[1]	INFO	|5:26:27 Using previously set output: [jaffa_results.fasta, jaffa_results.csv] 
bpipe.PipelineContext	[1]	INFO	|5:26:27 Query for output 1 base result = jaffa_results.csv 
bpipe.PipelineDelegate	[1]	INFO	|5:26:27 Output 1 reference resolved by PipelineDelegate 
bpipe.PipelineContext	[1]	INFO	|5:26:27 Using previously set output: [jaffa_results.fasta, jaffa_results.csv] 
bpipe.PipelineContext	[1]	INFO	|5:26:27 Query for output 0 base result = jaffa_results.fasta 
bpipe.PipelineContext	[1]	INFO	|5:26:27 Tracking outputs referenced=[[]] inferred=[[jaffa_results.csv, jaffa_results.fasta]] for command 
            /usr/bin/R --vanilla --args jaffa_results testdata.fastq/testdata.fastq.summary < /home/renzt/rzt/fusion_gene/GFvoter-main/JAFFA-version-2.3/compile_results.R ;
            rm -f jaffa_results.fasta;
            while read line; do /home/renzt/rzt/fusion_gene/GFvoter-main/JAFFA-version-2.3/scripts/get_fusion_seqs.bash $line jaffa_results.fasta ; done < jaffa_results.csv;

            echo "Done writing jaffa_results.fasta";
            echo "All Done." ;
	    echo "*************************************************************************" ;
	    echo " Citation for JAFFA_direct, JAFFA_assembly and JAFFA_hybrid: " ;
	    echo "   Davidson, N.M., Majewski, I.J. & Oshlack, A. ";
	    echo "   JAFFA: High sensitivity transcriptome-focused fusion gene detection." ;
	    echo "   Genome Med 7, 43 (2015)" ;
	    echo "*************************************************************************" ;
	    echo " Citation for JAFFAL: " ;
	    echo "   Davidson, N.M. et al. ";
	    echo "   JAFFAL: detecting fusion genes with long-read transcriptome sequencing" ;
	    echo "   Genome Biol. 23, 10 (2022)" ;
	    echo "*************************************************************************" ;
         
bpipe.Command	[1]	INFO	|5:26:27 Checking for configuration for command compile_all_results 
bpipe.Command	[1]	INFO	|5:26:27 Default command properties: [max_per_command_threads:16, executor:local] 
bpipe.PipelineContext	[1]	INFO	|5:26:27 Checking actual resolved inputs [testdata.fastq/testdata.fastq.summary] 
bpipe.PipelineContext	[1]	INFO	|5:26:27 Skip check dependencies due to probe mode 
bpipe.PipelineContext	[1]	INFO	|5:26:27 Skip command start for /usr/bin/R --vanilla --args jaffa_results testdata.fastq/testdata.fastq.summary < /home/renzt/rzt/fusion_gene/GFvoter-main/JAFFA-version-2.3/compile_results.R ; rm -f jaffa_results.fasta; while read line; do /home/renzt/rzt/fusion_gene/GFvoter-main/JAFFA-version-2.3/scripts/get_fusion_seqs.bash $line jaffa_results.fasta ; done < jaffa_results.csv;              echo "Done writing jaffa_results.fasta";             echo "All Done." ; 	    echo "*************************************************************************" ; 	    echo " Citation for JAFFA_direct, JAFFA_assembly and JAFFA_hybrid: " ; 	    echo "   Davidson, N.M., Majewski, I.J. & Oshlack, A. "; 	    echo "   JAFFA: High sensitivity transcriptome-focused fusion gene detection." ; 	    echo "   Genome Med 7, 43 (2015)" ; 	    echo "*************************************************************************" ; 	    echo " Citation for JAFFAL: " ; 	    echo "   Davidson, N.M. et al. "; 	    echo "   JAFFAL: detecting fusion genes with long-read transcriptome sequencing" ; 	    echo "   Genome Biol. 23, 10 (2022)" ; 	    echo "*************************************************************************" ; due to probe mode 
bpipe.PipelineContext	[1]	INFO	|5:26:27 Finished probe 
bpipe.Utils	[1]	INFO	|5:26:27 ===== Check jaffa_results.fasta ===== 
bpipe.Utils	[1]	INFO	|5:26:27 file doesn't exist: jaffa_results.fasta 
bpipe.Utils	[1]	INFO	|5:26:27 ===== Check jaffa_results.csv ===== 
bpipe.Utils	[1]	INFO	|5:26:27 file doesn't exist: jaffa_results.csv 
bpipe.Utils	[1]	INFO	|5:26:27 ===== Check jaffa_results.csv ===== 
bpipe.Utils	[1]	INFO	|5:26:27 file doesn't exist: jaffa_results.csv 
bpipe.Utils	[1]	INFO	|5:26:27 ===== Check jaffa_results.fasta ===== 
bpipe.Utils	[1]	INFO	|5:26:27 file doesn't exist: jaffa_results.fasta 
bpipe.Dependencies	[1]	INFO	|5:26:27 Found these missing / older files: [jaffa_results.fasta, jaffa_results.csv, jaffa_results.csv, jaffa_results.fasta] 
bpipe.Dependencies	[1]	INFO	|5:26:27 Output properties file is not available for /home/renzt/rzt/fusion_gene/GFvoter-main/GFvoter_out_test/process_output_file/jaffa_results.fasta: assume NOT cleaned up 
bpipe.Dependencies	[1]	INFO	|5:26:27 Output properties file is not available for /home/renzt/rzt/fusion_gene/GFvoter-main/GFvoter_out_test/process_output_file/jaffa_results.csv: assume NOT cleaned up 
bpipe.Dependencies	[1]	INFO	|5:26:27 Output properties file is not available for /home/renzt/rzt/fusion_gene/GFvoter-main/GFvoter_out_test/process_output_file/jaffa_results.csv: assume NOT cleaned up 
bpipe.Dependencies	[1]	INFO	|5:26:27 Output properties file is not available for /home/renzt/rzt/fusion_gene/GFvoter-main/GFvoter_out_test/process_output_file/jaffa_results.fasta: assume NOT cleaned up 
bpipe.Dependencies	[1]	INFO	|5:26:27 Some files are outdated : [/home/renzt/rzt/fusion_gene/GFvoter-main/GFvoter_out_test/process_output_file/jaffa_results.fasta, /home/renzt/rzt/fusion_gene/GFvoter-main/GFvoter_out_test/process_output_file/jaffa_results.csv, /home/renzt/rzt/fusion_gene/GFvoter-main/GFvoter_out_test/process_output_file/jaffa_results.csv, /home/renzt/rzt/fusion_gene/GFvoter-main/GFvoter_out_test/process_output_file/jaffa_results.fasta] 
bpipe.PipelineContext	[1]	INFO	|5:26:27 Not up to date because input inferred by probe of body newer than outputs 
bpipe.PipelineDelegate	[1]	INFO	|5:26:27 Setting or creating a delegate for context 1356236848 body 170106909/bpipe.PipelineDelegate in thread 1 
bpipe.PipelineDelegate	[1]	INFO	|5:26:27 Existing delegate bpipe.PipelineDelegate@7561db12 has type bpipe.PipelineDelegate in thread 1. Setting new context 1356236848 
bpipe.PipelineContext	[1]	INFO	|5:26:27 Producing from inputs [/home/renzt/rzt/fusion_gene/GFvoter-main/GFvoter_out_test/process_output_file/testdata.fastq/testdata.fastq.3gene_summary, /home/renzt/rzt/fusion_gene/GFvoter-main/GFvoter_out_test/process_output_file/testdata.fastq/testdata.fastq.3gene_reads] 
bpipe.PipelineDelegate	[1]	INFO	|5:26:27 Output 2 reference resolved by PipelineDelegate 
bpipe.PipelineContext	[1]	INFO	|5:26:27 Using previously set output: [jaffa_results.fasta, jaffa_results.csv] 
bpipe.PipelineContext	[1]	INFO	|5:26:27 Query for output 1 base result = jaffa_results.csv 
bpipe.PipelineInput	[1]	INFO	|5:26:27 Searching for missing Property: summary 
bpipe.PipelineInput	[1]	INFO	|5:26:27 Resolving inputs matching pattern ^.*\.summary$ 
bpipe.PipelineInput	[1]	INFO	|5:26:27 Found files with exts [summary$] : [[testdata.fastq/testdata.fastq.summary]] 
bpipe.MultiPipelineInput	[1]	INFO	|5:26:27 My resolved inputs: 1738623078 child resolved inputs 1738623078 
bpipe.PipelineDelegate	[1]	INFO	|5:26:27 Output 1 reference resolved by PipelineDelegate 
bpipe.PipelineContext	[1]	INFO	|5:26:27 Using previously set output: [jaffa_results.fasta, jaffa_results.csv] 
bpipe.PipelineContext	[1]	INFO	|5:26:27 Query for output 0 base result = jaffa_results.fasta 
bpipe.PipelineDelegate	[1]	INFO	|5:26:27 Output 1 reference resolved by PipelineDelegate 
bpipe.PipelineContext	[1]	INFO	|5:26:27 Using previously set output: [jaffa_results.fasta, jaffa_results.csv] 
bpipe.PipelineContext	[1]	INFO	|5:26:27 Query for output 0 base result = jaffa_results.fasta 
bpipe.PipelineDelegate	[1]	INFO	|5:26:27 Output 2 reference resolved by PipelineDelegate 
bpipe.PipelineContext	[1]	INFO	|5:26:27 Using previously set output: [jaffa_results.fasta, jaffa_results.csv] 
bpipe.PipelineContext	[1]	INFO	|5:26:27 Query for output 1 base result = jaffa_results.csv 
bpipe.PipelineDelegate	[1]	INFO	|5:26:27 Output 1 reference resolved by PipelineDelegate 
bpipe.PipelineContext	[1]	INFO	|5:26:27 Using previously set output: [jaffa_results.fasta, jaffa_results.csv] 
bpipe.PipelineContext	[1]	INFO	|5:26:27 Query for output 0 base result = jaffa_results.fasta 
bpipe.PipelineContext	[1]	INFO	|5:26:27 Tracking outputs referenced=[[]] inferred=[[jaffa_results.csv, jaffa_results.fasta]] for command 
            /usr/bin/R --vanilla --args jaffa_results testdata.fastq/testdata.fastq.summary < /home/renzt/rzt/fusion_gene/GFvoter-main/JAFFA-version-2.3/compile_results.R ;
            rm -f jaffa_results.fasta;
            while read line; do /home/renzt/rzt/fusion_gene/GFvoter-main/JAFFA-version-2.3/scripts/get_fusion_seqs.bash $line jaffa_results.fasta ; done < jaffa_results.csv;

            echo "Done writing jaffa_results.fasta";
            echo "All Done." ;
	    echo "*************************************************************************" ;
	    echo " Citation for JAFFA_direct, JAFFA_assembly and JAFFA_hybrid: " ;
	    echo "   Davidson, N.M., Majewski, I.J. & Oshlack, A. ";
	    echo "   JAFFA: High sensitivity transcriptome-focused fusion gene detection." ;
	    echo "   Genome Med 7, 43 (2015)" ;
	    echo "*************************************************************************" ;
	    echo " Citation for JAFFAL: " ;
	    echo "   Davidson, N.M. et al. ";
	    echo "   JAFFAL: detecting fusion genes with long-read transcriptome sequencing" ;
	    echo "   Genome Biol. 23, 10 (2022)" ;
	    echo "*************************************************************************" ;
         
bpipe.Command	[1]	INFO	|5:26:27 Checking for configuration for command compile_all_results 
bpipe.Command	[1]	INFO	|5:26:27 Default command properties: [max_per_command_threads:16, executor:local] 
bpipe.PipelineContext	[1]	INFO	|5:26:27 Checking actual resolved inputs [testdata.fastq/testdata.fastq.summary] 
bpipe.Utils	[1]	INFO	|5:26:27 ===== Check jaffa_results.csv ===== 
bpipe.Utils	[1]	INFO	|5:26:27 file doesn't exist: jaffa_results.csv 
bpipe.Utils	[1]	INFO	|5:26:27 ===== Check jaffa_results.fasta ===== 
bpipe.Utils	[1]	INFO	|5:26:27 file doesn't exist: jaffa_results.fasta 
bpipe.Utils	[1]	INFO	|5:26:27 ===== Check jaffa_results.fasta ===== 
bpipe.Utils	[1]	INFO	|5:26:27 file doesn't exist: jaffa_results.fasta 
bpipe.Utils	[1]	INFO	|5:26:27 ===== Check jaffa_results.csv ===== 
bpipe.Utils	[1]	INFO	|5:26:27 file doesn't exist: jaffa_results.csv 
bpipe.Dependencies	[1]	INFO	|5:26:27 Found these missing / older files: [jaffa_results.csv, jaffa_results.fasta, jaffa_results.fasta, jaffa_results.csv] 
bpipe.Dependencies	[1]	INFO	|5:26:27 Output properties file is not available for /home/renzt/rzt/fusion_gene/GFvoter-main/GFvoter_out_test/process_output_file/jaffa_results.csv: assume NOT cleaned up 
bpipe.Dependencies	[1]	INFO	|5:26:27 Output properties file is not available for /home/renzt/rzt/fusion_gene/GFvoter-main/GFvoter_out_test/process_output_file/jaffa_results.fasta: assume NOT cleaned up 
bpipe.Dependencies	[1]	INFO	|5:26:27 Output properties file is not available for /home/renzt/rzt/fusion_gene/GFvoter-main/GFvoter_out_test/process_output_file/jaffa_results.fasta: assume NOT cleaned up 
bpipe.Dependencies	[1]	INFO	|5:26:27 Output properties file is not available for /home/renzt/rzt/fusion_gene/GFvoter-main/GFvoter_out_test/process_output_file/jaffa_results.csv: assume NOT cleaned up 
bpipe.Dependencies	[1]	INFO	|5:26:27 Some files are outdated : [/home/renzt/rzt/fusion_gene/GFvoter-main/GFvoter_out_test/process_output_file/jaffa_results.csv, /home/renzt/rzt/fusion_gene/GFvoter-main/GFvoter_out_test/process_output_file/jaffa_results.fasta, /home/renzt/rzt/fusion_gene/GFvoter-main/GFvoter_out_test/process_output_file/jaffa_results.fasta, /home/renzt/rzt/fusion_gene/GFvoter-main/GFvoter_out_test/process_output_file/jaffa_results.csv] 
bpipe.CommandManager	[1]	INFO	|5:26:27 Using config [max_per_command_threads:16, executor:local] for command 
bpipe.CommandManager	[1]	INFO	|5:26:27 Created bpipe command id 20 
bpipe.Concurrency	[1]	INFO	|5:26:27 Thread main requesting for 1 concurrency permit(s) type threads with 32 available 
bpipe.Concurrency	[1]	INFO	|5:26:27 There are 0 registered bidders with 0 currently bidding, will distribute resources at 0 
bpipe.Concurrency	[1]	INFO	|5:26:27 Taking over resource allocation because requested/bidders = 1 / 0 
bpipe.Concurrency	[1]	INFO	|5:26:27 First pass allocations are [1] 
bpipe.Concurrency	[1]	INFO	|5:26:27 Thread main allocated 1 threads resources after 0 ms 
bpipe.Concurrency	[1]	INFO	|5:26:27 Thread main acquired resource threads in amount 1 
bpipe.Command	[66]	INFO	|5:26:27 Command 20 changing state from null to RUNNING 
bpipe.executor.ThrottledDelegatingCommandExecutor	[1]	INFO	|5:26:27 Waiting for command to complete before releasing 1 resources 
bpipe.OutputDirectoryWatcher	[39]	INFO	|5:26:27 Path commandlog.txt was updated / created 
bpipe.executor.ThrottledDelegatingCommandExecutor	[1]	INFO	|5:26:27 Releasing 1 resources 
bpipe.Concurrency	[1]	INFO	|5:26:27 Thread main releasing 1 threads 
bpipe.executor.ThrottledDelegatingCommandExecutor	[1]	INFO	|5:26:27 Released 1 resources 
bpipe.PipelineStage	[1]	SEVERE	|5:26:28 Cleaning up outputs due to error 
bpipe.OutputDirectoryWatcher	[39]	INFO	|5:26:28 File .bpipe.tmp--764885955 was created in directory . 
bpipe.OutputDirectoryWatcher	[39]	INFO	|5:26:28 Path .bpipe.tmp--764885955 was updated / created 
bpipe.PipelineStage	[1]	INFO	|5:26:28 Keeping jaffa_results.fasta because determined as pre-existing 
bpipe.PipelineStage	[1]	INFO	|5:26:28 Keeping jaffa_results.csv because determined as pre-existing 
bpipe.PipelineStage	[1]	INFO	|5:26:28 Cleaning up: [] 
bpipe.PipelineStage	[1]	SEVERE	|5:26:28 Cleaning up outputs due to error 
bpipe.Pipeline	[1]	INFO	|5:26:28 Pipeline segment failed (2): Command failed with exit status = 1 : 

/usr/bin/R --vanilla --args jaffa_results testdata.fastq/testdata.fastq.summary < /home/renzt/rzt/fusion_gene/GFvoter-main/JAFFA-version-2.3/compile_results.R ; rm -f jaffa_results.fasta; while read line; do /home/renzt/rzt/fusion_gene/GFvoter-main/JAFFA-version-2.3/scripts/get_fusion_seqs.bash $line jaffa_results.fasta ; done < jaffa_results.csv;              echo "Done writing jaffa_results.fasta";             echo "All Done." ; 	    echo "*************************************************************************" ; 	    echo " Citation for JAFFA_direct, JAFFA_assembly and JAFFA_hybrid: " ; 	    echo "   Davidson, N.M., Majewski, I.J. & Oshlack, A. "; 	    echo "   JAFFA: High sensitivity transcriptome-focused fusion gene detection." ; 	    echo "   Genome Med 7, 43 (2015)" ; 	    echo "*************************************************************************" ; 	    echo " Citation for JAFFAL: " ; 	    echo "   Davidson, N.M. et al. "; 	    echo "   JAFFAL: detecting fusion genes with long-read transcriptome sequencing" ; 	    echo "   Genome Biol. 23, 10 (2022)" ; 	    echo "*************************************************************************" ; 
bpipe.Pipeline	[1]	INFO	|5:26:28 Finished running segment for inputs /home/renzt/rzt/fusion_gene/GFvoter-main/testdata.fastq.gz 
bpipe.Concurrency	[1]	INFO	|5:26:28 Unregister resource requestor bpipe.Pipeline@1ddae9b5 
bpipe.OutputDirectoryWatcher	[39]	INFO	|5:26:28 Path commandlog.txt was updated / created 
bpipe.OutputDirectoryWatcher	[39]	INFO	|5:26:28 Path commandlog.txt was updated / created 
bpipe.Runner	[30]	INFO	|5:26:28 Deleting job file /home/renzt/.bpipedb/jobs/134353 
